[2024-08-02 13:04:29] local.ERROR: Class "App\Models\App" not found {"exception":"[object] (Error(code: 0): Class \"App\\Models\\App\" not found at C:\\Users\\DELL\\Documents\\boilerplateeeee\\microservice\\app\\Models\\Post.php:27)
[stacktrace]
#0 C:\\Users\\DELL\\Documents\\boilerplateeeee\\microservice\\vendor\\laravel\\framework\\src\\Illuminate\\Events\\Dispatcher.php(421): App\\Models\\Post::App\\Models\\{closure}(Object(App\\Models\\Post))
#1 C:\\Users\\DELL\\Documents\\boilerplateeeee\\microservice\\vendor\\laravel\\framework\\src\\Illuminate\\Events\\Dispatcher.php(249): Illuminate\\Events\\Dispatcher->Illuminate\\Events\\{closure}('eloquent.saved:...', Array)
#2 C:\\Users\\DELL\\Documents\\boilerplateeeee\\microservice\\vendor\\laravel\\framework\\src\\Illuminate\\Database\\Eloquent\\Concerns\\HasEvents.php(189): Illuminate\\Events\\Dispatcher->dispatch('eloquent.saved:...', Array)
#3 C:\\Users\\DELL\\Documents\\boilerplateeeee\\microservice\\vendor\\laravel\\framework\\src\\Illuminate\\Database\\Eloquent\\Model.php(1177): Illuminate\\Database\\Eloquent\\Model->fireModelEvent('saved', false)
#4 C:\\Users\\DELL\\Documents\\boilerplateeeee\\microservice\\vendor\\laravel\\framework\\src\\Illuminate\\Database\\Eloquent\\Model.php(1150): Illuminate\\Database\\Eloquent\\Model->finishSave(Array)
#5 C:\\Users\\DELL\\Documents\\boilerplateeeee\\microservice\\vendor\\laravel\\framework\\src\\Illuminate\\Database\\Eloquent\\Builder.php(986): Illuminate\\Database\\Eloquent\\Model->save()
#6 C:\\Users\\DELL\\Documents\\boilerplateeeee\\microservice\\vendor\\laravel\\framework\\src\\Illuminate\\Support\\helpers.php(306): Illuminate\\Database\\Eloquent\\Builder->Illuminate\\Database\\Eloquent\\{closure}(Object(App\\Models\\Post))
#7 C:\\Users\\DELL\\Documents\\boilerplateeeee\\microservice\\vendor\\laravel\\framework\\src\\Illuminate\\Database\\Eloquent\\Builder.php(987): tap(Object(App\\Models\\Post), Object(Closure))
#8 C:\\Users\\DELL\\Documents\\boilerplateeeee\\microservice\\vendor\\laravel\\framework\\src\\Illuminate\\Support\\Traits\\ForwardsCalls.php(23): Illuminate\\Database\\Eloquent\\Builder->create(Array)
#9 C:\\Users\\DELL\\Documents\\boilerplateeeee\\microservice\\vendor\\laravel\\framework\\src\\Illuminate\\Database\\Eloquent\\Model.php(2330): Illuminate\\Database\\Eloquent\\Model->forwardCallTo(Object(Illuminate\\Database\\Eloquent\\Builder), 'create', Array)
#10 C:\\Users\\DELL\\Documents\\boilerplateeeee\\microservice\\vendor\\laravel\\framework\\src\\Illuminate\\Database\\Eloquent\\Model.php(2342): Illuminate\\Database\\Eloquent\\Model->__call('create', Array)
#11 C:\\Users\\DELL\\Documents\\boilerplateeeee\\microservice\\app\\Http\\Controllers\\API\\V1\\PostController.php(239): Illuminate\\Database\\Eloquent\\Model::__callStatic('create', Array)
#12 C:\\Users\\DELL\\Documents\\boilerplateeeee\\microservice\\vendor\\laravel\\framework\\src\\Illuminate\\Container\\BoundMethod.php(36): App\\Http\\Controllers\\API\\V1\\PostController->store(Object(Laravel\\Lumen\\Http\\Request))
#13 C:\\Users\\DELL\\Documents\\boilerplateeeee\\microservice\\vendor\\laravel\\framework\\src\\Illuminate\\Container\\Util.php(41): Illuminate\\Container\\BoundMethod::Illuminate\\Container\\{closure}()
#14 C:\\Users\\DELL\\Documents\\boilerplateeeee\\microservice\\vendor\\laravel\\framework\\src\\Illuminate\\Container\\BoundMethod.php(93): Illuminate\\Container\\Util::unwrapIfClosure(Object(Closure))
#15 C:\\Users\\DELL\\Documents\\boilerplateeeee\\microservice\\vendor\\laravel\\framework\\src\\Illuminate\\Container\\BoundMethod.php(37): Illuminate\\Container\\BoundMethod::callBoundMethod(Object(Laravel\\Lumen\\Application), Array, Object(Closure))
#16 C:\\Users\\DELL\\Documents\\boilerplateeeee\\microservice\\vendor\\laravel\\framework\\src\\Illuminate\\Container\\Container.php(661): Illuminate\\Container\\BoundMethod::call(Object(Laravel\\Lumen\\Application), Array, Array, NULL)
#17 C:\\Users\\DELL\\Documents\\boilerplateeeee\\microservice\\vendor\\laravel\\lumen-framework\\src\\Concerns\\RoutesRequests.php(391): Illuminate\\Container\\Container->call(Array, Array)
#18 C:\\Users\\DELL\\Documents\\boilerplateeeee\\microservice\\vendor\\laravel\\lumen-framework\\src\\Concerns\\RoutesRequests.php(357): Laravel\\Lumen\\Application->callControllerCallable(Array, Array)
#19 C:\\Users\\DELL\\Documents\\boilerplateeeee\\microservice\\vendor\\laravel\\lumen-framework\\src\\Concerns\\RoutesRequests.php(331): Laravel\\Lumen\\Application->callLumenController(Object(App\\Http\\Controllers\\API\\V1\\PostController), 'store', Array)
#20 C:\\Users\\DELL\\Documents\\boilerplateeeee\\microservice\\vendor\\laravel\\lumen-framework\\src\\Concerns\\RoutesRequests.php(284): Laravel\\Lumen\\Application->callControllerAction(Array)
#21 C:\\Users\\DELL\\Documents\\boilerplateeeee\\microservice\\vendor\\laravel\\lumen-framework\\src\\Concerns\\RoutesRequests.php(269): Laravel\\Lumen\\Application->callActionOnArrayBasedRoute(Array)
#22 C:\\Users\\DELL\\Documents\\boilerplateeeee\\microservice\\vendor\\laravel\\lumen-framework\\src\\Concerns\\RoutesRequests.php(171): Laravel\\Lumen\\Application->handleFoundRoute(Array)
#23 C:\\Users\\DELL\\Documents\\boilerplateeeee\\microservice\\vendor\\laravel\\lumen-framework\\src\\Concerns\\RoutesRequests.php(431): Laravel\\Lumen\\Application->Laravel\\Lumen\\Concerns\\{closure}(Object(Laravel\\Lumen\\Http\\Request))
#24 C:\\Users\\DELL\\Documents\\boilerplateeeee\\microservice\\vendor\\laravel\\lumen-framework\\src\\Concerns\\RoutesRequests.php(177): Laravel\\Lumen\\Application->sendThroughPipeline(Array, Object(Closure))
#25 C:\\Users\\DELL\\Documents\\boilerplateeeee\\microservice\\vendor\\laravel\\lumen-framework\\src\\Concerns\\RoutesRequests.php(112): Laravel\\Lumen\\Application->dispatch(NULL)
#26 C:\\Users\\DELL\\Documents\\boilerplateeeee\\microservice\\public\\index.php(28): Laravel\\Lumen\\Application->run()
#27 {main}
"} 
[2024-08-02 13:04:59] local.ERROR: Class "App\Models\App" not found {"exception":"[object] (Error(code: 0): Class \"App\\Models\\App\" not found at C:\\Users\\DELL\\Documents\\boilerplateeeee\\microservice\\app\\Models\\Post.php:27)
[stacktrace]
#0 C:\\Users\\DELL\\Documents\\boilerplateeeee\\microservice\\vendor\\laravel\\framework\\src\\Illuminate\\Events\\Dispatcher.php(421): App\\Models\\Post::App\\Models\\{closure}(Object(App\\Models\\Post))
#1 C:\\Users\\DELL\\Documents\\boilerplateeeee\\microservice\\vendor\\laravel\\framework\\src\\Illuminate\\Events\\Dispatcher.php(249): Illuminate\\Events\\Dispatcher->Illuminate\\Events\\{closure}('eloquent.saved:...', Array)
#2 C:\\Users\\DELL\\Documents\\boilerplateeeee\\microservice\\vendor\\laravel\\framework\\src\\Illuminate\\Database\\Eloquent\\Concerns\\HasEvents.php(189): Illuminate\\Events\\Dispatcher->dispatch('eloquent.saved:...', Array)
#3 C:\\Users\\DELL\\Documents\\boilerplateeeee\\microservice\\vendor\\laravel\\framework\\src\\Illuminate\\Database\\Eloquent\\Model.php(1177): Illuminate\\Database\\Eloquent\\Model->fireModelEvent('saved', false)
#4 C:\\Users\\DELL\\Documents\\boilerplateeeee\\microservice\\vendor\\laravel\\framework\\src\\Illuminate\\Database\\Eloquent\\Model.php(1150): Illuminate\\Database\\Eloquent\\Model->finishSave(Array)
#5 C:\\Users\\DELL\\Documents\\boilerplateeeee\\microservice\\vendor\\laravel\\framework\\src\\Illuminate\\Database\\Eloquent\\Builder.php(986): Illuminate\\Database\\Eloquent\\Model->save()
#6 C:\\Users\\DELL\\Documents\\boilerplateeeee\\microservice\\vendor\\laravel\\framework\\src\\Illuminate\\Support\\helpers.php(306): Illuminate\\Database\\Eloquent\\Builder->Illuminate\\Database\\Eloquent\\{closure}(Object(App\\Models\\Post))
#7 C:\\Users\\DELL\\Documents\\boilerplateeeee\\microservice\\vendor\\laravel\\framework\\src\\Illuminate\\Database\\Eloquent\\Builder.php(987): tap(Object(App\\Models\\Post), Object(Closure))
#8 C:\\Users\\DELL\\Documents\\boilerplateeeee\\microservice\\vendor\\laravel\\framework\\src\\Illuminate\\Support\\Traits\\ForwardsCalls.php(23): Illuminate\\Database\\Eloquent\\Builder->create(Array)
#9 C:\\Users\\DELL\\Documents\\boilerplateeeee\\microservice\\vendor\\laravel\\framework\\src\\Illuminate\\Database\\Eloquent\\Model.php(2330): Illuminate\\Database\\Eloquent\\Model->forwardCallTo(Object(Illuminate\\Database\\Eloquent\\Builder), 'create', Array)
#10 C:\\Users\\DELL\\Documents\\boilerplateeeee\\microservice\\vendor\\laravel\\framework\\src\\Illuminate\\Database\\Eloquent\\Model.php(2342): Illuminate\\Database\\Eloquent\\Model->__call('create', Array)
#11 C:\\Users\\DELL\\Documents\\boilerplateeeee\\microservice\\app\\Http\\Controllers\\API\\V1\\PostController.php(239): Illuminate\\Database\\Eloquent\\Model::__callStatic('create', Array)
#12 C:\\Users\\DELL\\Documents\\boilerplateeeee\\microservice\\vendor\\laravel\\framework\\src\\Illuminate\\Container\\BoundMethod.php(36): App\\Http\\Controllers\\API\\V1\\PostController->store(Object(Laravel\\Lumen\\Http\\Request))
#13 C:\\Users\\DELL\\Documents\\boilerplateeeee\\microservice\\vendor\\laravel\\framework\\src\\Illuminate\\Container\\Util.php(41): Illuminate\\Container\\BoundMethod::Illuminate\\Container\\{closure}()
#14 C:\\Users\\DELL\\Documents\\boilerplateeeee\\microservice\\vendor\\laravel\\framework\\src\\Illuminate\\Container\\BoundMethod.php(93): Illuminate\\Container\\Util::unwrapIfClosure(Object(Closure))
#15 C:\\Users\\DELL\\Documents\\boilerplateeeee\\microservice\\vendor\\laravel\\framework\\src\\Illuminate\\Container\\BoundMethod.php(37): Illuminate\\Container\\BoundMethod::callBoundMethod(Object(Laravel\\Lumen\\Application), Array, Object(Closure))
#16 C:\\Users\\DELL\\Documents\\boilerplateeeee\\microservice\\vendor\\laravel\\framework\\src\\Illuminate\\Container\\Container.php(661): Illuminate\\Container\\BoundMethod::call(Object(Laravel\\Lumen\\Application), Array, Array, NULL)
#17 C:\\Users\\DELL\\Documents\\boilerplateeeee\\microservice\\vendor\\laravel\\lumen-framework\\src\\Concerns\\RoutesRequests.php(391): Illuminate\\Container\\Container->call(Array, Array)
#18 C:\\Users\\DELL\\Documents\\boilerplateeeee\\microservice\\vendor\\laravel\\lumen-framework\\src\\Concerns\\RoutesRequests.php(357): Laravel\\Lumen\\Application->callControllerCallable(Array, Array)
#19 C:\\Users\\DELL\\Documents\\boilerplateeeee\\microservice\\vendor\\laravel\\lumen-framework\\src\\Concerns\\RoutesRequests.php(331): Laravel\\Lumen\\Application->callLumenController(Object(App\\Http\\Controllers\\API\\V1\\PostController), 'store', Array)
#20 C:\\Users\\DELL\\Documents\\boilerplateeeee\\microservice\\vendor\\laravel\\lumen-framework\\src\\Concerns\\RoutesRequests.php(284): Laravel\\Lumen\\Application->callControllerAction(Array)
#21 C:\\Users\\DELL\\Documents\\boilerplateeeee\\microservice\\vendor\\laravel\\lumen-framework\\src\\Concerns\\RoutesRequests.php(269): Laravel\\Lumen\\Application->callActionOnArrayBasedRoute(Array)
#22 C:\\Users\\DELL\\Documents\\boilerplateeeee\\microservice\\vendor\\laravel\\lumen-framework\\src\\Concerns\\RoutesRequests.php(171): Laravel\\Lumen\\Application->handleFoundRoute(Array)
#23 C:\\Users\\DELL\\Documents\\boilerplateeeee\\microservice\\vendor\\laravel\\lumen-framework\\src\\Concerns\\RoutesRequests.php(431): Laravel\\Lumen\\Application->Laravel\\Lumen\\Concerns\\{closure}(Object(Laravel\\Lumen\\Http\\Request))
#24 C:\\Users\\DELL\\Documents\\boilerplateeeee\\microservice\\vendor\\laravel\\lumen-framework\\src\\Concerns\\RoutesRequests.php(177): Laravel\\Lumen\\Application->sendThroughPipeline(Array, Object(Closure))
#25 C:\\Users\\DELL\\Documents\\boilerplateeeee\\microservice\\vendor\\laravel\\lumen-framework\\src\\Concerns\\RoutesRequests.php(112): Laravel\\Lumen\\Application->dispatch(NULL)
#26 C:\\Users\\DELL\\Documents\\boilerplateeeee\\microservice\\public\\index.php(28): Laravel\\Lumen\\Application->run()
#27 {main}
"} 
[2024-08-02 13:05:15] local.ERROR: Class "App\Models\App" not found {"exception":"[object] (Error(code: 0): Class \"App\\Models\\App\" not found at C:\\Users\\DELL\\Documents\\boilerplateeeee\\microservice\\app\\Models\\Post.php:27)
[stacktrace]
#0 C:\\Users\\DELL\\Documents\\boilerplateeeee\\microservice\\vendor\\laravel\\framework\\src\\Illuminate\\Events\\Dispatcher.php(421): App\\Models\\Post::App\\Models\\{closure}(Object(App\\Models\\Post))
#1 C:\\Users\\DELL\\Documents\\boilerplateeeee\\microservice\\vendor\\laravel\\framework\\src\\Illuminate\\Events\\Dispatcher.php(249): Illuminate\\Events\\Dispatcher->Illuminate\\Events\\{closure}('eloquent.saved:...', Array)
#2 C:\\Users\\DELL\\Documents\\boilerplateeeee\\microservice\\vendor\\laravel\\framework\\src\\Illuminate\\Database\\Eloquent\\Concerns\\HasEvents.php(189): Illuminate\\Events\\Dispatcher->dispatch('eloquent.saved:...', Array)
#3 C:\\Users\\DELL\\Documents\\boilerplateeeee\\microservice\\vendor\\laravel\\framework\\src\\Illuminate\\Database\\Eloquent\\Model.php(1177): Illuminate\\Database\\Eloquent\\Model->fireModelEvent('saved', false)
#4 C:\\Users\\DELL\\Documents\\boilerplateeeee\\microservice\\vendor\\laravel\\framework\\src\\Illuminate\\Database\\Eloquent\\Model.php(1150): Illuminate\\Database\\Eloquent\\Model->finishSave(Array)
#5 C:\\Users\\DELL\\Documents\\boilerplateeeee\\microservice\\vendor\\laravel\\framework\\src\\Illuminate\\Database\\Eloquent\\Builder.php(986): Illuminate\\Database\\Eloquent\\Model->save()
#6 C:\\Users\\DELL\\Documents\\boilerplateeeee\\microservice\\vendor\\laravel\\framework\\src\\Illuminate\\Support\\helpers.php(306): Illuminate\\Database\\Eloquent\\Builder->Illuminate\\Database\\Eloquent\\{closure}(Object(App\\Models\\Post))
#7 C:\\Users\\DELL\\Documents\\boilerplateeeee\\microservice\\vendor\\laravel\\framework\\src\\Illuminate\\Database\\Eloquent\\Builder.php(987): tap(Object(App\\Models\\Post), Object(Closure))
#8 C:\\Users\\DELL\\Documents\\boilerplateeeee\\microservice\\vendor\\laravel\\framework\\src\\Illuminate\\Support\\Traits\\ForwardsCalls.php(23): Illuminate\\Database\\Eloquent\\Builder->create(Array)
#9 C:\\Users\\DELL\\Documents\\boilerplateeeee\\microservice\\vendor\\laravel\\framework\\src\\Illuminate\\Database\\Eloquent\\Model.php(2330): Illuminate\\Database\\Eloquent\\Model->forwardCallTo(Object(Illuminate\\Database\\Eloquent\\Builder), 'create', Array)
#10 C:\\Users\\DELL\\Documents\\boilerplateeeee\\microservice\\vendor\\laravel\\framework\\src\\Illuminate\\Database\\Eloquent\\Model.php(2342): Illuminate\\Database\\Eloquent\\Model->__call('create', Array)
#11 C:\\Users\\DELL\\Documents\\boilerplateeeee\\microservice\\app\\Http\\Controllers\\API\\V1\\PostController.php(239): Illuminate\\Database\\Eloquent\\Model::__callStatic('create', Array)
#12 C:\\Users\\DELL\\Documents\\boilerplateeeee\\microservice\\vendor\\laravel\\framework\\src\\Illuminate\\Container\\BoundMethod.php(36): App\\Http\\Controllers\\API\\V1\\PostController->store(Object(Laravel\\Lumen\\Http\\Request))
#13 C:\\Users\\DELL\\Documents\\boilerplateeeee\\microservice\\vendor\\laravel\\framework\\src\\Illuminate\\Container\\Util.php(41): Illuminate\\Container\\BoundMethod::Illuminate\\Container\\{closure}()
#14 C:\\Users\\DELL\\Documents\\boilerplateeeee\\microservice\\vendor\\laravel\\framework\\src\\Illuminate\\Container\\BoundMethod.php(93): Illuminate\\Container\\Util::unwrapIfClosure(Object(Closure))
#15 C:\\Users\\DELL\\Documents\\boilerplateeeee\\microservice\\vendor\\laravel\\framework\\src\\Illuminate\\Container\\BoundMethod.php(37): Illuminate\\Container\\BoundMethod::callBoundMethod(Object(Laravel\\Lumen\\Application), Array, Object(Closure))
#16 C:\\Users\\DELL\\Documents\\boilerplateeeee\\microservice\\vendor\\laravel\\framework\\src\\Illuminate\\Container\\Container.php(661): Illuminate\\Container\\BoundMethod::call(Object(Laravel\\Lumen\\Application), Array, Array, NULL)
#17 C:\\Users\\DELL\\Documents\\boilerplateeeee\\microservice\\vendor\\laravel\\lumen-framework\\src\\Concerns\\RoutesRequests.php(391): Illuminate\\Container\\Container->call(Array, Array)
#18 C:\\Users\\DELL\\Documents\\boilerplateeeee\\microservice\\vendor\\laravel\\lumen-framework\\src\\Concerns\\RoutesRequests.php(357): Laravel\\Lumen\\Application->callControllerCallable(Array, Array)
#19 C:\\Users\\DELL\\Documents\\boilerplateeeee\\microservice\\vendor\\laravel\\lumen-framework\\src\\Concerns\\RoutesRequests.php(331): Laravel\\Lumen\\Application->callLumenController(Object(App\\Http\\Controllers\\API\\V1\\PostController), 'store', Array)
#20 C:\\Users\\DELL\\Documents\\boilerplateeeee\\microservice\\vendor\\laravel\\lumen-framework\\src\\Concerns\\RoutesRequests.php(284): Laravel\\Lumen\\Application->callControllerAction(Array)
#21 C:\\Users\\DELL\\Documents\\boilerplateeeee\\microservice\\vendor\\laravel\\lumen-framework\\src\\Concerns\\RoutesRequests.php(269): Laravel\\Lumen\\Application->callActionOnArrayBasedRoute(Array)
#22 C:\\Users\\DELL\\Documents\\boilerplateeeee\\microservice\\vendor\\laravel\\lumen-framework\\src\\Concerns\\RoutesRequests.php(171): Laravel\\Lumen\\Application->handleFoundRoute(Array)
#23 C:\\Users\\DELL\\Documents\\boilerplateeeee\\microservice\\vendor\\laravel\\lumen-framework\\src\\Concerns\\RoutesRequests.php(431): Laravel\\Lumen\\Application->Laravel\\Lumen\\Concerns\\{closure}(Object(Laravel\\Lumen\\Http\\Request))
#24 C:\\Users\\DELL\\Documents\\boilerplateeeee\\microservice\\vendor\\laravel\\lumen-framework\\src\\Concerns\\RoutesRequests.php(177): Laravel\\Lumen\\Application->sendThroughPipeline(Array, Object(Closure))
#25 C:\\Users\\DELL\\Documents\\boilerplateeeee\\microservice\\vendor\\laravel\\lumen-framework\\src\\Concerns\\RoutesRequests.php(112): Laravel\\Lumen\\Application->dispatch(NULL)
#26 C:\\Users\\DELL\\Documents\\boilerplateeeee\\microservice\\public\\index.php(28): Laravel\\Lumen\\Application->run()
#27 {main}
"} 
[2024-08-02 13:06:01] local.ERROR: Class "App\Models\App" not found {"exception":"[object] (Error(code: 0): Class \"App\\Models\\App\" not found at C:\\Users\\DELL\\Documents\\boilerplateeeee\\microservice\\app\\Models\\Post.php:27)
[stacktrace]
#0 C:\\Users\\DELL\\Documents\\boilerplateeeee\\microservice\\vendor\\laravel\\framework\\src\\Illuminate\\Events\\Dispatcher.php(421): App\\Models\\Post::App\\Models\\{closure}(Object(App\\Models\\Post))
#1 C:\\Users\\DELL\\Documents\\boilerplateeeee\\microservice\\vendor\\laravel\\framework\\src\\Illuminate\\Events\\Dispatcher.php(249): Illuminate\\Events\\Dispatcher->Illuminate\\Events\\{closure}('eloquent.saved:...', Array)
#2 C:\\Users\\DELL\\Documents\\boilerplateeeee\\microservice\\vendor\\laravel\\framework\\src\\Illuminate\\Database\\Eloquent\\Concerns\\HasEvents.php(189): Illuminate\\Events\\Dispatcher->dispatch('eloquent.saved:...', Array)
#3 C:\\Users\\DELL\\Documents\\boilerplateeeee\\microservice\\vendor\\laravel\\framework\\src\\Illuminate\\Database\\Eloquent\\Model.php(1177): Illuminate\\Database\\Eloquent\\Model->fireModelEvent('saved', false)
#4 C:\\Users\\DELL\\Documents\\boilerplateeeee\\microservice\\vendor\\laravel\\framework\\src\\Illuminate\\Database\\Eloquent\\Model.php(1150): Illuminate\\Database\\Eloquent\\Model->finishSave(Array)
#5 C:\\Users\\DELL\\Documents\\boilerplateeeee\\microservice\\vendor\\laravel\\framework\\src\\Illuminate\\Database\\Eloquent\\Builder.php(986): Illuminate\\Database\\Eloquent\\Model->save()
#6 C:\\Users\\DELL\\Documents\\boilerplateeeee\\microservice\\vendor\\laravel\\framework\\src\\Illuminate\\Support\\helpers.php(306): Illuminate\\Database\\Eloquent\\Builder->Illuminate\\Database\\Eloquent\\{closure}(Object(App\\Models\\Post))
#7 C:\\Users\\DELL\\Documents\\boilerplateeeee\\microservice\\vendor\\laravel\\framework\\src\\Illuminate\\Database\\Eloquent\\Builder.php(987): tap(Object(App\\Models\\Post), Object(Closure))
#8 C:\\Users\\DELL\\Documents\\boilerplateeeee\\microservice\\vendor\\laravel\\framework\\src\\Illuminate\\Support\\Traits\\ForwardsCalls.php(23): Illuminate\\Database\\Eloquent\\Builder->create(Array)
#9 C:\\Users\\DELL\\Documents\\boilerplateeeee\\microservice\\vendor\\laravel\\framework\\src\\Illuminate\\Database\\Eloquent\\Model.php(2330): Illuminate\\Database\\Eloquent\\Model->forwardCallTo(Object(Illuminate\\Database\\Eloquent\\Builder), 'create', Array)
#10 C:\\Users\\DELL\\Documents\\boilerplateeeee\\microservice\\vendor\\laravel\\framework\\src\\Illuminate\\Database\\Eloquent\\Model.php(2342): Illuminate\\Database\\Eloquent\\Model->__call('create', Array)
#11 C:\\Users\\DELL\\Documents\\boilerplateeeee\\microservice\\app\\Http\\Controllers\\API\\V1\\PostController.php(239): Illuminate\\Database\\Eloquent\\Model::__callStatic('create', Array)
#12 C:\\Users\\DELL\\Documents\\boilerplateeeee\\microservice\\vendor\\laravel\\framework\\src\\Illuminate\\Container\\BoundMethod.php(36): App\\Http\\Controllers\\API\\V1\\PostController->store(Object(Laravel\\Lumen\\Http\\Request))
#13 C:\\Users\\DELL\\Documents\\boilerplateeeee\\microservice\\vendor\\laravel\\framework\\src\\Illuminate\\Container\\Util.php(41): Illuminate\\Container\\BoundMethod::Illuminate\\Container\\{closure}()
#14 C:\\Users\\DELL\\Documents\\boilerplateeeee\\microservice\\vendor\\laravel\\framework\\src\\Illuminate\\Container\\BoundMethod.php(93): Illuminate\\Container\\Util::unwrapIfClosure(Object(Closure))
#15 C:\\Users\\DELL\\Documents\\boilerplateeeee\\microservice\\vendor\\laravel\\framework\\src\\Illuminate\\Container\\BoundMethod.php(37): Illuminate\\Container\\BoundMethod::callBoundMethod(Object(Laravel\\Lumen\\Application), Array, Object(Closure))
#16 C:\\Users\\DELL\\Documents\\boilerplateeeee\\microservice\\vendor\\laravel\\framework\\src\\Illuminate\\Container\\Container.php(661): Illuminate\\Container\\BoundMethod::call(Object(Laravel\\Lumen\\Application), Array, Array, NULL)
#17 C:\\Users\\DELL\\Documents\\boilerplateeeee\\microservice\\vendor\\laravel\\lumen-framework\\src\\Concerns\\RoutesRequests.php(391): Illuminate\\Container\\Container->call(Array, Array)
#18 C:\\Users\\DELL\\Documents\\boilerplateeeee\\microservice\\vendor\\laravel\\lumen-framework\\src\\Concerns\\RoutesRequests.php(357): Laravel\\Lumen\\Application->callControllerCallable(Array, Array)
#19 C:\\Users\\DELL\\Documents\\boilerplateeeee\\microservice\\vendor\\laravel\\lumen-framework\\src\\Concerns\\RoutesRequests.php(331): Laravel\\Lumen\\Application->callLumenController(Object(App\\Http\\Controllers\\API\\V1\\PostController), 'store', Array)
#20 C:\\Users\\DELL\\Documents\\boilerplateeeee\\microservice\\vendor\\laravel\\lumen-framework\\src\\Concerns\\RoutesRequests.php(284): Laravel\\Lumen\\Application->callControllerAction(Array)
#21 C:\\Users\\DELL\\Documents\\boilerplateeeee\\microservice\\vendor\\laravel\\lumen-framework\\src\\Concerns\\RoutesRequests.php(269): Laravel\\Lumen\\Application->callActionOnArrayBasedRoute(Array)
#22 C:\\Users\\DELL\\Documents\\boilerplateeeee\\microservice\\vendor\\laravel\\lumen-framework\\src\\Concerns\\RoutesRequests.php(171): Laravel\\Lumen\\Application->handleFoundRoute(Array)
#23 C:\\Users\\DELL\\Documents\\boilerplateeeee\\microservice\\vendor\\laravel\\lumen-framework\\src\\Concerns\\RoutesRequests.php(431): Laravel\\Lumen\\Application->Laravel\\Lumen\\Concerns\\{closure}(Object(Laravel\\Lumen\\Http\\Request))
#24 C:\\Users\\DELL\\Documents\\boilerplateeeee\\microservice\\vendor\\laravel\\lumen-framework\\src\\Concerns\\RoutesRequests.php(177): Laravel\\Lumen\\Application->sendThroughPipeline(Array, Object(Closure))
#25 C:\\Users\\DELL\\Documents\\boilerplateeeee\\microservice\\vendor\\laravel\\lumen-framework\\src\\Concerns\\RoutesRequests.php(112): Laravel\\Lumen\\Application->dispatch(NULL)
#26 C:\\Users\\DELL\\Documents\\boilerplateeeee\\microservice\\public\\index.php(28): Laravel\\Lumen\\Application->run()
#27 {main}
"} 
[2024-08-02 13:06:31] local.ERROR: Class "App\Models\App" not found {"exception":"[object] (Error(code: 0): Class \"App\\Models\\App\" not found at C:\\Users\\DELL\\Documents\\boilerplateeeee\\microservice\\app\\Models\\Post.php:27)
[stacktrace]
#0 C:\\Users\\DELL\\Documents\\boilerplateeeee\\microservice\\vendor\\laravel\\framework\\src\\Illuminate\\Events\\Dispatcher.php(421): App\\Models\\Post::App\\Models\\{closure}(Object(App\\Models\\Post))
#1 C:\\Users\\DELL\\Documents\\boilerplateeeee\\microservice\\vendor\\laravel\\framework\\src\\Illuminate\\Events\\Dispatcher.php(249): Illuminate\\Events\\Dispatcher->Illuminate\\Events\\{closure}('eloquent.saved:...', Array)
#2 C:\\Users\\DELL\\Documents\\boilerplateeeee\\microservice\\vendor\\laravel\\framework\\src\\Illuminate\\Database\\Eloquent\\Concerns\\HasEvents.php(189): Illuminate\\Events\\Dispatcher->dispatch('eloquent.saved:...', Array)
#3 C:\\Users\\DELL\\Documents\\boilerplateeeee\\microservice\\vendor\\laravel\\framework\\src\\Illuminate\\Database\\Eloquent\\Model.php(1177): Illuminate\\Database\\Eloquent\\Model->fireModelEvent('saved', false)
#4 C:\\Users\\DELL\\Documents\\boilerplateeeee\\microservice\\vendor\\laravel\\framework\\src\\Illuminate\\Database\\Eloquent\\Model.php(1150): Illuminate\\Database\\Eloquent\\Model->finishSave(Array)
#5 C:\\Users\\DELL\\Documents\\boilerplateeeee\\microservice\\vendor\\laravel\\framework\\src\\Illuminate\\Database\\Eloquent\\Builder.php(986): Illuminate\\Database\\Eloquent\\Model->save()
#6 C:\\Users\\DELL\\Documents\\boilerplateeeee\\microservice\\vendor\\laravel\\framework\\src\\Illuminate\\Support\\helpers.php(306): Illuminate\\Database\\Eloquent\\Builder->Illuminate\\Database\\Eloquent\\{closure}(Object(App\\Models\\Post))
#7 C:\\Users\\DELL\\Documents\\boilerplateeeee\\microservice\\vendor\\laravel\\framework\\src\\Illuminate\\Database\\Eloquent\\Builder.php(987): tap(Object(App\\Models\\Post), Object(Closure))
#8 C:\\Users\\DELL\\Documents\\boilerplateeeee\\microservice\\vendor\\laravel\\framework\\src\\Illuminate\\Support\\Traits\\ForwardsCalls.php(23): Illuminate\\Database\\Eloquent\\Builder->create(Array)
#9 C:\\Users\\DELL\\Documents\\boilerplateeeee\\microservice\\vendor\\laravel\\framework\\src\\Illuminate\\Database\\Eloquent\\Model.php(2330): Illuminate\\Database\\Eloquent\\Model->forwardCallTo(Object(Illuminate\\Database\\Eloquent\\Builder), 'create', Array)
#10 C:\\Users\\DELL\\Documents\\boilerplateeeee\\microservice\\vendor\\laravel\\framework\\src\\Illuminate\\Database\\Eloquent\\Model.php(2342): Illuminate\\Database\\Eloquent\\Model->__call('create', Array)
#11 C:\\Users\\DELL\\Documents\\boilerplateeeee\\microservice\\app\\Http\\Controllers\\API\\V1\\PostController.php(239): Illuminate\\Database\\Eloquent\\Model::__callStatic('create', Array)
#12 C:\\Users\\DELL\\Documents\\boilerplateeeee\\microservice\\vendor\\laravel\\framework\\src\\Illuminate\\Container\\BoundMethod.php(36): App\\Http\\Controllers\\API\\V1\\PostController->store(Object(Laravel\\Lumen\\Http\\Request))
#13 C:\\Users\\DELL\\Documents\\boilerplateeeee\\microservice\\vendor\\laravel\\framework\\src\\Illuminate\\Container\\Util.php(41): Illuminate\\Container\\BoundMethod::Illuminate\\Container\\{closure}()
#14 C:\\Users\\DELL\\Documents\\boilerplateeeee\\microservice\\vendor\\laravel\\framework\\src\\Illuminate\\Container\\BoundMethod.php(93): Illuminate\\Container\\Util::unwrapIfClosure(Object(Closure))
#15 C:\\Users\\DELL\\Documents\\boilerplateeeee\\microservice\\vendor\\laravel\\framework\\src\\Illuminate\\Container\\BoundMethod.php(37): Illuminate\\Container\\BoundMethod::callBoundMethod(Object(Laravel\\Lumen\\Application), Array, Object(Closure))
#16 C:\\Users\\DELL\\Documents\\boilerplateeeee\\microservice\\vendor\\laravel\\framework\\src\\Illuminate\\Container\\Container.php(661): Illuminate\\Container\\BoundMethod::call(Object(Laravel\\Lumen\\Application), Array, Array, NULL)
#17 C:\\Users\\DELL\\Documents\\boilerplateeeee\\microservice\\vendor\\laravel\\lumen-framework\\src\\Concerns\\RoutesRequests.php(391): Illuminate\\Container\\Container->call(Array, Array)
#18 C:\\Users\\DELL\\Documents\\boilerplateeeee\\microservice\\vendor\\laravel\\lumen-framework\\src\\Concerns\\RoutesRequests.php(357): Laravel\\Lumen\\Application->callControllerCallable(Array, Array)
#19 C:\\Users\\DELL\\Documents\\boilerplateeeee\\microservice\\vendor\\laravel\\lumen-framework\\src\\Concerns\\RoutesRequests.php(331): Laravel\\Lumen\\Application->callLumenController(Object(App\\Http\\Controllers\\API\\V1\\PostController), 'store', Array)
#20 C:\\Users\\DELL\\Documents\\boilerplateeeee\\microservice\\vendor\\laravel\\lumen-framework\\src\\Concerns\\RoutesRequests.php(284): Laravel\\Lumen\\Application->callControllerAction(Array)
#21 C:\\Users\\DELL\\Documents\\boilerplateeeee\\microservice\\vendor\\laravel\\lumen-framework\\src\\Concerns\\RoutesRequests.php(269): Laravel\\Lumen\\Application->callActionOnArrayBasedRoute(Array)
#22 C:\\Users\\DELL\\Documents\\boilerplateeeee\\microservice\\vendor\\laravel\\lumen-framework\\src\\Concerns\\RoutesRequests.php(171): Laravel\\Lumen\\Application->handleFoundRoute(Array)
#23 C:\\Users\\DELL\\Documents\\boilerplateeeee\\microservice\\vendor\\laravel\\lumen-framework\\src\\Concerns\\RoutesRequests.php(431): Laravel\\Lumen\\Application->Laravel\\Lumen\\Concerns\\{closure}(Object(Laravel\\Lumen\\Http\\Request))
#24 C:\\Users\\DELL\\Documents\\boilerplateeeee\\microservice\\vendor\\laravel\\lumen-framework\\src\\Concerns\\RoutesRequests.php(177): Laravel\\Lumen\\Application->sendThroughPipeline(Array, Object(Closure))
#25 C:\\Users\\DELL\\Documents\\boilerplateeeee\\microservice\\vendor\\laravel\\lumen-framework\\src\\Concerns\\RoutesRequests.php(112): Laravel\\Lumen\\Application->dispatch(NULL)
#26 C:\\Users\\DELL\\Documents\\boilerplateeeee\\microservice\\public\\index.php(28): Laravel\\Lumen\\Application->run()
#27 {main}
"} 
[2024-08-02 13:09:08] local.INFO: from cash  
[2024-08-02 13:09:38] local.ERROR: Class "App\Models\App" not found {"exception":"[object] (Error(code: 0): Class \"App\\Models\\App\" not found at C:\\Users\\DELL\\Documents\\boilerplateeeee\\microservice\\app\\Models\\Post.php:27)
[stacktrace]
#0 C:\\Users\\DELL\\Documents\\boilerplateeeee\\microservice\\vendor\\laravel\\framework\\src\\Illuminate\\Events\\Dispatcher.php(421): App\\Models\\Post::App\\Models\\{closure}(Object(App\\Models\\Post))
#1 C:\\Users\\DELL\\Documents\\boilerplateeeee\\microservice\\vendor\\laravel\\framework\\src\\Illuminate\\Events\\Dispatcher.php(249): Illuminate\\Events\\Dispatcher->Illuminate\\Events\\{closure}('eloquent.saved:...', Array)
#2 C:\\Users\\DELL\\Documents\\boilerplateeeee\\microservice\\vendor\\laravel\\framework\\src\\Illuminate\\Database\\Eloquent\\Concerns\\HasEvents.php(189): Illuminate\\Events\\Dispatcher->dispatch('eloquent.saved:...', Array)
#3 C:\\Users\\DELL\\Documents\\boilerplateeeee\\microservice\\vendor\\laravel\\framework\\src\\Illuminate\\Database\\Eloquent\\Model.php(1177): Illuminate\\Database\\Eloquent\\Model->fireModelEvent('saved', false)
#4 C:\\Users\\DELL\\Documents\\boilerplateeeee\\microservice\\vendor\\laravel\\framework\\src\\Illuminate\\Database\\Eloquent\\Model.php(1150): Illuminate\\Database\\Eloquent\\Model->finishSave(Array)
#5 C:\\Users\\DELL\\Documents\\boilerplateeeee\\microservice\\vendor\\laravel\\framework\\src\\Illuminate\\Database\\Eloquent\\Builder.php(986): Illuminate\\Database\\Eloquent\\Model->save()
#6 C:\\Users\\DELL\\Documents\\boilerplateeeee\\microservice\\vendor\\laravel\\framework\\src\\Illuminate\\Support\\helpers.php(306): Illuminate\\Database\\Eloquent\\Builder->Illuminate\\Database\\Eloquent\\{closure}(Object(App\\Models\\Post))
#7 C:\\Users\\DELL\\Documents\\boilerplateeeee\\microservice\\vendor\\laravel\\framework\\src\\Illuminate\\Database\\Eloquent\\Builder.php(987): tap(Object(App\\Models\\Post), Object(Closure))
#8 C:\\Users\\DELL\\Documents\\boilerplateeeee\\microservice\\vendor\\laravel\\framework\\src\\Illuminate\\Support\\Traits\\ForwardsCalls.php(23): Illuminate\\Database\\Eloquent\\Builder->create(Array)
#9 C:\\Users\\DELL\\Documents\\boilerplateeeee\\microservice\\vendor\\laravel\\framework\\src\\Illuminate\\Database\\Eloquent\\Model.php(2330): Illuminate\\Database\\Eloquent\\Model->forwardCallTo(Object(Illuminate\\Database\\Eloquent\\Builder), 'create', Array)
#10 C:\\Users\\DELL\\Documents\\boilerplateeeee\\microservice\\vendor\\laravel\\framework\\src\\Illuminate\\Database\\Eloquent\\Model.php(2342): Illuminate\\Database\\Eloquent\\Model->__call('create', Array)
#11 C:\\Users\\DELL\\Documents\\boilerplateeeee\\microservice\\app\\Http\\Controllers\\API\\V1\\PostController.php(239): Illuminate\\Database\\Eloquent\\Model::__callStatic('create', Array)
#12 C:\\Users\\DELL\\Documents\\boilerplateeeee\\microservice\\vendor\\laravel\\framework\\src\\Illuminate\\Container\\BoundMethod.php(36): App\\Http\\Controllers\\API\\V1\\PostController->store(Object(Laravel\\Lumen\\Http\\Request))
#13 C:\\Users\\DELL\\Documents\\boilerplateeeee\\microservice\\vendor\\laravel\\framework\\src\\Illuminate\\Container\\Util.php(41): Illuminate\\Container\\BoundMethod::Illuminate\\Container\\{closure}()
#14 C:\\Users\\DELL\\Documents\\boilerplateeeee\\microservice\\vendor\\laravel\\framework\\src\\Illuminate\\Container\\BoundMethod.php(93): Illuminate\\Container\\Util::unwrapIfClosure(Object(Closure))
#15 C:\\Users\\DELL\\Documents\\boilerplateeeee\\microservice\\vendor\\laravel\\framework\\src\\Illuminate\\Container\\BoundMethod.php(37): Illuminate\\Container\\BoundMethod::callBoundMethod(Object(Laravel\\Lumen\\Application), Array, Object(Closure))
#16 C:\\Users\\DELL\\Documents\\boilerplateeeee\\microservice\\vendor\\laravel\\framework\\src\\Illuminate\\Container\\Container.php(661): Illuminate\\Container\\BoundMethod::call(Object(Laravel\\Lumen\\Application), Array, Array, NULL)
#17 C:\\Users\\DELL\\Documents\\boilerplateeeee\\microservice\\vendor\\laravel\\lumen-framework\\src\\Concerns\\RoutesRequests.php(391): Illuminate\\Container\\Container->call(Array, Array)
#18 C:\\Users\\DELL\\Documents\\boilerplateeeee\\microservice\\vendor\\laravel\\lumen-framework\\src\\Concerns\\RoutesRequests.php(357): Laravel\\Lumen\\Application->callControllerCallable(Array, Array)
#19 C:\\Users\\DELL\\Documents\\boilerplateeeee\\microservice\\vendor\\laravel\\lumen-framework\\src\\Concerns\\RoutesRequests.php(331): Laravel\\Lumen\\Application->callLumenController(Object(App\\Http\\Controllers\\API\\V1\\PostController), 'store', Array)
#20 C:\\Users\\DELL\\Documents\\boilerplateeeee\\microservice\\vendor\\laravel\\lumen-framework\\src\\Concerns\\RoutesRequests.php(284): Laravel\\Lumen\\Application->callControllerAction(Array)
#21 C:\\Users\\DELL\\Documents\\boilerplateeeee\\microservice\\vendor\\laravel\\lumen-framework\\src\\Concerns\\RoutesRequests.php(269): Laravel\\Lumen\\Application->callActionOnArrayBasedRoute(Array)
#22 C:\\Users\\DELL\\Documents\\boilerplateeeee\\microservice\\vendor\\laravel\\lumen-framework\\src\\Concerns\\RoutesRequests.php(171): Laravel\\Lumen\\Application->handleFoundRoute(Array)
#23 C:\\Users\\DELL\\Documents\\boilerplateeeee\\microservice\\vendor\\laravel\\lumen-framework\\src\\Concerns\\RoutesRequests.php(431): Laravel\\Lumen\\Application->Laravel\\Lumen\\Concerns\\{closure}(Object(Laravel\\Lumen\\Http\\Request))
#24 C:\\Users\\DELL\\Documents\\boilerplateeeee\\microservice\\vendor\\laravel\\lumen-framework\\src\\Concerns\\RoutesRequests.php(177): Laravel\\Lumen\\Application->sendThroughPipeline(Array, Object(Closure))
#25 C:\\Users\\DELL\\Documents\\boilerplateeeee\\microservice\\vendor\\laravel\\lumen-framework\\src\\Concerns\\RoutesRequests.php(112): Laravel\\Lumen\\Application->dispatch(NULL)
#26 C:\\Users\\DELL\\Documents\\boilerplateeeee\\microservice\\public\\index.php(28): Laravel\\Lumen\\Application->run()
#27 {main}
"} 
[2024-08-02 13:11:03] local.ERROR: Class "App\Models\App" not found {"exception":"[object] (Error(code: 0): Class \"App\\Models\\App\" not found at C:\\Users\\DELL\\Documents\\boilerplateeeee\\microservice\\app\\Models\\Post.php:27)
[stacktrace]
#0 C:\\Users\\DELL\\Documents\\boilerplateeeee\\microservice\\vendor\\laravel\\framework\\src\\Illuminate\\Events\\Dispatcher.php(421): App\\Models\\Post::App\\Models\\{closure}(Object(App\\Models\\Post))
#1 C:\\Users\\DELL\\Documents\\boilerplateeeee\\microservice\\vendor\\laravel\\framework\\src\\Illuminate\\Events\\Dispatcher.php(249): Illuminate\\Events\\Dispatcher->Illuminate\\Events\\{closure}('eloquent.saved:...', Array)
#2 C:\\Users\\DELL\\Documents\\boilerplateeeee\\microservice\\vendor\\laravel\\framework\\src\\Illuminate\\Database\\Eloquent\\Concerns\\HasEvents.php(189): Illuminate\\Events\\Dispatcher->dispatch('eloquent.saved:...', Array)
#3 C:\\Users\\DELL\\Documents\\boilerplateeeee\\microservice\\vendor\\laravel\\framework\\src\\Illuminate\\Database\\Eloquent\\Model.php(1177): Illuminate\\Database\\Eloquent\\Model->fireModelEvent('saved', false)
#4 C:\\Users\\DELL\\Documents\\boilerplateeeee\\microservice\\vendor\\laravel\\framework\\src\\Illuminate\\Database\\Eloquent\\Model.php(1150): Illuminate\\Database\\Eloquent\\Model->finishSave(Array)
#5 C:\\Users\\DELL\\Documents\\boilerplateeeee\\microservice\\vendor\\laravel\\framework\\src\\Illuminate\\Database\\Eloquent\\Builder.php(986): Illuminate\\Database\\Eloquent\\Model->save()
#6 C:\\Users\\DELL\\Documents\\boilerplateeeee\\microservice\\vendor\\laravel\\framework\\src\\Illuminate\\Support\\helpers.php(306): Illuminate\\Database\\Eloquent\\Builder->Illuminate\\Database\\Eloquent\\{closure}(Object(App\\Models\\Post))
#7 C:\\Users\\DELL\\Documents\\boilerplateeeee\\microservice\\vendor\\laravel\\framework\\src\\Illuminate\\Database\\Eloquent\\Builder.php(987): tap(Object(App\\Models\\Post), Object(Closure))
#8 C:\\Users\\DELL\\Documents\\boilerplateeeee\\microservice\\vendor\\laravel\\framework\\src\\Illuminate\\Support\\Traits\\ForwardsCalls.php(23): Illuminate\\Database\\Eloquent\\Builder->create(Array)
#9 C:\\Users\\DELL\\Documents\\boilerplateeeee\\microservice\\vendor\\laravel\\framework\\src\\Illuminate\\Database\\Eloquent\\Model.php(2330): Illuminate\\Database\\Eloquent\\Model->forwardCallTo(Object(Illuminate\\Database\\Eloquent\\Builder), 'create', Array)
#10 C:\\Users\\DELL\\Documents\\boilerplateeeee\\microservice\\vendor\\laravel\\framework\\src\\Illuminate\\Database\\Eloquent\\Model.php(2342): Illuminate\\Database\\Eloquent\\Model->__call('create', Array)
#11 C:\\Users\\DELL\\Documents\\boilerplateeeee\\microservice\\app\\Http\\Controllers\\API\\V1\\PostController.php(239): Illuminate\\Database\\Eloquent\\Model::__callStatic('create', Array)
#12 C:\\Users\\DELL\\Documents\\boilerplateeeee\\microservice\\vendor\\laravel\\framework\\src\\Illuminate\\Container\\BoundMethod.php(36): App\\Http\\Controllers\\API\\V1\\PostController->store(Object(Laravel\\Lumen\\Http\\Request))
#13 C:\\Users\\DELL\\Documents\\boilerplateeeee\\microservice\\vendor\\laravel\\framework\\src\\Illuminate\\Container\\Util.php(41): Illuminate\\Container\\BoundMethod::Illuminate\\Container\\{closure}()
#14 C:\\Users\\DELL\\Documents\\boilerplateeeee\\microservice\\vendor\\laravel\\framework\\src\\Illuminate\\Container\\BoundMethod.php(93): Illuminate\\Container\\Util::unwrapIfClosure(Object(Closure))
#15 C:\\Users\\DELL\\Documents\\boilerplateeeee\\microservice\\vendor\\laravel\\framework\\src\\Illuminate\\Container\\BoundMethod.php(37): Illuminate\\Container\\BoundMethod::callBoundMethod(Object(Laravel\\Lumen\\Application), Array, Object(Closure))
#16 C:\\Users\\DELL\\Documents\\boilerplateeeee\\microservice\\vendor\\laravel\\framework\\src\\Illuminate\\Container\\Container.php(661): Illuminate\\Container\\BoundMethod::call(Object(Laravel\\Lumen\\Application), Array, Array, NULL)
#17 C:\\Users\\DELL\\Documents\\boilerplateeeee\\microservice\\vendor\\laravel\\lumen-framework\\src\\Concerns\\RoutesRequests.php(391): Illuminate\\Container\\Container->call(Array, Array)
#18 C:\\Users\\DELL\\Documents\\boilerplateeeee\\microservice\\vendor\\laravel\\lumen-framework\\src\\Concerns\\RoutesRequests.php(357): Laravel\\Lumen\\Application->callControllerCallable(Array, Array)
#19 C:\\Users\\DELL\\Documents\\boilerplateeeee\\microservice\\vendor\\laravel\\lumen-framework\\src\\Concerns\\RoutesRequests.php(331): Laravel\\Lumen\\Application->callLumenController(Object(App\\Http\\Controllers\\API\\V1\\PostController), 'store', Array)
#20 C:\\Users\\DELL\\Documents\\boilerplateeeee\\microservice\\vendor\\laravel\\lumen-framework\\src\\Concerns\\RoutesRequests.php(284): Laravel\\Lumen\\Application->callControllerAction(Array)
#21 C:\\Users\\DELL\\Documents\\boilerplateeeee\\microservice\\vendor\\laravel\\lumen-framework\\src\\Concerns\\RoutesRequests.php(269): Laravel\\Lumen\\Application->callActionOnArrayBasedRoute(Array)
#22 C:\\Users\\DELL\\Documents\\boilerplateeeee\\microservice\\vendor\\laravel\\lumen-framework\\src\\Concerns\\RoutesRequests.php(171): Laravel\\Lumen\\Application->handleFoundRoute(Array)
#23 C:\\Users\\DELL\\Documents\\boilerplateeeee\\microservice\\vendor\\laravel\\lumen-framework\\src\\Concerns\\RoutesRequests.php(431): Laravel\\Lumen\\Application->Laravel\\Lumen\\Concerns\\{closure}(Object(Laravel\\Lumen\\Http\\Request))
#24 C:\\Users\\DELL\\Documents\\boilerplateeeee\\microservice\\vendor\\laravel\\lumen-framework\\src\\Concerns\\RoutesRequests.php(177): Laravel\\Lumen\\Application->sendThroughPipeline(Array, Object(Closure))
#25 C:\\Users\\DELL\\Documents\\boilerplateeeee\\microservice\\vendor\\laravel\\lumen-framework\\src\\Concerns\\RoutesRequests.php(112): Laravel\\Lumen\\Application->dispatch(NULL)
#26 C:\\Users\\DELL\\Documents\\boilerplateeeee\\microservice\\public\\index.php(28): Laravel\\Lumen\\Application->run()
#27 {main}
"} 
[2024-08-02 13:14:48] local.ERROR: Class "App\Models\App" not found {"exception":"[object] (Error(code: 0): Class \"App\\Models\\App\" not found at C:\\Users\\DELL\\Documents\\boilerplateeeee\\microservice\\app\\Models\\Post.php:27)
[stacktrace]
#0 C:\\Users\\DELL\\Documents\\boilerplateeeee\\microservice\\vendor\\laravel\\framework\\src\\Illuminate\\Events\\Dispatcher.php(421): App\\Models\\Post::App\\Models\\{closure}(Object(App\\Models\\Post))
#1 C:\\Users\\DELL\\Documents\\boilerplateeeee\\microservice\\vendor\\laravel\\framework\\src\\Illuminate\\Events\\Dispatcher.php(249): Illuminate\\Events\\Dispatcher->Illuminate\\Events\\{closure}('eloquent.saved:...', Array)
#2 C:\\Users\\DELL\\Documents\\boilerplateeeee\\microservice\\vendor\\laravel\\framework\\src\\Illuminate\\Database\\Eloquent\\Concerns\\HasEvents.php(189): Illuminate\\Events\\Dispatcher->dispatch('eloquent.saved:...', Array)
#3 C:\\Users\\DELL\\Documents\\boilerplateeeee\\microservice\\vendor\\laravel\\framework\\src\\Illuminate\\Database\\Eloquent\\Model.php(1177): Illuminate\\Database\\Eloquent\\Model->fireModelEvent('saved', false)
#4 C:\\Users\\DELL\\Documents\\boilerplateeeee\\microservice\\vendor\\laravel\\framework\\src\\Illuminate\\Database\\Eloquent\\Model.php(1150): Illuminate\\Database\\Eloquent\\Model->finishSave(Array)
#5 C:\\Users\\DELL\\Documents\\boilerplateeeee\\microservice\\vendor\\laravel\\framework\\src\\Illuminate\\Database\\Eloquent\\Builder.php(986): Illuminate\\Database\\Eloquent\\Model->save()
#6 C:\\Users\\DELL\\Documents\\boilerplateeeee\\microservice\\vendor\\laravel\\framework\\src\\Illuminate\\Support\\helpers.php(306): Illuminate\\Database\\Eloquent\\Builder->Illuminate\\Database\\Eloquent\\{closure}(Object(App\\Models\\Post))
#7 C:\\Users\\DELL\\Documents\\boilerplateeeee\\microservice\\vendor\\laravel\\framework\\src\\Illuminate\\Database\\Eloquent\\Builder.php(987): tap(Object(App\\Models\\Post), Object(Closure))
#8 C:\\Users\\DELL\\Documents\\boilerplateeeee\\microservice\\vendor\\laravel\\framework\\src\\Illuminate\\Support\\Traits\\ForwardsCalls.php(23): Illuminate\\Database\\Eloquent\\Builder->create(Array)
#9 C:\\Users\\DELL\\Documents\\boilerplateeeee\\microservice\\vendor\\laravel\\framework\\src\\Illuminate\\Database\\Eloquent\\Model.php(2330): Illuminate\\Database\\Eloquent\\Model->forwardCallTo(Object(Illuminate\\Database\\Eloquent\\Builder), 'create', Array)
#10 C:\\Users\\DELL\\Documents\\boilerplateeeee\\microservice\\vendor\\laravel\\framework\\src\\Illuminate\\Database\\Eloquent\\Model.php(2342): Illuminate\\Database\\Eloquent\\Model->__call('create', Array)
#11 C:\\Users\\DELL\\Documents\\boilerplateeeee\\microservice\\app\\Http\\Controllers\\API\\V1\\PostController.php(239): Illuminate\\Database\\Eloquent\\Model::__callStatic('create', Array)
#12 C:\\Users\\DELL\\Documents\\boilerplateeeee\\microservice\\vendor\\laravel\\framework\\src\\Illuminate\\Container\\BoundMethod.php(36): App\\Http\\Controllers\\API\\V1\\PostController->store(Object(Laravel\\Lumen\\Http\\Request))
#13 C:\\Users\\DELL\\Documents\\boilerplateeeee\\microservice\\vendor\\laravel\\framework\\src\\Illuminate\\Container\\Util.php(41): Illuminate\\Container\\BoundMethod::Illuminate\\Container\\{closure}()
#14 C:\\Users\\DELL\\Documents\\boilerplateeeee\\microservice\\vendor\\laravel\\framework\\src\\Illuminate\\Container\\BoundMethod.php(93): Illuminate\\Container\\Util::unwrapIfClosure(Object(Closure))
#15 C:\\Users\\DELL\\Documents\\boilerplateeeee\\microservice\\vendor\\laravel\\framework\\src\\Illuminate\\Container\\BoundMethod.php(37): Illuminate\\Container\\BoundMethod::callBoundMethod(Object(Laravel\\Lumen\\Application), Array, Object(Closure))
#16 C:\\Users\\DELL\\Documents\\boilerplateeeee\\microservice\\vendor\\laravel\\framework\\src\\Illuminate\\Container\\Container.php(661): Illuminate\\Container\\BoundMethod::call(Object(Laravel\\Lumen\\Application), Array, Array, NULL)
#17 C:\\Users\\DELL\\Documents\\boilerplateeeee\\microservice\\vendor\\laravel\\lumen-framework\\src\\Concerns\\RoutesRequests.php(391): Illuminate\\Container\\Container->call(Array, Array)
#18 C:\\Users\\DELL\\Documents\\boilerplateeeee\\microservice\\vendor\\laravel\\lumen-framework\\src\\Concerns\\RoutesRequests.php(357): Laravel\\Lumen\\Application->callControllerCallable(Array, Array)
#19 C:\\Users\\DELL\\Documents\\boilerplateeeee\\microservice\\vendor\\laravel\\lumen-framework\\src\\Concerns\\RoutesRequests.php(331): Laravel\\Lumen\\Application->callLumenController(Object(App\\Http\\Controllers\\API\\V1\\PostController), 'store', Array)
#20 C:\\Users\\DELL\\Documents\\boilerplateeeee\\microservice\\vendor\\laravel\\lumen-framework\\src\\Concerns\\RoutesRequests.php(284): Laravel\\Lumen\\Application->callControllerAction(Array)
#21 C:\\Users\\DELL\\Documents\\boilerplateeeee\\microservice\\vendor\\laravel\\lumen-framework\\src\\Concerns\\RoutesRequests.php(269): Laravel\\Lumen\\Application->callActionOnArrayBasedRoute(Array)
#22 C:\\Users\\DELL\\Documents\\boilerplateeeee\\microservice\\vendor\\laravel\\lumen-framework\\src\\Concerns\\RoutesRequests.php(171): Laravel\\Lumen\\Application->handleFoundRoute(Array)
#23 C:\\Users\\DELL\\Documents\\boilerplateeeee\\microservice\\vendor\\laravel\\lumen-framework\\src\\Concerns\\RoutesRequests.php(431): Laravel\\Lumen\\Application->Laravel\\Lumen\\Concerns\\{closure}(Object(Laravel\\Lumen\\Http\\Request))
#24 C:\\Users\\DELL\\Documents\\boilerplateeeee\\microservice\\vendor\\laravel\\lumen-framework\\src\\Concerns\\RoutesRequests.php(177): Laravel\\Lumen\\Application->sendThroughPipeline(Array, Object(Closure))
#25 C:\\Users\\DELL\\Documents\\boilerplateeeee\\microservice\\vendor\\laravel\\lumen-framework\\src\\Concerns\\RoutesRequests.php(112): Laravel\\Lumen\\Application->dispatch(NULL)
#26 C:\\Users\\DELL\\Documents\\boilerplateeeee\\microservice\\public\\index.php(28): Laravel\\Lumen\\Application->run()
#27 {main}
"} 
[2024-08-02 13:19:29] local.ERROR: Class "App\Models\App" not found {"exception":"[object] (Error(code: 0): Class \"App\\Models\\App\" not found at C:\\Users\\DELL\\Documents\\boilerplateeeee\\microservice\\app\\Models\\Post.php:27)
[stacktrace]
#0 C:\\Users\\DELL\\Documents\\boilerplateeeee\\microservice\\vendor\\laravel\\framework\\src\\Illuminate\\Events\\Dispatcher.php(421): App\\Models\\Post::App\\Models\\{closure}(Object(App\\Models\\Post))
#1 C:\\Users\\DELL\\Documents\\boilerplateeeee\\microservice\\vendor\\laravel\\framework\\src\\Illuminate\\Events\\Dispatcher.php(249): Illuminate\\Events\\Dispatcher->Illuminate\\Events\\{closure}('eloquent.saved:...', Array)
#2 C:\\Users\\DELL\\Documents\\boilerplateeeee\\microservice\\vendor\\laravel\\framework\\src\\Illuminate\\Database\\Eloquent\\Concerns\\HasEvents.php(189): Illuminate\\Events\\Dispatcher->dispatch('eloquent.saved:...', Array)
#3 C:\\Users\\DELL\\Documents\\boilerplateeeee\\microservice\\vendor\\laravel\\framework\\src\\Illuminate\\Database\\Eloquent\\Model.php(1177): Illuminate\\Database\\Eloquent\\Model->fireModelEvent('saved', false)
#4 C:\\Users\\DELL\\Documents\\boilerplateeeee\\microservice\\vendor\\laravel\\framework\\src\\Illuminate\\Database\\Eloquent\\Model.php(1150): Illuminate\\Database\\Eloquent\\Model->finishSave(Array)
#5 C:\\Users\\DELL\\Documents\\boilerplateeeee\\microservice\\vendor\\laravel\\framework\\src\\Illuminate\\Database\\Eloquent\\Builder.php(986): Illuminate\\Database\\Eloquent\\Model->save()
#6 C:\\Users\\DELL\\Documents\\boilerplateeeee\\microservice\\vendor\\laravel\\framework\\src\\Illuminate\\Support\\helpers.php(306): Illuminate\\Database\\Eloquent\\Builder->Illuminate\\Database\\Eloquent\\{closure}(Object(App\\Models\\Post))
#7 C:\\Users\\DELL\\Documents\\boilerplateeeee\\microservice\\vendor\\laravel\\framework\\src\\Illuminate\\Database\\Eloquent\\Builder.php(987): tap(Object(App\\Models\\Post), Object(Closure))
#8 C:\\Users\\DELL\\Documents\\boilerplateeeee\\microservice\\vendor\\laravel\\framework\\src\\Illuminate\\Support\\Traits\\ForwardsCalls.php(23): Illuminate\\Database\\Eloquent\\Builder->create(Array)
#9 C:\\Users\\DELL\\Documents\\boilerplateeeee\\microservice\\vendor\\laravel\\framework\\src\\Illuminate\\Database\\Eloquent\\Model.php(2330): Illuminate\\Database\\Eloquent\\Model->forwardCallTo(Object(Illuminate\\Database\\Eloquent\\Builder), 'create', Array)
#10 C:\\Users\\DELL\\Documents\\boilerplateeeee\\microservice\\vendor\\laravel\\framework\\src\\Illuminate\\Database\\Eloquent\\Model.php(2342): Illuminate\\Database\\Eloquent\\Model->__call('create', Array)
#11 C:\\Users\\DELL\\Documents\\boilerplateeeee\\microservice\\app\\Http\\Controllers\\API\\V1\\PostController.php(239): Illuminate\\Database\\Eloquent\\Model::__callStatic('create', Array)
#12 C:\\Users\\DELL\\Documents\\boilerplateeeee\\microservice\\vendor\\laravel\\framework\\src\\Illuminate\\Container\\BoundMethod.php(36): App\\Http\\Controllers\\API\\V1\\PostController->store(Object(Laravel\\Lumen\\Http\\Request))
#13 C:\\Users\\DELL\\Documents\\boilerplateeeee\\microservice\\vendor\\laravel\\framework\\src\\Illuminate\\Container\\Util.php(41): Illuminate\\Container\\BoundMethod::Illuminate\\Container\\{closure}()
#14 C:\\Users\\DELL\\Documents\\boilerplateeeee\\microservice\\vendor\\laravel\\framework\\src\\Illuminate\\Container\\BoundMethod.php(93): Illuminate\\Container\\Util::unwrapIfClosure(Object(Closure))
#15 C:\\Users\\DELL\\Documents\\boilerplateeeee\\microservice\\vendor\\laravel\\framework\\src\\Illuminate\\Container\\BoundMethod.php(37): Illuminate\\Container\\BoundMethod::callBoundMethod(Object(Laravel\\Lumen\\Application), Array, Object(Closure))
#16 C:\\Users\\DELL\\Documents\\boilerplateeeee\\microservice\\vendor\\laravel\\framework\\src\\Illuminate\\Container\\Container.php(661): Illuminate\\Container\\BoundMethod::call(Object(Laravel\\Lumen\\Application), Array, Array, NULL)
#17 C:\\Users\\DELL\\Documents\\boilerplateeeee\\microservice\\vendor\\laravel\\lumen-framework\\src\\Concerns\\RoutesRequests.php(391): Illuminate\\Container\\Container->call(Array, Array)
#18 C:\\Users\\DELL\\Documents\\boilerplateeeee\\microservice\\vendor\\laravel\\lumen-framework\\src\\Concerns\\RoutesRequests.php(357): Laravel\\Lumen\\Application->callControllerCallable(Array, Array)
#19 C:\\Users\\DELL\\Documents\\boilerplateeeee\\microservice\\vendor\\laravel\\lumen-framework\\src\\Concerns\\RoutesRequests.php(331): Laravel\\Lumen\\Application->callLumenController(Object(App\\Http\\Controllers\\API\\V1\\PostController), 'store', Array)
#20 C:\\Users\\DELL\\Documents\\boilerplateeeee\\microservice\\vendor\\laravel\\lumen-framework\\src\\Concerns\\RoutesRequests.php(284): Laravel\\Lumen\\Application->callControllerAction(Array)
#21 C:\\Users\\DELL\\Documents\\boilerplateeeee\\microservice\\vendor\\laravel\\lumen-framework\\src\\Concerns\\RoutesRequests.php(269): Laravel\\Lumen\\Application->callActionOnArrayBasedRoute(Array)
#22 C:\\Users\\DELL\\Documents\\boilerplateeeee\\microservice\\vendor\\laravel\\lumen-framework\\src\\Concerns\\RoutesRequests.php(171): Laravel\\Lumen\\Application->handleFoundRoute(Array)
#23 C:\\Users\\DELL\\Documents\\boilerplateeeee\\microservice\\vendor\\laravel\\lumen-framework\\src\\Concerns\\RoutesRequests.php(431): Laravel\\Lumen\\Application->Laravel\\Lumen\\Concerns\\{closure}(Object(Laravel\\Lumen\\Http\\Request))
#24 C:\\Users\\DELL\\Documents\\boilerplateeeee\\microservice\\vendor\\laravel\\lumen-framework\\src\\Concerns\\RoutesRequests.php(177): Laravel\\Lumen\\Application->sendThroughPipeline(Array, Object(Closure))
#25 C:\\Users\\DELL\\Documents\\boilerplateeeee\\microservice\\vendor\\laravel\\lumen-framework\\src\\Concerns\\RoutesRequests.php(112): Laravel\\Lumen\\Application->dispatch(NULL)
#26 C:\\Users\\DELL\\Documents\\boilerplateeeee\\microservice\\public\\index.php(28): Laravel\\Lumen\\Application->run()
#27 {main}
"} 
[2024-08-02 13:22:21] local.INFO: Request Data: {"data":{"title":"string","content":"string","is_default":true,"can_delete":true}} 
[2024-08-02 13:22:21] local.INFO: Validation Errors: {"errors":{"Illuminate\\Support\\MessageBag":[]}} 
[2024-08-02 13:22:21] local.ERROR: Class "App\Models\App" not found {"exception":"[object] (Error(code: 0): Class \"App\\Models\\App\" not found at C:\\Users\\DELL\\Documents\\boilerplateeeee\\microservice\\app\\Models\\Post.php:27)
[stacktrace]
#0 C:\\Users\\DELL\\Documents\\boilerplateeeee\\microservice\\vendor\\laravel\\framework\\src\\Illuminate\\Events\\Dispatcher.php(421): App\\Models\\Post::App\\Models\\{closure}(Object(App\\Models\\Post))
#1 C:\\Users\\DELL\\Documents\\boilerplateeeee\\microservice\\vendor\\laravel\\framework\\src\\Illuminate\\Events\\Dispatcher.php(249): Illuminate\\Events\\Dispatcher->Illuminate\\Events\\{closure}('eloquent.saved:...', Array)
#2 C:\\Users\\DELL\\Documents\\boilerplateeeee\\microservice\\vendor\\laravel\\framework\\src\\Illuminate\\Database\\Eloquent\\Concerns\\HasEvents.php(189): Illuminate\\Events\\Dispatcher->dispatch('eloquent.saved:...', Array)
#3 C:\\Users\\DELL\\Documents\\boilerplateeeee\\microservice\\vendor\\laravel\\framework\\src\\Illuminate\\Database\\Eloquent\\Model.php(1177): Illuminate\\Database\\Eloquent\\Model->fireModelEvent('saved', false)
#4 C:\\Users\\DELL\\Documents\\boilerplateeeee\\microservice\\vendor\\laravel\\framework\\src\\Illuminate\\Database\\Eloquent\\Model.php(1150): Illuminate\\Database\\Eloquent\\Model->finishSave(Array)
#5 C:\\Users\\DELL\\Documents\\boilerplateeeee\\microservice\\vendor\\laravel\\framework\\src\\Illuminate\\Database\\Eloquent\\Builder.php(986): Illuminate\\Database\\Eloquent\\Model->save()
#6 C:\\Users\\DELL\\Documents\\boilerplateeeee\\microservice\\vendor\\laravel\\framework\\src\\Illuminate\\Support\\helpers.php(306): Illuminate\\Database\\Eloquent\\Builder->Illuminate\\Database\\Eloquent\\{closure}(Object(App\\Models\\Post))
#7 C:\\Users\\DELL\\Documents\\boilerplateeeee\\microservice\\vendor\\laravel\\framework\\src\\Illuminate\\Database\\Eloquent\\Builder.php(987): tap(Object(App\\Models\\Post), Object(Closure))
#8 C:\\Users\\DELL\\Documents\\boilerplateeeee\\microservice\\vendor\\laravel\\framework\\src\\Illuminate\\Support\\Traits\\ForwardsCalls.php(23): Illuminate\\Database\\Eloquent\\Builder->create(Array)
#9 C:\\Users\\DELL\\Documents\\boilerplateeeee\\microservice\\vendor\\laravel\\framework\\src\\Illuminate\\Database\\Eloquent\\Model.php(2330): Illuminate\\Database\\Eloquent\\Model->forwardCallTo(Object(Illuminate\\Database\\Eloquent\\Builder), 'create', Array)
#10 C:\\Users\\DELL\\Documents\\boilerplateeeee\\microservice\\vendor\\laravel\\framework\\src\\Illuminate\\Database\\Eloquent\\Model.php(2342): Illuminate\\Database\\Eloquent\\Model->__call('create', Array)
#11 C:\\Users\\DELL\\Documents\\boilerplateeeee\\microservice\\app\\Http\\Controllers\\API\\V1\\PostController.php(243): Illuminate\\Database\\Eloquent\\Model::__callStatic('create', Array)
#12 C:\\Users\\DELL\\Documents\\boilerplateeeee\\microservice\\vendor\\laravel\\framework\\src\\Illuminate\\Container\\BoundMethod.php(36): App\\Http\\Controllers\\API\\V1\\PostController->store(Object(Laravel\\Lumen\\Http\\Request))
#13 C:\\Users\\DELL\\Documents\\boilerplateeeee\\microservice\\vendor\\laravel\\framework\\src\\Illuminate\\Container\\Util.php(41): Illuminate\\Container\\BoundMethod::Illuminate\\Container\\{closure}()
#14 C:\\Users\\DELL\\Documents\\boilerplateeeee\\microservice\\vendor\\laravel\\framework\\src\\Illuminate\\Container\\BoundMethod.php(93): Illuminate\\Container\\Util::unwrapIfClosure(Object(Closure))
#15 C:\\Users\\DELL\\Documents\\boilerplateeeee\\microservice\\vendor\\laravel\\framework\\src\\Illuminate\\Container\\BoundMethod.php(37): Illuminate\\Container\\BoundMethod::callBoundMethod(Object(Laravel\\Lumen\\Application), Array, Object(Closure))
#16 C:\\Users\\DELL\\Documents\\boilerplateeeee\\microservice\\vendor\\laravel\\framework\\src\\Illuminate\\Container\\Container.php(661): Illuminate\\Container\\BoundMethod::call(Object(Laravel\\Lumen\\Application), Array, Array, NULL)
#17 C:\\Users\\DELL\\Documents\\boilerplateeeee\\microservice\\vendor\\laravel\\lumen-framework\\src\\Concerns\\RoutesRequests.php(391): Illuminate\\Container\\Container->call(Array, Array)
#18 C:\\Users\\DELL\\Documents\\boilerplateeeee\\microservice\\vendor\\laravel\\lumen-framework\\src\\Concerns\\RoutesRequests.php(357): Laravel\\Lumen\\Application->callControllerCallable(Array, Array)
#19 C:\\Users\\DELL\\Documents\\boilerplateeeee\\microservice\\vendor\\laravel\\lumen-framework\\src\\Concerns\\RoutesRequests.php(331): Laravel\\Lumen\\Application->callLumenController(Object(App\\Http\\Controllers\\API\\V1\\PostController), 'store', Array)
#20 C:\\Users\\DELL\\Documents\\boilerplateeeee\\microservice\\vendor\\laravel\\lumen-framework\\src\\Concerns\\RoutesRequests.php(284): Laravel\\Lumen\\Application->callControllerAction(Array)
#21 C:\\Users\\DELL\\Documents\\boilerplateeeee\\microservice\\vendor\\laravel\\lumen-framework\\src\\Concerns\\RoutesRequests.php(269): Laravel\\Lumen\\Application->callActionOnArrayBasedRoute(Array)
#22 C:\\Users\\DELL\\Documents\\boilerplateeeee\\microservice\\vendor\\laravel\\lumen-framework\\src\\Concerns\\RoutesRequests.php(171): Laravel\\Lumen\\Application->handleFoundRoute(Array)
#23 C:\\Users\\DELL\\Documents\\boilerplateeeee\\microservice\\vendor\\laravel\\lumen-framework\\src\\Concerns\\RoutesRequests.php(431): Laravel\\Lumen\\Application->Laravel\\Lumen\\Concerns\\{closure}(Object(Laravel\\Lumen\\Http\\Request))
#24 C:\\Users\\DELL\\Documents\\boilerplateeeee\\microservice\\vendor\\laravel\\lumen-framework\\src\\Concerns\\RoutesRequests.php(177): Laravel\\Lumen\\Application->sendThroughPipeline(Array, Object(Closure))
#25 C:\\Users\\DELL\\Documents\\boilerplateeeee\\microservice\\vendor\\laravel\\lumen-framework\\src\\Concerns\\RoutesRequests.php(112): Laravel\\Lumen\\Application->dispatch(NULL)
#26 C:\\Users\\DELL\\Documents\\boilerplateeeee\\microservice\\public\\index.php(28): Laravel\\Lumen\\Application->run()
#27 {main}
"} 
[2024-08-02 13:23:22] local.ERROR: Class "App\Models\App" not found {"exception":"[object] (Error(code: 0): Class \"App\\Models\\App\" not found at C:\\Users\\DELL\\Documents\\boilerplateeeee\\microservice\\app\\Models\\Post.php:27)
[stacktrace]
#0 C:\\Users\\DELL\\Documents\\boilerplateeeee\\microservice\\vendor\\laravel\\framework\\src\\Illuminate\\Events\\Dispatcher.php(421): App\\Models\\Post::App\\Models\\{closure}(Object(App\\Models\\Post))
#1 C:\\Users\\DELL\\Documents\\boilerplateeeee\\microservice\\vendor\\laravel\\framework\\src\\Illuminate\\Events\\Dispatcher.php(249): Illuminate\\Events\\Dispatcher->Illuminate\\Events\\{closure}('eloquent.saved:...', Array)
#2 C:\\Users\\DELL\\Documents\\boilerplateeeee\\microservice\\vendor\\laravel\\framework\\src\\Illuminate\\Database\\Eloquent\\Concerns\\HasEvents.php(189): Illuminate\\Events\\Dispatcher->dispatch('eloquent.saved:...', Array)
#3 C:\\Users\\DELL\\Documents\\boilerplateeeee\\microservice\\vendor\\laravel\\framework\\src\\Illuminate\\Database\\Eloquent\\Model.php(1177): Illuminate\\Database\\Eloquent\\Model->fireModelEvent('saved', false)
#4 C:\\Users\\DELL\\Documents\\boilerplateeeee\\microservice\\vendor\\laravel\\framework\\src\\Illuminate\\Database\\Eloquent\\Model.php(1150): Illuminate\\Database\\Eloquent\\Model->finishSave(Array)
#5 C:\\Users\\DELL\\Documents\\boilerplateeeee\\microservice\\vendor\\laravel\\framework\\src\\Illuminate\\Database\\Eloquent\\Builder.php(986): Illuminate\\Database\\Eloquent\\Model->save()
#6 C:\\Users\\DELL\\Documents\\boilerplateeeee\\microservice\\vendor\\laravel\\framework\\src\\Illuminate\\Support\\helpers.php(306): Illuminate\\Database\\Eloquent\\Builder->Illuminate\\Database\\Eloquent\\{closure}(Object(App\\Models\\Post))
#7 C:\\Users\\DELL\\Documents\\boilerplateeeee\\microservice\\vendor\\laravel\\framework\\src\\Illuminate\\Database\\Eloquent\\Builder.php(987): tap(Object(App\\Models\\Post), Object(Closure))
#8 C:\\Users\\DELL\\Documents\\boilerplateeeee\\microservice\\vendor\\laravel\\framework\\src\\Illuminate\\Support\\Traits\\ForwardsCalls.php(23): Illuminate\\Database\\Eloquent\\Builder->create(Array)
#9 C:\\Users\\DELL\\Documents\\boilerplateeeee\\microservice\\vendor\\laravel\\framework\\src\\Illuminate\\Database\\Eloquent\\Model.php(2330): Illuminate\\Database\\Eloquent\\Model->forwardCallTo(Object(Illuminate\\Database\\Eloquent\\Builder), 'create', Array)
#10 C:\\Users\\DELL\\Documents\\boilerplateeeee\\microservice\\vendor\\laravel\\framework\\src\\Illuminate\\Database\\Eloquent\\Model.php(2342): Illuminate\\Database\\Eloquent\\Model->__call('create', Array)
#11 C:\\Users\\DELL\\Documents\\boilerplateeeee\\microservice\\app\\Http\\Controllers\\API\\V1\\PostController.php(239): Illuminate\\Database\\Eloquent\\Model::__callStatic('create', Array)
#12 C:\\Users\\DELL\\Documents\\boilerplateeeee\\microservice\\vendor\\laravel\\framework\\src\\Illuminate\\Container\\BoundMethod.php(36): App\\Http\\Controllers\\API\\V1\\PostController->store(Object(Laravel\\Lumen\\Http\\Request))
#13 C:\\Users\\DELL\\Documents\\boilerplateeeee\\microservice\\vendor\\laravel\\framework\\src\\Illuminate\\Container\\Util.php(41): Illuminate\\Container\\BoundMethod::Illuminate\\Container\\{closure}()
#14 C:\\Users\\DELL\\Documents\\boilerplateeeee\\microservice\\vendor\\laravel\\framework\\src\\Illuminate\\Container\\BoundMethod.php(93): Illuminate\\Container\\Util::unwrapIfClosure(Object(Closure))
#15 C:\\Users\\DELL\\Documents\\boilerplateeeee\\microservice\\vendor\\laravel\\framework\\src\\Illuminate\\Container\\BoundMethod.php(37): Illuminate\\Container\\BoundMethod::callBoundMethod(Object(Laravel\\Lumen\\Application), Array, Object(Closure))
#16 C:\\Users\\DELL\\Documents\\boilerplateeeee\\microservice\\vendor\\laravel\\framework\\src\\Illuminate\\Container\\Container.php(661): Illuminate\\Container\\BoundMethod::call(Object(Laravel\\Lumen\\Application), Array, Array, NULL)
#17 C:\\Users\\DELL\\Documents\\boilerplateeeee\\microservice\\vendor\\laravel\\lumen-framework\\src\\Concerns\\RoutesRequests.php(391): Illuminate\\Container\\Container->call(Array, Array)
#18 C:\\Users\\DELL\\Documents\\boilerplateeeee\\microservice\\vendor\\laravel\\lumen-framework\\src\\Concerns\\RoutesRequests.php(357): Laravel\\Lumen\\Application->callControllerCallable(Array, Array)
#19 C:\\Users\\DELL\\Documents\\boilerplateeeee\\microservice\\vendor\\laravel\\lumen-framework\\src\\Concerns\\RoutesRequests.php(331): Laravel\\Lumen\\Application->callLumenController(Object(App\\Http\\Controllers\\API\\V1\\PostController), 'store', Array)
#20 C:\\Users\\DELL\\Documents\\boilerplateeeee\\microservice\\vendor\\laravel\\lumen-framework\\src\\Concerns\\RoutesRequests.php(284): Laravel\\Lumen\\Application->callControllerAction(Array)
#21 C:\\Users\\DELL\\Documents\\boilerplateeeee\\microservice\\vendor\\laravel\\lumen-framework\\src\\Concerns\\RoutesRequests.php(269): Laravel\\Lumen\\Application->callActionOnArrayBasedRoute(Array)
#22 C:\\Users\\DELL\\Documents\\boilerplateeeee\\microservice\\vendor\\laravel\\lumen-framework\\src\\Concerns\\RoutesRequests.php(171): Laravel\\Lumen\\Application->handleFoundRoute(Array)
#23 C:\\Users\\DELL\\Documents\\boilerplateeeee\\microservice\\vendor\\laravel\\lumen-framework\\src\\Concerns\\RoutesRequests.php(431): Laravel\\Lumen\\Application->Laravel\\Lumen\\Concerns\\{closure}(Object(Laravel\\Lumen\\Http\\Request))
#24 C:\\Users\\DELL\\Documents\\boilerplateeeee\\microservice\\vendor\\laravel\\lumen-framework\\src\\Concerns\\RoutesRequests.php(177): Laravel\\Lumen\\Application->sendThroughPipeline(Array, Object(Closure))
#25 C:\\Users\\DELL\\Documents\\boilerplateeeee\\microservice\\vendor\\laravel\\lumen-framework\\src\\Concerns\\RoutesRequests.php(112): Laravel\\Lumen\\Application->dispatch(NULL)
#26 C:\\Users\\DELL\\Documents\\boilerplateeeee\\microservice\\public\\index.php(28): Laravel\\Lumen\\Application->run()
#27 {main}
"} 
[2024-08-02 13:30:06] local.ERROR: There are no commands defined in the "l5-swagger" namespace. {"exception":"[object] (Symfony\\Component\\Console\\Exception\\NamespaceNotFoundException(code: 0): There are no commands defined in the \"l5-swagger\" namespace. at C:\\Users\\DELL\\Documents\\boilerplateeeee\\microservice\\vendor\\symfony\\console\\Application.php:624)
[stacktrace]
#0 C:\\Users\\DELL\\Documents\\boilerplateeeee\\microservice\\vendor\\symfony\\console\\Application.php(675): Symfony\\Component\\Console\\Application->findNamespace('l5-swagger')
#1 C:\\Users\\DELL\\Documents\\boilerplateeeee\\microservice\\vendor\\symfony\\console\\Application.php(259): Symfony\\Component\\Console\\Application->find('l5-swagger:gene...')
#2 C:\\Users\\DELL\\Documents\\boilerplateeeee\\microservice\\vendor\\symfony\\console\\Application.php(171): Symfony\\Component\\Console\\Application->doRun(Object(Symfony\\Component\\Console\\Input\\ArgvInput), Object(Symfony\\Component\\Console\\Output\\ConsoleOutput))
#3 C:\\Users\\DELL\\Documents\\boilerplateeeee\\microservice\\vendor\\laravel\\framework\\src\\Illuminate\\Console\\Application.php(102): Symfony\\Component\\Console\\Application->run(Object(Symfony\\Component\\Console\\Input\\ArgvInput), Object(Symfony\\Component\\Console\\Output\\ConsoleOutput))
#4 C:\\Users\\DELL\\Documents\\boilerplateeeee\\microservice\\vendor\\laravel\\lumen-framework\\src\\Console\\Kernel.php(116): Illuminate\\Console\\Application->run(Object(Symfony\\Component\\Console\\Input\\ArgvInput), Object(Symfony\\Component\\Console\\Output\\ConsoleOutput))
#5 C:\\Users\\DELL\\Documents\\boilerplateeeee\\microservice\\artisan(35): Laravel\\Lumen\\Console\\Kernel->handle(Object(Symfony\\Component\\Console\\Input\\ArgvInput), Object(Symfony\\Component\\Console\\Output\\ConsoleOutput))
#6 {main}
"} 
[2024-08-02 13:30:13] local.ERROR: [Syntax Error] Expected Doctrine\Common\Annotations\DocLexer::T_CLOSE_PARENTHESIS, got end of string in \App\Http\Controllers\API\V1\TagController->store() in C:\Users\DELL\Documents\boilerplateeeee\microservice\app\Http\Controllers\API\V1\TagController.php on line 140.; file=C:\Users\DELL\Documents\boilerplateeeee\microservice\app\Http\Controllers\API\V1\TagController.php {"exception":"[object] (ErrorException(code: 0): [Syntax Error] Expected Doctrine\\Common\\Annotations\\DocLexer::T_CLOSE_PARENTHESIS, got end of string in \\App\\Http\\Controllers\\API\\V1\\TagController->store() in C:\\Users\\DELL\\Documents\\boilerplateeeee\\microservice\\app\\Http\\Controllers\\API\\V1\\TagController.php on line 140.; file=C:\\Users\\DELL\\Documents\\boilerplateeeee\\microservice\\app\\Http\\Controllers\\API\\V1\\TagController.php at C:\\Users\\DELL\\Documents\\boilerplateeeee\\microservice\\vendor\\zircote\\swagger-php\\src\\Loggers\\DefaultLogger.php:31)
[stacktrace]
#0 C:\\Users\\DELL\\Documents\\boilerplateeeee\\microservice\\vendor\\laravel\\lumen-framework\\src\\Concerns\\RegistersExceptionHandlers.php(47): Laravel\\Lumen\\Application->handleError(512, '[Syntax Error] ...', 'C:\\\\Users\\\\DELL\\\\D...', 31)
#1 [internal function]: Laravel\\Lumen\\Application->Laravel\\Lumen\\Concerns\\{closure}(512, '[Syntax Error] ...', 'C:\\\\Users\\\\DELL\\\\D...', 31)
#2 C:\\Users\\DELL\\Documents\\boilerplateeeee\\microservice\\vendor\\zircote\\swagger-php\\src\\Loggers\\DefaultLogger.php(31): trigger_error('[Syntax Error] ...', 512)
#3 C:\\Users\\DELL\\Documents\\boilerplateeeee\\microservice\\vendor\\psr\\log\\src\\LoggerTrait.php(70): OpenApi\\Loggers\\DefaultLogger->log('error', '[Syntax Error] ...', Array)
#4 C:\\Users\\DELL\\Documents\\boilerplateeeee\\microservice\\vendor\\zircote\\swagger-php\\src\\Analysers\\DocBlockParser.php(83): Psr\\Log\\AbstractLogger->error('[Syntax Error] ...', Array)
#5 C:\\Users\\DELL\\Documents\\boilerplateeeee\\microservice\\vendor\\zircote\\swagger-php\\src\\Analysers\\DocBlockAnnotationFactory.php(60): OpenApi\\Analysers\\DocBlockParser->fromComment('/**\\r\\n * @OA\\\\Pos...', Object(OpenApi\\Context))
#6 C:\\Users\\DELL\\Documents\\boilerplateeeee\\microservice\\vendor\\zircote\\swagger-php\\src\\Analysers\\ReflectionAnalyser.php(139): OpenApi\\Analysers\\DocBlockAnnotationFactory->build(Object(ReflectionMethod), Object(OpenApi\\Context))
#7 C:\\Users\\DELL\\Documents\\boilerplateeeee\\microservice\\vendor\\zircote\\swagger-php\\src\\Analysers\\ReflectionAnalyser.php(63): OpenApi\\Analysers\\ReflectionAnalyser->analyzeFqdn('App\\\\Http\\\\Contro...', Object(OpenApi\\Analysis), Array)
#8 C:\\Users\\DELL\\Documents\\boilerplateeeee\\microservice\\vendor\\zircote\\swagger-php\\src\\Generator.php(529): OpenApi\\Analysers\\ReflectionAnalyser->fromFile('C:\\\\Users\\\\DELL\\\\D...', Object(OpenApi\\Context))
#9 C:\\Users\\DELL\\Documents\\boilerplateeeee\\microservice\\vendor\\zircote\\swagger-php\\src\\Generator.php(489): OpenApi\\Generator->scanSources(Object(Symfony\\Component\\Finder\\Finder), Object(OpenApi\\Analysis), Object(OpenApi\\Context))
#10 C:\\Users\\DELL\\Documents\\boilerplateeeee\\microservice\\vendor\\darkaonline\\swagger-lume\\src\\Generator.php(32): OpenApi\\Generator->generate(Object(Symfony\\Component\\Finder\\Finder))
#11 C:\\Users\\DELL\\Documents\\boilerplateeeee\\microservice\\vendor\\darkaonline\\swagger-lume\\src\\Console\\GenerateDocsCommand.php(32): SwaggerLume\\Generator::generateDocs()
#12 C:\\Users\\DELL\\Documents\\boilerplateeeee\\microservice\\vendor\\laravel\\framework\\src\\Illuminate\\Container\\BoundMethod.php(36): SwaggerLume\\Console\\GenerateDocsCommand->handle()
#13 C:\\Users\\DELL\\Documents\\boilerplateeeee\\microservice\\vendor\\laravel\\framework\\src\\Illuminate\\Container\\Util.php(41): Illuminate\\Container\\BoundMethod::Illuminate\\Container\\{closure}()
#14 C:\\Users\\DELL\\Documents\\boilerplateeeee\\microservice\\vendor\\laravel\\framework\\src\\Illuminate\\Container\\BoundMethod.php(93): Illuminate\\Container\\Util::unwrapIfClosure(Object(Closure))
#15 C:\\Users\\DELL\\Documents\\boilerplateeeee\\microservice\\vendor\\laravel\\framework\\src\\Illuminate\\Container\\BoundMethod.php(37): Illuminate\\Container\\BoundMethod::callBoundMethod(Object(Laravel\\Lumen\\Application), Array, Object(Closure))
#16 C:\\Users\\DELL\\Documents\\boilerplateeeee\\microservice\\vendor\\laravel\\framework\\src\\Illuminate\\Container\\Container.php(661): Illuminate\\Container\\BoundMethod::call(Object(Laravel\\Lumen\\Application), Array, Array, NULL)
#17 C:\\Users\\DELL\\Documents\\boilerplateeeee\\microservice\\vendor\\laravel\\framework\\src\\Illuminate\\Console\\Command.php(183): Illuminate\\Container\\Container->call(Array)
#18 C:\\Users\\DELL\\Documents\\boilerplateeeee\\microservice\\vendor\\symfony\\console\\Command\\Command.php(291): Illuminate\\Console\\Command->execute(Object(Symfony\\Component\\Console\\Input\\ArgvInput), Object(Illuminate\\Console\\OutputStyle))
#19 C:\\Users\\DELL\\Documents\\boilerplateeeee\\microservice\\vendor\\laravel\\framework\\src\\Illuminate\\Console\\Command.php(153): Symfony\\Component\\Console\\Command\\Command->run(Object(Symfony\\Component\\Console\\Input\\ArgvInput), Object(Illuminate\\Console\\OutputStyle))
#20 C:\\Users\\DELL\\Documents\\boilerplateeeee\\microservice\\vendor\\symfony\\console\\Application.php(1014): Illuminate\\Console\\Command->run(Object(Symfony\\Component\\Console\\Input\\ArgvInput), Object(Symfony\\Component\\Console\\Output\\ConsoleOutput))
#21 C:\\Users\\DELL\\Documents\\boilerplateeeee\\microservice\\vendor\\symfony\\console\\Application.php(301): Symfony\\Component\\Console\\Application->doRunCommand(Object(SwaggerLume\\Console\\GenerateDocsCommand), Object(Symfony\\Component\\Console\\Input\\ArgvInput), Object(Symfony\\Component\\Console\\Output\\ConsoleOutput))
#22 C:\\Users\\DELL\\Documents\\boilerplateeeee\\microservice\\vendor\\symfony\\console\\Application.php(171): Symfony\\Component\\Console\\Application->doRun(Object(Symfony\\Component\\Console\\Input\\ArgvInput), Object(Symfony\\Component\\Console\\Output\\ConsoleOutput))
#23 C:\\Users\\DELL\\Documents\\boilerplateeeee\\microservice\\vendor\\laravel\\framework\\src\\Illuminate\\Console\\Application.php(102): Symfony\\Component\\Console\\Application->run(Object(Symfony\\Component\\Console\\Input\\ArgvInput), Object(Symfony\\Component\\Console\\Output\\ConsoleOutput))
#24 C:\\Users\\DELL\\Documents\\boilerplateeeee\\microservice\\vendor\\laravel\\lumen-framework\\src\\Console\\Kernel.php(116): Illuminate\\Console\\Application->run(Object(Symfony\\Component\\Console\\Input\\ArgvInput), Object(Symfony\\Component\\Console\\Output\\ConsoleOutput))
#25 C:\\Users\\DELL\\Documents\\boilerplateeeee\\microservice\\artisan(35): Laravel\\Lumen\\Console\\Kernel->handle(Object(Symfony\\Component\\Console\\Input\\ArgvInput), Object(Symfony\\Component\\Console\\Output\\ConsoleOutput))
#26 {main}
"} 
[2024-08-02 13:32:13] local.ERROR: Class "App\Models\App" not found {"exception":"[object] (Error(code: 0): Class \"App\\Models\\App\" not found at C:\\Users\\DELL\\Documents\\boilerplateeeee\\microservice\\app\\Models\\Post.php:27)
[stacktrace]
#0 C:\\Users\\DELL\\Documents\\boilerplateeeee\\microservice\\vendor\\laravel\\framework\\src\\Illuminate\\Events\\Dispatcher.php(421): App\\Models\\Post::App\\Models\\{closure}(Object(App\\Models\\Post))
#1 C:\\Users\\DELL\\Documents\\boilerplateeeee\\microservice\\vendor\\laravel\\framework\\src\\Illuminate\\Events\\Dispatcher.php(249): Illuminate\\Events\\Dispatcher->Illuminate\\Events\\{closure}('eloquent.saved:...', Array)
#2 C:\\Users\\DELL\\Documents\\boilerplateeeee\\microservice\\vendor\\laravel\\framework\\src\\Illuminate\\Database\\Eloquent\\Concerns\\HasEvents.php(189): Illuminate\\Events\\Dispatcher->dispatch('eloquent.saved:...', Array)
#3 C:\\Users\\DELL\\Documents\\boilerplateeeee\\microservice\\vendor\\laravel\\framework\\src\\Illuminate\\Database\\Eloquent\\Model.php(1177): Illuminate\\Database\\Eloquent\\Model->fireModelEvent('saved', false)
#4 C:\\Users\\DELL\\Documents\\boilerplateeeee\\microservice\\vendor\\laravel\\framework\\src\\Illuminate\\Database\\Eloquent\\Model.php(1150): Illuminate\\Database\\Eloquent\\Model->finishSave(Array)
#5 C:\\Users\\DELL\\Documents\\boilerplateeeee\\microservice\\vendor\\laravel\\framework\\src\\Illuminate\\Database\\Eloquent\\Builder.php(986): Illuminate\\Database\\Eloquent\\Model->save()
#6 C:\\Users\\DELL\\Documents\\boilerplateeeee\\microservice\\vendor\\laravel\\framework\\src\\Illuminate\\Support\\helpers.php(306): Illuminate\\Database\\Eloquent\\Builder->Illuminate\\Database\\Eloquent\\{closure}(Object(App\\Models\\Post))
#7 C:\\Users\\DELL\\Documents\\boilerplateeeee\\microservice\\vendor\\laravel\\framework\\src\\Illuminate\\Database\\Eloquent\\Builder.php(987): tap(Object(App\\Models\\Post), Object(Closure))
#8 C:\\Users\\DELL\\Documents\\boilerplateeeee\\microservice\\vendor\\laravel\\framework\\src\\Illuminate\\Support\\Traits\\ForwardsCalls.php(23): Illuminate\\Database\\Eloquent\\Builder->create(Array)
#9 C:\\Users\\DELL\\Documents\\boilerplateeeee\\microservice\\vendor\\laravel\\framework\\src\\Illuminate\\Database\\Eloquent\\Model.php(2330): Illuminate\\Database\\Eloquent\\Model->forwardCallTo(Object(Illuminate\\Database\\Eloquent\\Builder), 'create', Array)
#10 C:\\Users\\DELL\\Documents\\boilerplateeeee\\microservice\\vendor\\laravel\\framework\\src\\Illuminate\\Database\\Eloquent\\Model.php(2342): Illuminate\\Database\\Eloquent\\Model->__call('create', Array)
#11 C:\\Users\\DELL\\Documents\\boilerplateeeee\\microservice\\app\\Http\\Controllers\\API\\V1\\PostController.php(239): Illuminate\\Database\\Eloquent\\Model::__callStatic('create', Array)
#12 C:\\Users\\DELL\\Documents\\boilerplateeeee\\microservice\\vendor\\laravel\\framework\\src\\Illuminate\\Container\\BoundMethod.php(36): App\\Http\\Controllers\\API\\V1\\PostController->store(Object(Laravel\\Lumen\\Http\\Request))
#13 C:\\Users\\DELL\\Documents\\boilerplateeeee\\microservice\\vendor\\laravel\\framework\\src\\Illuminate\\Container\\Util.php(41): Illuminate\\Container\\BoundMethod::Illuminate\\Container\\{closure}()
#14 C:\\Users\\DELL\\Documents\\boilerplateeeee\\microservice\\vendor\\laravel\\framework\\src\\Illuminate\\Container\\BoundMethod.php(93): Illuminate\\Container\\Util::unwrapIfClosure(Object(Closure))
#15 C:\\Users\\DELL\\Documents\\boilerplateeeee\\microservice\\vendor\\laravel\\framework\\src\\Illuminate\\Container\\BoundMethod.php(37): Illuminate\\Container\\BoundMethod::callBoundMethod(Object(Laravel\\Lumen\\Application), Array, Object(Closure))
#16 C:\\Users\\DELL\\Documents\\boilerplateeeee\\microservice\\vendor\\laravel\\framework\\src\\Illuminate\\Container\\Container.php(661): Illuminate\\Container\\BoundMethod::call(Object(Laravel\\Lumen\\Application), Array, Array, NULL)
#17 C:\\Users\\DELL\\Documents\\boilerplateeeee\\microservice\\vendor\\laravel\\lumen-framework\\src\\Concerns\\RoutesRequests.php(391): Illuminate\\Container\\Container->call(Array, Array)
#18 C:\\Users\\DELL\\Documents\\boilerplateeeee\\microservice\\vendor\\laravel\\lumen-framework\\src\\Concerns\\RoutesRequests.php(357): Laravel\\Lumen\\Application->callControllerCallable(Array, Array)
#19 C:\\Users\\DELL\\Documents\\boilerplateeeee\\microservice\\vendor\\laravel\\lumen-framework\\src\\Concerns\\RoutesRequests.php(331): Laravel\\Lumen\\Application->callLumenController(Object(App\\Http\\Controllers\\API\\V1\\PostController), 'store', Array)
#20 C:\\Users\\DELL\\Documents\\boilerplateeeee\\microservice\\vendor\\laravel\\lumen-framework\\src\\Concerns\\RoutesRequests.php(284): Laravel\\Lumen\\Application->callControllerAction(Array)
#21 C:\\Users\\DELL\\Documents\\boilerplateeeee\\microservice\\vendor\\laravel\\lumen-framework\\src\\Concerns\\RoutesRequests.php(269): Laravel\\Lumen\\Application->callActionOnArrayBasedRoute(Array)
#22 C:\\Users\\DELL\\Documents\\boilerplateeeee\\microservice\\vendor\\laravel\\lumen-framework\\src\\Concerns\\RoutesRequests.php(171): Laravel\\Lumen\\Application->handleFoundRoute(Array)
#23 C:\\Users\\DELL\\Documents\\boilerplateeeee\\microservice\\vendor\\laravel\\lumen-framework\\src\\Concerns\\RoutesRequests.php(431): Laravel\\Lumen\\Application->Laravel\\Lumen\\Concerns\\{closure}(Object(Laravel\\Lumen\\Http\\Request))
#24 C:\\Users\\DELL\\Documents\\boilerplateeeee\\microservice\\vendor\\laravel\\lumen-framework\\src\\Concerns\\RoutesRequests.php(177): Laravel\\Lumen\\Application->sendThroughPipeline(Array, Object(Closure))
#25 C:\\Users\\DELL\\Documents\\boilerplateeeee\\microservice\\vendor\\laravel\\lumen-framework\\src\\Concerns\\RoutesRequests.php(112): Laravel\\Lumen\\Application->dispatch(NULL)
#26 C:\\Users\\DELL\\Documents\\boilerplateeeee\\microservice\\public\\index.php(28): Laravel\\Lumen\\Application->run()
#27 {main}
"} 
[2024-08-02 13:42:40] local.INFO: from db  
