[2024-07-07 12:29:43] local.ERROR: $ref "#/components/schemas/Tag" not found for @OA\Property(property="tag") in \App\Http\Controllers\API\V1\TagController->store() in C:\Users\DELL\Documents\boilerplateeeee\microservice\app\Http\Controllers\API\V1\TagController.php on line 146 {"exception":"[object] (ErrorException(code: 0): $ref \"#/components/schemas/Tag\" not found for @OA\\Property(property=\"tag\") in \\App\\Http\\Controllers\\API\\V1\\TagController->store() in C:\\Users\\DELL\\Documents\\boilerplateeeee\\microservice\\app\\Http\\Controllers\\API\\V1\\TagController.php on line 146 at C:\\Users\\DELL\\Documents\\boilerplateeeee\\microservice\\vendor\\zircote\\swagger-php\\src\\Loggers\\DefaultLogger.php:31)
[stacktrace]
#0 C:\\Users\\DELL\\Documents\\boilerplateeeee\\microservice\\vendor\\laravel\\lumen-framework\\src\\Concerns\\RegistersExceptionHandlers.php(47): Laravel\\Lumen\\Application->handleError(512, '$ref \"#/compone...', 'C:\\\\Users\\\\DELL\\\\D...', 31)
#1 [internal function]: Laravel\\Lumen\\Application->Laravel\\Lumen\\Concerns\\{closure}(512, '$ref \"#/compone...', 'C:\\\\Users\\\\DELL\\\\D...', 31)
#2 C:\\Users\\DELL\\Documents\\boilerplateeeee\\microservice\\vendor\\zircote\\swagger-php\\src\\Loggers\\DefaultLogger.php(31): trigger_error('$ref \"#/compone...', 512)
#3 C:\\Users\\DELL\\Documents\\boilerplateeeee\\microservice\\vendor\\psr\\log\\src\\LoggerTrait.php(86): OpenApi\\Loggers\\DefaultLogger->log('warning', '$ref \"#/compone...', Array)
#4 C:\\Users\\DELL\\Documents\\boilerplateeeee\\microservice\\vendor\\zircote\\swagger-php\\src\\Annotations\\AbstractAnnotation.php(511): Psr\\Log\\AbstractLogger->warning('$ref \"#/compone...', Array)
#5 C:\\Users\\DELL\\Documents\\boilerplateeeee\\microservice\\vendor\\zircote\\swagger-php\\src\\Annotations\\Schema.php(517): OpenApi\\Annotations\\AbstractAnnotation->validate(Array, Array, '#/paths/6/post/...', Object(stdClass))
#6 C:\\Users\\DELL\\Documents\\boilerplateeeee\\microservice\\vendor\\zircote\\swagger-php\\src\\Annotations\\AbstractAnnotation.php(592): OpenApi\\Annotations\\Schema->validate(Array, Array, '#/paths/6/post/...', Object(stdClass))
#7 C:\\Users\\DELL\\Documents\\boilerplateeeee\\microservice\\vendor\\zircote\\swagger-php\\src\\Annotations\\AbstractAnnotation.php(598): OpenApi\\Annotations\\AbstractAnnotation::_validate(Array, Array, Array, '#/paths/6/post/...', Object(stdClass))
#8 C:\\Users\\DELL\\Documents\\boilerplateeeee\\microservice\\vendor\\zircote\\swagger-php\\src\\Annotations\\AbstractAnnotation.php(565): OpenApi\\Annotations\\AbstractAnnotation::_validate(Object(OpenApi\\Annotations\\JsonContent), Array, Array, '#/paths/6/post/...', Object(stdClass))
#9 C:\\Users\\DELL\\Documents\\boilerplateeeee\\microservice\\vendor\\zircote\\swagger-php\\src\\Annotations\\Schema.php(517): OpenApi\\Annotations\\AbstractAnnotation->validate(Array, Array, '#/paths/6/post/...', Object(stdClass))
#10 C:\\Users\\DELL\\Documents\\boilerplateeeee\\microservice\\vendor\\zircote\\swagger-php\\src\\Annotations\\AbstractAnnotation.php(592): OpenApi\\Annotations\\Schema->validate(Array, Array, '#/paths/6/post/...', Object(stdClass))
#11 C:\\Users\\DELL\\Documents\\boilerplateeeee\\microservice\\vendor\\zircote\\swagger-php\\src\\Annotations\\AbstractAnnotation.php(565): OpenApi\\Annotations\\AbstractAnnotation::_validate(Object(OpenApi\\Annotations\\MediaType), Array, Array, '#/paths/6/post/...', Object(stdClass))
#12 C:\\Users\\DELL\\Documents\\boilerplateeeee\\microservice\\vendor\\zircote\\swagger-php\\src\\Annotations\\AbstractAnnotation.php(592): OpenApi\\Annotations\\AbstractAnnotation->validate(Array, Array, '#/paths/6/post/...', Object(stdClass))
#13 C:\\Users\\DELL\\Documents\\boilerplateeeee\\microservice\\vendor\\zircote\\swagger-php\\src\\Annotations\\AbstractAnnotation.php(598): OpenApi\\Annotations\\AbstractAnnotation::_validate(Array, Array, Array, '#/paths/6/post/...', Object(stdClass))
#14 C:\\Users\\DELL\\Documents\\boilerplateeeee\\microservice\\vendor\\zircote\\swagger-php\\src\\Annotations\\AbstractAnnotation.php(565): OpenApi\\Annotations\\AbstractAnnotation::_validate(Object(OpenApi\\Annotations\\Response), Array, Array, '#/paths/6/post/...', Object(stdClass))
#15 C:\\Users\\DELL\\Documents\\boilerplateeeee\\microservice\\vendor\\zircote\\swagger-php\\src\\Annotations\\Response.php(121): OpenApi\\Annotations\\AbstractAnnotation->validate(Array, Array, '#/paths/6/post/...', Object(stdClass))
#16 C:\\Users\\DELL\\Documents\\boilerplateeeee\\microservice\\vendor\\zircote\\swagger-php\\src\\Annotations\\AbstractAnnotation.php(592): OpenApi\\Annotations\\Response->validate(Array, Array, '#/paths/6/post/...', Object(stdClass))
#17 C:\\Users\\DELL\\Documents\\boilerplateeeee\\microservice\\vendor\\zircote\\swagger-php\\src\\Annotations\\AbstractAnnotation.php(598): OpenApi\\Annotations\\AbstractAnnotation::_validate(Array, Array, Array, '#/paths/6/post/...', Object(stdClass))
#18 C:\\Users\\DELL\\Documents\\boilerplateeeee\\microservice\\vendor\\zircote\\swagger-php\\src\\Annotations\\AbstractAnnotation.php(565): OpenApi\\Annotations\\AbstractAnnotation::_validate(Object(OpenApi\\Annotations\\Post), Array, Array, '#/paths/6/post', Object(stdClass))
#19 C:\\Users\\DELL\\Documents\\boilerplateeeee\\microservice\\vendor\\zircote\\swagger-php\\src\\Annotations\\Operation.php(223): OpenApi\\Annotations\\AbstractAnnotation->validate(Array, Array, '#/paths/6/post', Object(stdClass))
#20 C:\\Users\\DELL\\Documents\\boilerplateeeee\\microservice\\vendor\\zircote\\swagger-php\\src\\Annotations\\AbstractAnnotation.php(592): OpenApi\\Annotations\\Operation->validate(Array, Array, '#/paths/6/post', Object(stdClass))
#21 C:\\Users\\DELL\\Documents\\boilerplateeeee\\microservice\\vendor\\zircote\\swagger-php\\src\\Annotations\\AbstractAnnotation.php(565): OpenApi\\Annotations\\AbstractAnnotation::_validate(Object(OpenApi\\Annotations\\PathItem), Array, Array, '#/paths/6', Object(stdClass))
#22 C:\\Users\\DELL\\Documents\\boilerplateeeee\\microservice\\vendor\\zircote\\swagger-php\\src\\Annotations\\AbstractAnnotation.php(592): OpenApi\\Annotations\\AbstractAnnotation->validate(Array, Array, '#/paths/6', Object(stdClass))
#23 C:\\Users\\DELL\\Documents\\boilerplateeeee\\microservice\\vendor\\zircote\\swagger-php\\src\\Annotations\\AbstractAnnotation.php(598): OpenApi\\Annotations\\AbstractAnnotation::_validate(Array, Array, Array, '#/paths', Object(stdClass))
#24 C:\\Users\\DELL\\Documents\\boilerplateeeee\\microservice\\vendor\\zircote\\swagger-php\\src\\Annotations\\AbstractAnnotation.php(565): OpenApi\\Annotations\\AbstractAnnotation::_validate(Object(OpenApi\\Annotations\\OpenApi), Array, Array, '#', Object(stdClass))
#25 C:\\Users\\DELL\\Documents\\boilerplateeeee\\microservice\\vendor\\zircote\\swagger-php\\src\\Annotations\\OpenApi.php(170): OpenApi\\Annotations\\AbstractAnnotation->validate(Array, Array, '#', Object(stdClass))
#26 C:\\Users\\DELL\\Documents\\boilerplateeeee\\microservice\\vendor\\zircote\\swagger-php\\src\\Analysis.php(440): OpenApi\\Annotations\\OpenApi->validate()
#27 C:\\Users\\DELL\\Documents\\boilerplateeeee\\microservice\\vendor\\zircote\\swagger-php\\src\\Generator.php(503): OpenApi\\Analysis->validate()
#28 C:\\Users\\DELL\\Documents\\boilerplateeeee\\microservice\\vendor\\darkaonline\\swagger-lume\\src\\Generator.php(32): OpenApi\\Generator->generate(Object(Symfony\\Component\\Finder\\Finder))
#29 C:\\Users\\DELL\\Documents\\boilerplateeeee\\microservice\\vendor\\darkaonline\\swagger-lume\\src\\Console\\GenerateDocsCommand.php(32): SwaggerLume\\Generator::generateDocs()
#30 C:\\Users\\DELL\\Documents\\boilerplateeeee\\microservice\\vendor\\laravel\\framework\\src\\Illuminate\\Container\\BoundMethod.php(36): SwaggerLume\\Console\\GenerateDocsCommand->handle()
#31 C:\\Users\\DELL\\Documents\\boilerplateeeee\\microservice\\vendor\\laravel\\framework\\src\\Illuminate\\Container\\Util.php(41): Illuminate\\Container\\BoundMethod::Illuminate\\Container\\{closure}()
#32 C:\\Users\\DELL\\Documents\\boilerplateeeee\\microservice\\vendor\\laravel\\framework\\src\\Illuminate\\Container\\BoundMethod.php(93): Illuminate\\Container\\Util::unwrapIfClosure(Object(Closure))
#33 C:\\Users\\DELL\\Documents\\boilerplateeeee\\microservice\\vendor\\laravel\\framework\\src\\Illuminate\\Container\\BoundMethod.php(37): Illuminate\\Container\\BoundMethod::callBoundMethod(Object(Laravel\\Lumen\\Application), Array, Object(Closure))
#34 C:\\Users\\DELL\\Documents\\boilerplateeeee\\microservice\\vendor\\laravel\\framework\\src\\Illuminate\\Container\\Container.php(661): Illuminate\\Container\\BoundMethod::call(Object(Laravel\\Lumen\\Application), Array, Array, NULL)
#35 C:\\Users\\DELL\\Documents\\boilerplateeeee\\microservice\\vendor\\laravel\\framework\\src\\Illuminate\\Console\\Command.php(183): Illuminate\\Container\\Container->call(Array)
#36 C:\\Users\\DELL\\Documents\\boilerplateeeee\\microservice\\vendor\\symfony\\console\\Command\\Command.php(291): Illuminate\\Console\\Command->execute(Object(Symfony\\Component\\Console\\Input\\ArgvInput), Object(Illuminate\\Console\\OutputStyle))
#37 C:\\Users\\DELL\\Documents\\boilerplateeeee\\microservice\\vendor\\laravel\\framework\\src\\Illuminate\\Console\\Command.php(153): Symfony\\Component\\Console\\Command\\Command->run(Object(Symfony\\Component\\Console\\Input\\ArgvInput), Object(Illuminate\\Console\\OutputStyle))
#38 C:\\Users\\DELL\\Documents\\boilerplateeeee\\microservice\\vendor\\symfony\\console\\Application.php(1014): Illuminate\\Console\\Command->run(Object(Symfony\\Component\\Console\\Input\\ArgvInput), Object(Symfony\\Component\\Console\\Output\\ConsoleOutput))
#39 C:\\Users\\DELL\\Documents\\boilerplateeeee\\microservice\\vendor\\symfony\\console\\Application.php(301): Symfony\\Component\\Console\\Application->doRunCommand(Object(SwaggerLume\\Console\\GenerateDocsCommand), Object(Symfony\\Component\\Console\\Input\\ArgvInput), Object(Symfony\\Component\\Console\\Output\\ConsoleOutput))
#40 C:\\Users\\DELL\\Documents\\boilerplateeeee\\microservice\\vendor\\symfony\\console\\Application.php(171): Symfony\\Component\\Console\\Application->doRun(Object(Symfony\\Component\\Console\\Input\\ArgvInput), Object(Symfony\\Component\\Console\\Output\\ConsoleOutput))
#41 C:\\Users\\DELL\\Documents\\boilerplateeeee\\microservice\\vendor\\laravel\\framework\\src\\Illuminate\\Console\\Application.php(102): Symfony\\Component\\Console\\Application->run(Object(Symfony\\Component\\Console\\Input\\ArgvInput), Object(Symfony\\Component\\Console\\Output\\ConsoleOutput))
#42 C:\\Users\\DELL\\Documents\\boilerplateeeee\\microservice\\vendor\\laravel\\lumen-framework\\src\\Console\\Kernel.php(116): Illuminate\\Console\\Application->run(Object(Symfony\\Component\\Console\\Input\\ArgvInput), Object(Symfony\\Component\\Console\\Output\\ConsoleOutput))
#43 C:\\Users\\DELL\\Documents\\boilerplateeeee\\microservice\\artisan(35): Laravel\\Lumen\\Console\\Kernel->handle(Object(Symfony\\Component\\Console\\Input\\ArgvInput), Object(Symfony\\Component\\Console\\Output\\ConsoleOutput))
#44 {main}
"} 
[2024-07-07 12:31:03] local.ERROR: SQLSTATE[22P02]: Invalid text representation: 7 ERREUR:  syntaxe en entrée invalide pour le type bigint : « %7BpostId%7D »
CONTEXT:  paramètre de portail non nommé $1 = '...' (SQL: select * from "posts" where "posts"."id" = %7BpostId%7D and "posts"."deleted_at" is null limit 1) {"exception":"[object] (Illuminate\\Database\\QueryException(code: 22P02): SQLSTATE[22P02]: Invalid text representation: 7 ERREUR:  syntaxe en entrée invalide pour le type bigint : « %7BpostId%7D »
CONTEXT:  paramètre de portail non nommé $1 = '...' (SQL: select * from \"posts\" where \"posts\".\"id\" = %7BpostId%7D and \"posts\".\"deleted_at\" is null limit 1) at C:\\Users\\DELL\\Documents\\boilerplateeeee\\microservice\\vendor\\laravel\\framework\\src\\Illuminate\\Database\\Connection.php:760)
[stacktrace]
#0 C:\\Users\\DELL\\Documents\\boilerplateeeee\\microservice\\vendor\\laravel\\framework\\src\\Illuminate\\Database\\Connection.php(720): Illuminate\\Database\\Connection->runQueryCallback('select * from \"...', Array, Object(Closure))
#1 C:\\Users\\DELL\\Documents\\boilerplateeeee\\microservice\\vendor\\laravel\\framework\\src\\Illuminate\\Database\\Connection.php(422): Illuminate\\Database\\Connection->run('select * from \"...', Array, Object(Closure))
#2 C:\\Users\\DELL\\Documents\\boilerplateeeee\\microservice\\vendor\\laravel\\framework\\src\\Illuminate\\Database\\Query\\Builder.php(2706): Illuminate\\Database\\Connection->select('select * from \"...', Array, true)
#3 C:\\Users\\DELL\\Documents\\boilerplateeeee\\microservice\\vendor\\laravel\\framework\\src\\Illuminate\\Database\\Query\\Builder.php(2694): Illuminate\\Database\\Query\\Builder->runSelect()
#4 C:\\Users\\DELL\\Documents\\boilerplateeeee\\microservice\\vendor\\laravel\\framework\\src\\Illuminate\\Database\\Query\\Builder.php(3230): Illuminate\\Database\\Query\\Builder->Illuminate\\Database\\Query\\{closure}()
#5 C:\\Users\\DELL\\Documents\\boilerplateeeee\\microservice\\vendor\\laravel\\framework\\src\\Illuminate\\Database\\Query\\Builder.php(2695): Illuminate\\Database\\Query\\Builder->onceWithColumns(Array, Object(Closure))
#6 C:\\Users\\DELL\\Documents\\boilerplateeeee\\microservice\\vendor\\laravel\\framework\\src\\Illuminate\\Database\\Eloquent\\Builder.php(710): Illuminate\\Database\\Query\\Builder->get(Array)
#7 C:\\Users\\DELL\\Documents\\boilerplateeeee\\microservice\\vendor\\laravel\\framework\\src\\Illuminate\\Database\\Eloquent\\Builder.php(694): Illuminate\\Database\\Eloquent\\Builder->getModels(Array)
#8 C:\\Users\\DELL\\Documents\\boilerplateeeee\\microservice\\vendor\\laravel\\framework\\src\\Illuminate\\Database\\Concerns\\BuildsQueries.php(296): Illuminate\\Database\\Eloquent\\Builder->get(Array)
#9 C:\\Users\\DELL\\Documents\\boilerplateeeee\\microservice\\vendor\\laravel\\framework\\src\\Illuminate\\Database\\Eloquent\\Builder.php(442): Illuminate\\Database\\Eloquent\\Builder->first(Array)
#10 C:\\Users\\DELL\\Documents\\boilerplateeeee\\microservice\\vendor\\laravel\\framework\\src\\Illuminate\\Database\\Eloquent\\Builder.php(474): Illuminate\\Database\\Eloquent\\Builder->find('%7BpostId%7D', Array)
#11 C:\\Users\\DELL\\Documents\\boilerplateeeee\\microservice\\vendor\\laravel\\framework\\src\\Illuminate\\Support\\Traits\\ForwardsCalls.php(23): Illuminate\\Database\\Eloquent\\Builder->findOrFail('%7BpostId%7D')
#12 C:\\Users\\DELL\\Documents\\boilerplateeeee\\microservice\\vendor\\laravel\\framework\\src\\Illuminate\\Database\\Eloquent\\Model.php(2330): Illuminate\\Database\\Eloquent\\Model->forwardCallTo(Object(Illuminate\\Database\\Eloquent\\Builder), 'findOrFail', Array)
#13 C:\\Users\\DELL\\Documents\\boilerplateeeee\\microservice\\vendor\\laravel\\framework\\src\\Illuminate\\Database\\Eloquent\\Model.php(2342): Illuminate\\Database\\Eloquent\\Model->__call('findOrFail', Array)
#14 C:\\Users\\DELL\\Documents\\boilerplateeeee\\microservice\\app\\Http\\Controllers\\API\\V1\\TagController.php(136): Illuminate\\Database\\Eloquent\\Model::__callStatic('findOrFail', Array)
#15 C:\\Users\\DELL\\Documents\\boilerplateeeee\\microservice\\vendor\\laravel\\framework\\src\\Illuminate\\Container\\BoundMethod.php(36): App\\Http\\Controllers\\API\\V1\\TagController->store(Object(Laravel\\Lumen\\Http\\Request), '%7BpostId%7D')
#16 C:\\Users\\DELL\\Documents\\boilerplateeeee\\microservice\\vendor\\laravel\\framework\\src\\Illuminate\\Container\\Util.php(41): Illuminate\\Container\\BoundMethod::Illuminate\\Container\\{closure}()
#17 C:\\Users\\DELL\\Documents\\boilerplateeeee\\microservice\\vendor\\laravel\\framework\\src\\Illuminate\\Container\\BoundMethod.php(93): Illuminate\\Container\\Util::unwrapIfClosure(Object(Closure))
#18 C:\\Users\\DELL\\Documents\\boilerplateeeee\\microservice\\vendor\\laravel\\framework\\src\\Illuminate\\Container\\BoundMethod.php(37): Illuminate\\Container\\BoundMethod::callBoundMethod(Object(Laravel\\Lumen\\Application), Array, Object(Closure))
#19 C:\\Users\\DELL\\Documents\\boilerplateeeee\\microservice\\vendor\\laravel\\framework\\src\\Illuminate\\Container\\Container.php(661): Illuminate\\Container\\BoundMethod::call(Object(Laravel\\Lumen\\Application), Array, Array, NULL)
#20 C:\\Users\\DELL\\Documents\\boilerplateeeee\\microservice\\vendor\\laravel\\lumen-framework\\src\\Concerns\\RoutesRequests.php(391): Illuminate\\Container\\Container->call(Array, Array)
#21 C:\\Users\\DELL\\Documents\\boilerplateeeee\\microservice\\vendor\\laravel\\lumen-framework\\src\\Concerns\\RoutesRequests.php(357): Laravel\\Lumen\\Application->callControllerCallable(Array, Array)
#22 C:\\Users\\DELL\\Documents\\boilerplateeeee\\microservice\\vendor\\laravel\\lumen-framework\\src\\Concerns\\RoutesRequests.php(331): Laravel\\Lumen\\Application->callLumenController(Object(App\\Http\\Controllers\\API\\V1\\TagController), 'store', Array)
#23 C:\\Users\\DELL\\Documents\\boilerplateeeee\\microservice\\vendor\\laravel\\lumen-framework\\src\\Concerns\\RoutesRequests.php(284): Laravel\\Lumen\\Application->callControllerAction(Array)
#24 C:\\Users\\DELL\\Documents\\boilerplateeeee\\microservice\\vendor\\laravel\\lumen-framework\\src\\Concerns\\RoutesRequests.php(269): Laravel\\Lumen\\Application->callActionOnArrayBasedRoute(Array)
#25 C:\\Users\\DELL\\Documents\\boilerplateeeee\\microservice\\vendor\\laravel\\lumen-framework\\src\\Concerns\\RoutesRequests.php(239): Laravel\\Lumen\\Application->handleFoundRoute(Array)
#26 C:\\Users\\DELL\\Documents\\boilerplateeeee\\microservice\\vendor\\laravel\\lumen-framework\\src\\Concerns\\RoutesRequests.php(175): Laravel\\Lumen\\Application->handleDispatcherResponse(Array)
#27 C:\\Users\\DELL\\Documents\\boilerplateeeee\\microservice\\vendor\\laravel\\lumen-framework\\src\\Concerns\\RoutesRequests.php(431): Laravel\\Lumen\\Application->Laravel\\Lumen\\Concerns\\{closure}(Object(Laravel\\Lumen\\Http\\Request))
#28 C:\\Users\\DELL\\Documents\\boilerplateeeee\\microservice\\vendor\\laravel\\lumen-framework\\src\\Concerns\\RoutesRequests.php(177): Laravel\\Lumen\\Application->sendThroughPipeline(Array, Object(Closure))
#29 C:\\Users\\DELL\\Documents\\boilerplateeeee\\microservice\\vendor\\laravel\\lumen-framework\\src\\Concerns\\RoutesRequests.php(112): Laravel\\Lumen\\Application->dispatch(NULL)
#30 C:\\Users\\DELL\\Documents\\boilerplateeeee\\microservice\\public\\index.php(28): Laravel\\Lumen\\Application->run()
#31 {main}

[previous exception] [object] (PDOException(code: 22P02): SQLSTATE[22P02]: Invalid text representation: 7 ERREUR:  syntaxe en entrée invalide pour le type bigint : « %7BpostId%7D »
CONTEXT:  paramètre de portail non nommé $1 = '...' at C:\\Users\\DELL\\Documents\\boilerplateeeee\\microservice\\vendor\\laravel\\framework\\src\\Illuminate\\Database\\Connection.php:419)
[stacktrace]
#0 C:\\Users\\DELL\\Documents\\boilerplateeeee\\microservice\\vendor\\laravel\\framework\\src\\Illuminate\\Database\\Connection.php(419): PDOStatement->execute()
#1 C:\\Users\\DELL\\Documents\\boilerplateeeee\\microservice\\vendor\\laravel\\framework\\src\\Illuminate\\Database\\Connection.php(753): Illuminate\\Database\\Connection->Illuminate\\Database\\{closure}('select * from \"...', Array)
#2 C:\\Users\\DELL\\Documents\\boilerplateeeee\\microservice\\vendor\\laravel\\framework\\src\\Illuminate\\Database\\Connection.php(720): Illuminate\\Database\\Connection->runQueryCallback('select * from \"...', Array, Object(Closure))
#3 C:\\Users\\DELL\\Documents\\boilerplateeeee\\microservice\\vendor\\laravel\\framework\\src\\Illuminate\\Database\\Connection.php(422): Illuminate\\Database\\Connection->run('select * from \"...', Array, Object(Closure))
#4 C:\\Users\\DELL\\Documents\\boilerplateeeee\\microservice\\vendor\\laravel\\framework\\src\\Illuminate\\Database\\Query\\Builder.php(2706): Illuminate\\Database\\Connection->select('select * from \"...', Array, true)
#5 C:\\Users\\DELL\\Documents\\boilerplateeeee\\microservice\\vendor\\laravel\\framework\\src\\Illuminate\\Database\\Query\\Builder.php(2694): Illuminate\\Database\\Query\\Builder->runSelect()
#6 C:\\Users\\DELL\\Documents\\boilerplateeeee\\microservice\\vendor\\laravel\\framework\\src\\Illuminate\\Database\\Query\\Builder.php(3230): Illuminate\\Database\\Query\\Builder->Illuminate\\Database\\Query\\{closure}()
#7 C:\\Users\\DELL\\Documents\\boilerplateeeee\\microservice\\vendor\\laravel\\framework\\src\\Illuminate\\Database\\Query\\Builder.php(2695): Illuminate\\Database\\Query\\Builder->onceWithColumns(Array, Object(Closure))
#8 C:\\Users\\DELL\\Documents\\boilerplateeeee\\microservice\\vendor\\laravel\\framework\\src\\Illuminate\\Database\\Eloquent\\Builder.php(710): Illuminate\\Database\\Query\\Builder->get(Array)
#9 C:\\Users\\DELL\\Documents\\boilerplateeeee\\microservice\\vendor\\laravel\\framework\\src\\Illuminate\\Database\\Eloquent\\Builder.php(694): Illuminate\\Database\\Eloquent\\Builder->getModels(Array)
#10 C:\\Users\\DELL\\Documents\\boilerplateeeee\\microservice\\vendor\\laravel\\framework\\src\\Illuminate\\Database\\Concerns\\BuildsQueries.php(296): Illuminate\\Database\\Eloquent\\Builder->get(Array)
#11 C:\\Users\\DELL\\Documents\\boilerplateeeee\\microservice\\vendor\\laravel\\framework\\src\\Illuminate\\Database\\Eloquent\\Builder.php(442): Illuminate\\Database\\Eloquent\\Builder->first(Array)
#12 C:\\Users\\DELL\\Documents\\boilerplateeeee\\microservice\\vendor\\laravel\\framework\\src\\Illuminate\\Database\\Eloquent\\Builder.php(474): Illuminate\\Database\\Eloquent\\Builder->find('%7BpostId%7D', Array)
#13 C:\\Users\\DELL\\Documents\\boilerplateeeee\\microservice\\vendor\\laravel\\framework\\src\\Illuminate\\Support\\Traits\\ForwardsCalls.php(23): Illuminate\\Database\\Eloquent\\Builder->findOrFail('%7BpostId%7D')
#14 C:\\Users\\DELL\\Documents\\boilerplateeeee\\microservice\\vendor\\laravel\\framework\\src\\Illuminate\\Database\\Eloquent\\Model.php(2330): Illuminate\\Database\\Eloquent\\Model->forwardCallTo(Object(Illuminate\\Database\\Eloquent\\Builder), 'findOrFail', Array)
#15 C:\\Users\\DELL\\Documents\\boilerplateeeee\\microservice\\vendor\\laravel\\framework\\src\\Illuminate\\Database\\Eloquent\\Model.php(2342): Illuminate\\Database\\Eloquent\\Model->__call('findOrFail', Array)
#16 C:\\Users\\DELL\\Documents\\boilerplateeeee\\microservice\\app\\Http\\Controllers\\API\\V1\\TagController.php(136): Illuminate\\Database\\Eloquent\\Model::__callStatic('findOrFail', Array)
#17 C:\\Users\\DELL\\Documents\\boilerplateeeee\\microservice\\vendor\\laravel\\framework\\src\\Illuminate\\Container\\BoundMethod.php(36): App\\Http\\Controllers\\API\\V1\\TagController->store(Object(Laravel\\Lumen\\Http\\Request), '%7BpostId%7D')
#18 C:\\Users\\DELL\\Documents\\boilerplateeeee\\microservice\\vendor\\laravel\\framework\\src\\Illuminate\\Container\\Util.php(41): Illuminate\\Container\\BoundMethod::Illuminate\\Container\\{closure}()
#19 C:\\Users\\DELL\\Documents\\boilerplateeeee\\microservice\\vendor\\laravel\\framework\\src\\Illuminate\\Container\\BoundMethod.php(93): Illuminate\\Container\\Util::unwrapIfClosure(Object(Closure))
#20 C:\\Users\\DELL\\Documents\\boilerplateeeee\\microservice\\vendor\\laravel\\framework\\src\\Illuminate\\Container\\BoundMethod.php(37): Illuminate\\Container\\BoundMethod::callBoundMethod(Object(Laravel\\Lumen\\Application), Array, Object(Closure))
#21 C:\\Users\\DELL\\Documents\\boilerplateeeee\\microservice\\vendor\\laravel\\framework\\src\\Illuminate\\Container\\Container.php(661): Illuminate\\Container\\BoundMethod::call(Object(Laravel\\Lumen\\Application), Array, Array, NULL)
#22 C:\\Users\\DELL\\Documents\\boilerplateeeee\\microservice\\vendor\\laravel\\lumen-framework\\src\\Concerns\\RoutesRequests.php(391): Illuminate\\Container\\Container->call(Array, Array)
#23 C:\\Users\\DELL\\Documents\\boilerplateeeee\\microservice\\vendor\\laravel\\lumen-framework\\src\\Concerns\\RoutesRequests.php(357): Laravel\\Lumen\\Application->callControllerCallable(Array, Array)
#24 C:\\Users\\DELL\\Documents\\boilerplateeeee\\microservice\\vendor\\laravel\\lumen-framework\\src\\Concerns\\RoutesRequests.php(331): Laravel\\Lumen\\Application->callLumenController(Object(App\\Http\\Controllers\\API\\V1\\TagController), 'store', Array)
#25 C:\\Users\\DELL\\Documents\\boilerplateeeee\\microservice\\vendor\\laravel\\lumen-framework\\src\\Concerns\\RoutesRequests.php(284): Laravel\\Lumen\\Application->callControllerAction(Array)
#26 C:\\Users\\DELL\\Documents\\boilerplateeeee\\microservice\\vendor\\laravel\\lumen-framework\\src\\Concerns\\RoutesRequests.php(269): Laravel\\Lumen\\Application->callActionOnArrayBasedRoute(Array)
#27 C:\\Users\\DELL\\Documents\\boilerplateeeee\\microservice\\vendor\\laravel\\lumen-framework\\src\\Concerns\\RoutesRequests.php(239): Laravel\\Lumen\\Application->handleFoundRoute(Array)
#28 C:\\Users\\DELL\\Documents\\boilerplateeeee\\microservice\\vendor\\laravel\\lumen-framework\\src\\Concerns\\RoutesRequests.php(175): Laravel\\Lumen\\Application->handleDispatcherResponse(Array)
#29 C:\\Users\\DELL\\Documents\\boilerplateeeee\\microservice\\vendor\\laravel\\lumen-framework\\src\\Concerns\\RoutesRequests.php(431): Laravel\\Lumen\\Application->Laravel\\Lumen\\Concerns\\{closure}(Object(Laravel\\Lumen\\Http\\Request))
#30 C:\\Users\\DELL\\Documents\\boilerplateeeee\\microservice\\vendor\\laravel\\lumen-framework\\src\\Concerns\\RoutesRequests.php(177): Laravel\\Lumen\\Application->sendThroughPipeline(Array, Object(Closure))
#31 C:\\Users\\DELL\\Documents\\boilerplateeeee\\microservice\\vendor\\laravel\\lumen-framework\\src\\Concerns\\RoutesRequests.php(112): Laravel\\Lumen\\Application->dispatch(NULL)
#32 C:\\Users\\DELL\\Documents\\boilerplateeeee\\microservice\\public\\index.php(28): Laravel\\Lumen\\Application->run()
#33 {main}
"} 
[2024-07-07 12:50:41] local.ERROR: Undefined constant Illuminate\Http\Response::Response {"exception":"[object] (Error(code: 0): Undefined constant Illuminate\\Http\\Response::Response at C:\\Users\\DELL\\Documents\\boilerplateeeee\\microservice\\app\\Http\\Controllers\\API\\V1\\PostController.php:302)
[stacktrace]
#0 C:\\Users\\DELL\\Documents\\boilerplateeeee\\microservice\\vendor\\laravel\\framework\\src\\Illuminate\\Container\\BoundMethod.php(36): App\\Http\\Controllers\\API\\V1\\PostController->update(Object(Laravel\\Lumen\\Http\\Request), '9')
#1 C:\\Users\\DELL\\Documents\\boilerplateeeee\\microservice\\vendor\\laravel\\framework\\src\\Illuminate\\Container\\Util.php(41): Illuminate\\Container\\BoundMethod::Illuminate\\Container\\{closure}()
#2 C:\\Users\\DELL\\Documents\\boilerplateeeee\\microservice\\vendor\\laravel\\framework\\src\\Illuminate\\Container\\BoundMethod.php(93): Illuminate\\Container\\Util::unwrapIfClosure(Object(Closure))
#3 C:\\Users\\DELL\\Documents\\boilerplateeeee\\microservice\\vendor\\laravel\\framework\\src\\Illuminate\\Container\\BoundMethod.php(37): Illuminate\\Container\\BoundMethod::callBoundMethod(Object(Laravel\\Lumen\\Application), Array, Object(Closure))
#4 C:\\Users\\DELL\\Documents\\boilerplateeeee\\microservice\\vendor\\laravel\\framework\\src\\Illuminate\\Container\\Container.php(661): Illuminate\\Container\\BoundMethod::call(Object(Laravel\\Lumen\\Application), Array, Array, NULL)
#5 C:\\Users\\DELL\\Documents\\boilerplateeeee\\microservice\\vendor\\laravel\\lumen-framework\\src\\Concerns\\RoutesRequests.php(391): Illuminate\\Container\\Container->call(Array, Array)
#6 C:\\Users\\DELL\\Documents\\boilerplateeeee\\microservice\\vendor\\laravel\\lumen-framework\\src\\Concerns\\RoutesRequests.php(357): Laravel\\Lumen\\Application->callControllerCallable(Array, Array)
#7 C:\\Users\\DELL\\Documents\\boilerplateeeee\\microservice\\vendor\\laravel\\lumen-framework\\src\\Concerns\\RoutesRequests.php(331): Laravel\\Lumen\\Application->callLumenController(Object(App\\Http\\Controllers\\API\\V1\\PostController), 'update', Array)
#8 C:\\Users\\DELL\\Documents\\boilerplateeeee\\microservice\\vendor\\laravel\\lumen-framework\\src\\Concerns\\RoutesRequests.php(284): Laravel\\Lumen\\Application->callControllerAction(Array)
#9 C:\\Users\\DELL\\Documents\\boilerplateeeee\\microservice\\vendor\\laravel\\lumen-framework\\src\\Concerns\\RoutesRequests.php(269): Laravel\\Lumen\\Application->callActionOnArrayBasedRoute(Array)
#10 C:\\Users\\DELL\\Documents\\boilerplateeeee\\microservice\\vendor\\laravel\\lumen-framework\\src\\Concerns\\RoutesRequests.php(239): Laravel\\Lumen\\Application->handleFoundRoute(Array)
#11 C:\\Users\\DELL\\Documents\\boilerplateeeee\\microservice\\vendor\\laravel\\lumen-framework\\src\\Concerns\\RoutesRequests.php(175): Laravel\\Lumen\\Application->handleDispatcherResponse(Array)
#12 C:\\Users\\DELL\\Documents\\boilerplateeeee\\microservice\\vendor\\laravel\\lumen-framework\\src\\Concerns\\RoutesRequests.php(431): Laravel\\Lumen\\Application->Laravel\\Lumen\\Concerns\\{closure}(Object(Laravel\\Lumen\\Http\\Request))
#13 C:\\Users\\DELL\\Documents\\boilerplateeeee\\microservice\\vendor\\laravel\\lumen-framework\\src\\Concerns\\RoutesRequests.php(177): Laravel\\Lumen\\Application->sendThroughPipeline(Array, Object(Closure))
#14 C:\\Users\\DELL\\Documents\\boilerplateeeee\\microservice\\vendor\\laravel\\lumen-framework\\src\\Concerns\\RoutesRequests.php(112): Laravel\\Lumen\\Application->dispatch(NULL)
#15 C:\\Users\\DELL\\Documents\\boilerplateeeee\\microservice\\public\\index.php(28): Laravel\\Lumen\\Application->run()
#16 {main}
"} 
[2024-07-07 12:56:29] local.ERROR: Missing required field "in" for @OA\Parameter(name="title") in \App\Http\Controllers\API\V1\PostController->store() in C:\Users\DELL\Documents\boilerplateeeee\microservice\app\Http\Controllers\API\V1\PostController.php on line 188 {"exception":"[object] (ErrorException(code: 0): Missing required field \"in\" for @OA\\Parameter(name=\"title\") in \\App\\Http\\Controllers\\API\\V1\\PostController->store() in C:\\Users\\DELL\\Documents\\boilerplateeeee\\microservice\\app\\Http\\Controllers\\API\\V1\\PostController.php on line 188 at C:\\Users\\DELL\\Documents\\boilerplateeeee\\microservice\\vendor\\zircote\\swagger-php\\src\\Loggers\\DefaultLogger.php:31)
[stacktrace]
#0 C:\\Users\\DELL\\Documents\\boilerplateeeee\\microservice\\vendor\\laravel\\lumen-framework\\src\\Concerns\\RegistersExceptionHandlers.php(47): Laravel\\Lumen\\Application->handleError(512, 'Missing require...', 'C:\\\\Users\\\\DELL\\\\D...', 31)
#1 [internal function]: Laravel\\Lumen\\Application->Laravel\\Lumen\\Concerns\\{closure}(512, 'Missing require...', 'C:\\\\Users\\\\DELL\\\\D...', 31)
#2 C:\\Users\\DELL\\Documents\\boilerplateeeee\\microservice\\vendor\\zircote\\swagger-php\\src\\Loggers\\DefaultLogger.php(31): trigger_error('Missing require...', 512)
#3 C:\\Users\\DELL\\Documents\\boilerplateeeee\\microservice\\vendor\\psr\\log\\src\\LoggerTrait.php(86): OpenApi\\Loggers\\DefaultLogger->log('warning', 'Missing require...', Array)
#4 C:\\Users\\DELL\\Documents\\boilerplateeeee\\microservice\\vendor\\zircote\\swagger-php\\src\\Annotations\\AbstractAnnotation.php(532): Psr\\Log\\AbstractLogger->warning('Missing require...')
#5 C:\\Users\\DELL\\Documents\\boilerplateeeee\\microservice\\vendor\\zircote\\swagger-php\\src\\Annotations\\Parameter.php(278): OpenApi\\Annotations\\AbstractAnnotation->validate(Array, Array, '#/paths/0/post/...', Object(stdClass))
#6 C:\\Users\\DELL\\Documents\\boilerplateeeee\\microservice\\vendor\\zircote\\swagger-php\\src\\Annotations\\AbstractAnnotation.php(592): OpenApi\\Annotations\\Parameter->validate(Array, Array, '#/paths/0/post/...', Object(stdClass))
#7 C:\\Users\\DELL\\Documents\\boilerplateeeee\\microservice\\vendor\\zircote\\swagger-php\\src\\Annotations\\AbstractAnnotation.php(598): OpenApi\\Annotations\\AbstractAnnotation::_validate(Array, Array, Array, '#/paths/0/post/...', Object(stdClass))
#8 C:\\Users\\DELL\\Documents\\boilerplateeeee\\microservice\\vendor\\zircote\\swagger-php\\src\\Annotations\\AbstractAnnotation.php(565): OpenApi\\Annotations\\AbstractAnnotation::_validate(Object(OpenApi\\Annotations\\Post), Array, Array, '#/paths/0/post', Object(stdClass))
#9 C:\\Users\\DELL\\Documents\\boilerplateeeee\\microservice\\vendor\\zircote\\swagger-php\\src\\Annotations\\Operation.php(223): OpenApi\\Annotations\\AbstractAnnotation->validate(Array, Array, '#/paths/0/post', Object(stdClass))
#10 C:\\Users\\DELL\\Documents\\boilerplateeeee\\microservice\\vendor\\zircote\\swagger-php\\src\\Annotations\\AbstractAnnotation.php(592): OpenApi\\Annotations\\Operation->validate(Array, Array, '#/paths/0/post', Object(stdClass))
#11 C:\\Users\\DELL\\Documents\\boilerplateeeee\\microservice\\vendor\\zircote\\swagger-php\\src\\Annotations\\AbstractAnnotation.php(565): OpenApi\\Annotations\\AbstractAnnotation::_validate(Object(OpenApi\\Annotations\\PathItem), Array, Array, '#/paths/0', Object(stdClass))
#12 C:\\Users\\DELL\\Documents\\boilerplateeeee\\microservice\\vendor\\zircote\\swagger-php\\src\\Annotations\\AbstractAnnotation.php(592): OpenApi\\Annotations\\AbstractAnnotation->validate(Array, Array, '#/paths/0', Object(stdClass))
#13 C:\\Users\\DELL\\Documents\\boilerplateeeee\\microservice\\vendor\\zircote\\swagger-php\\src\\Annotations\\AbstractAnnotation.php(598): OpenApi\\Annotations\\AbstractAnnotation::_validate(Array, Array, Array, '#/paths', Object(stdClass))
#14 C:\\Users\\DELL\\Documents\\boilerplateeeee\\microservice\\vendor\\zircote\\swagger-php\\src\\Annotations\\AbstractAnnotation.php(565): OpenApi\\Annotations\\AbstractAnnotation::_validate(Object(OpenApi\\Annotations\\OpenApi), Array, Array, '#', Object(stdClass))
#15 C:\\Users\\DELL\\Documents\\boilerplateeeee\\microservice\\vendor\\zircote\\swagger-php\\src\\Annotations\\OpenApi.php(170): OpenApi\\Annotations\\AbstractAnnotation->validate(Array, Array, '#', Object(stdClass))
#16 C:\\Users\\DELL\\Documents\\boilerplateeeee\\microservice\\vendor\\zircote\\swagger-php\\src\\Analysis.php(440): OpenApi\\Annotations\\OpenApi->validate()
#17 C:\\Users\\DELL\\Documents\\boilerplateeeee\\microservice\\vendor\\zircote\\swagger-php\\src\\Generator.php(503): OpenApi\\Analysis->validate()
#18 C:\\Users\\DELL\\Documents\\boilerplateeeee\\microservice\\vendor\\darkaonline\\swagger-lume\\src\\Generator.php(32): OpenApi\\Generator->generate(Object(Symfony\\Component\\Finder\\Finder))
#19 C:\\Users\\DELL\\Documents\\boilerplateeeee\\microservice\\vendor\\darkaonline\\swagger-lume\\src\\Console\\GenerateDocsCommand.php(32): SwaggerLume\\Generator::generateDocs()
#20 C:\\Users\\DELL\\Documents\\boilerplateeeee\\microservice\\vendor\\laravel\\framework\\src\\Illuminate\\Container\\BoundMethod.php(36): SwaggerLume\\Console\\GenerateDocsCommand->handle()
#21 C:\\Users\\DELL\\Documents\\boilerplateeeee\\microservice\\vendor\\laravel\\framework\\src\\Illuminate\\Container\\Util.php(41): Illuminate\\Container\\BoundMethod::Illuminate\\Container\\{closure}()
#22 C:\\Users\\DELL\\Documents\\boilerplateeeee\\microservice\\vendor\\laravel\\framework\\src\\Illuminate\\Container\\BoundMethod.php(93): Illuminate\\Container\\Util::unwrapIfClosure(Object(Closure))
#23 C:\\Users\\DELL\\Documents\\boilerplateeeee\\microservice\\vendor\\laravel\\framework\\src\\Illuminate\\Container\\BoundMethod.php(37): Illuminate\\Container\\BoundMethod::callBoundMethod(Object(Laravel\\Lumen\\Application), Array, Object(Closure))
#24 C:\\Users\\DELL\\Documents\\boilerplateeeee\\microservice\\vendor\\laravel\\framework\\src\\Illuminate\\Container\\Container.php(661): Illuminate\\Container\\BoundMethod::call(Object(Laravel\\Lumen\\Application), Array, Array, NULL)
#25 C:\\Users\\DELL\\Documents\\boilerplateeeee\\microservice\\vendor\\laravel\\framework\\src\\Illuminate\\Console\\Command.php(183): Illuminate\\Container\\Container->call(Array)
#26 C:\\Users\\DELL\\Documents\\boilerplateeeee\\microservice\\vendor\\symfony\\console\\Command\\Command.php(291): Illuminate\\Console\\Command->execute(Object(Symfony\\Component\\Console\\Input\\ArgvInput), Object(Illuminate\\Console\\OutputStyle))
#27 C:\\Users\\DELL\\Documents\\boilerplateeeee\\microservice\\vendor\\laravel\\framework\\src\\Illuminate\\Console\\Command.php(153): Symfony\\Component\\Console\\Command\\Command->run(Object(Symfony\\Component\\Console\\Input\\ArgvInput), Object(Illuminate\\Console\\OutputStyle))
#28 C:\\Users\\DELL\\Documents\\boilerplateeeee\\microservice\\vendor\\symfony\\console\\Application.php(1014): Illuminate\\Console\\Command->run(Object(Symfony\\Component\\Console\\Input\\ArgvInput), Object(Symfony\\Component\\Console\\Output\\ConsoleOutput))
#29 C:\\Users\\DELL\\Documents\\boilerplateeeee\\microservice\\vendor\\symfony\\console\\Application.php(301): Symfony\\Component\\Console\\Application->doRunCommand(Object(SwaggerLume\\Console\\GenerateDocsCommand), Object(Symfony\\Component\\Console\\Input\\ArgvInput), Object(Symfony\\Component\\Console\\Output\\ConsoleOutput))
#30 C:\\Users\\DELL\\Documents\\boilerplateeeee\\microservice\\vendor\\symfony\\console\\Application.php(171): Symfony\\Component\\Console\\Application->doRun(Object(Symfony\\Component\\Console\\Input\\ArgvInput), Object(Symfony\\Component\\Console\\Output\\ConsoleOutput))
#31 C:\\Users\\DELL\\Documents\\boilerplateeeee\\microservice\\vendor\\laravel\\framework\\src\\Illuminate\\Console\\Application.php(102): Symfony\\Component\\Console\\Application->run(Object(Symfony\\Component\\Console\\Input\\ArgvInput), Object(Symfony\\Component\\Console\\Output\\ConsoleOutput))
#32 C:\\Users\\DELL\\Documents\\boilerplateeeee\\microservice\\vendor\\laravel\\lumen-framework\\src\\Console\\Kernel.php(116): Illuminate\\Console\\Application->run(Object(Symfony\\Component\\Console\\Input\\ArgvInput), Object(Symfony\\Component\\Console\\Output\\ConsoleOutput))
#33 C:\\Users\\DELL\\Documents\\boilerplateeeee\\microservice\\artisan(35): Laravel\\Lumen\\Console\\Kernel->handle(Object(Symfony\\Component\\Console\\Input\\ArgvInput), Object(Symfony\\Component\\Console\\Output\\ConsoleOutput))
#34 {main}
"} 
[2024-07-07 12:57:06] local.ERROR: Missing required field "in" for @OA\Parameter(name="title") in \App\Http\Controllers\API\V1\PostController->store() in C:\Users\DELL\Documents\boilerplateeeee\microservice\app\Http\Controllers\API\V1\PostController.php on line 184 {"exception":"[object] (ErrorException(code: 0): Missing required field \"in\" for @OA\\Parameter(name=\"title\") in \\App\\Http\\Controllers\\API\\V1\\PostController->store() in C:\\Users\\DELL\\Documents\\boilerplateeeee\\microservice\\app\\Http\\Controllers\\API\\V1\\PostController.php on line 184 at C:\\Users\\DELL\\Documents\\boilerplateeeee\\microservice\\vendor\\zircote\\swagger-php\\src\\Loggers\\DefaultLogger.php:31)
[stacktrace]
#0 C:\\Users\\DELL\\Documents\\boilerplateeeee\\microservice\\vendor\\laravel\\lumen-framework\\src\\Concerns\\RegistersExceptionHandlers.php(47): Laravel\\Lumen\\Application->handleError(512, 'Missing require...', 'C:\\\\Users\\\\DELL\\\\D...', 31)
#1 [internal function]: Laravel\\Lumen\\Application->Laravel\\Lumen\\Concerns\\{closure}(512, 'Missing require...', 'C:\\\\Users\\\\DELL\\\\D...', 31)
#2 C:\\Users\\DELL\\Documents\\boilerplateeeee\\microservice\\vendor\\zircote\\swagger-php\\src\\Loggers\\DefaultLogger.php(31): trigger_error('Missing require...', 512)
#3 C:\\Users\\DELL\\Documents\\boilerplateeeee\\microservice\\vendor\\psr\\log\\src\\LoggerTrait.php(86): OpenApi\\Loggers\\DefaultLogger->log('warning', 'Missing require...', Array)
#4 C:\\Users\\DELL\\Documents\\boilerplateeeee\\microservice\\vendor\\zircote\\swagger-php\\src\\Annotations\\AbstractAnnotation.php(532): Psr\\Log\\AbstractLogger->warning('Missing require...')
#5 C:\\Users\\DELL\\Documents\\boilerplateeeee\\microservice\\vendor\\zircote\\swagger-php\\src\\Annotations\\Parameter.php(278): OpenApi\\Annotations\\AbstractAnnotation->validate(Array, Array, '#/paths/0/post/...', Object(stdClass))
#6 C:\\Users\\DELL\\Documents\\boilerplateeeee\\microservice\\vendor\\zircote\\swagger-php\\src\\Annotations\\AbstractAnnotation.php(592): OpenApi\\Annotations\\Parameter->validate(Array, Array, '#/paths/0/post/...', Object(stdClass))
#7 C:\\Users\\DELL\\Documents\\boilerplateeeee\\microservice\\vendor\\zircote\\swagger-php\\src\\Annotations\\AbstractAnnotation.php(598): OpenApi\\Annotations\\AbstractAnnotation::_validate(Array, Array, Array, '#/paths/0/post/...', Object(stdClass))
#8 C:\\Users\\DELL\\Documents\\boilerplateeeee\\microservice\\vendor\\zircote\\swagger-php\\src\\Annotations\\AbstractAnnotation.php(565): OpenApi\\Annotations\\AbstractAnnotation::_validate(Object(OpenApi\\Annotations\\Post), Array, Array, '#/paths/0/post', Object(stdClass))
#9 C:\\Users\\DELL\\Documents\\boilerplateeeee\\microservice\\vendor\\zircote\\swagger-php\\src\\Annotations\\Operation.php(223): OpenApi\\Annotations\\AbstractAnnotation->validate(Array, Array, '#/paths/0/post', Object(stdClass))
#10 C:\\Users\\DELL\\Documents\\boilerplateeeee\\microservice\\vendor\\zircote\\swagger-php\\src\\Annotations\\AbstractAnnotation.php(592): OpenApi\\Annotations\\Operation->validate(Array, Array, '#/paths/0/post', Object(stdClass))
#11 C:\\Users\\DELL\\Documents\\boilerplateeeee\\microservice\\vendor\\zircote\\swagger-php\\src\\Annotations\\AbstractAnnotation.php(565): OpenApi\\Annotations\\AbstractAnnotation::_validate(Object(OpenApi\\Annotations\\PathItem), Array, Array, '#/paths/0', Object(stdClass))
#12 C:\\Users\\DELL\\Documents\\boilerplateeeee\\microservice\\vendor\\zircote\\swagger-php\\src\\Annotations\\AbstractAnnotation.php(592): OpenApi\\Annotations\\AbstractAnnotation->validate(Array, Array, '#/paths/0', Object(stdClass))
#13 C:\\Users\\DELL\\Documents\\boilerplateeeee\\microservice\\vendor\\zircote\\swagger-php\\src\\Annotations\\AbstractAnnotation.php(598): OpenApi\\Annotations\\AbstractAnnotation::_validate(Array, Array, Array, '#/paths', Object(stdClass))
#14 C:\\Users\\DELL\\Documents\\boilerplateeeee\\microservice\\vendor\\zircote\\swagger-php\\src\\Annotations\\AbstractAnnotation.php(565): OpenApi\\Annotations\\AbstractAnnotation::_validate(Object(OpenApi\\Annotations\\OpenApi), Array, Array, '#', Object(stdClass))
#15 C:\\Users\\DELL\\Documents\\boilerplateeeee\\microservice\\vendor\\zircote\\swagger-php\\src\\Annotations\\OpenApi.php(170): OpenApi\\Annotations\\AbstractAnnotation->validate(Array, Array, '#', Object(stdClass))
#16 C:\\Users\\DELL\\Documents\\boilerplateeeee\\microservice\\vendor\\zircote\\swagger-php\\src\\Analysis.php(440): OpenApi\\Annotations\\OpenApi->validate()
#17 C:\\Users\\DELL\\Documents\\boilerplateeeee\\microservice\\vendor\\zircote\\swagger-php\\src\\Generator.php(503): OpenApi\\Analysis->validate()
#18 C:\\Users\\DELL\\Documents\\boilerplateeeee\\microservice\\vendor\\darkaonline\\swagger-lume\\src\\Generator.php(32): OpenApi\\Generator->generate(Object(Symfony\\Component\\Finder\\Finder))
#19 C:\\Users\\DELL\\Documents\\boilerplateeeee\\microservice\\vendor\\darkaonline\\swagger-lume\\src\\Console\\GenerateDocsCommand.php(32): SwaggerLume\\Generator::generateDocs()
#20 C:\\Users\\DELL\\Documents\\boilerplateeeee\\microservice\\vendor\\laravel\\framework\\src\\Illuminate\\Container\\BoundMethod.php(36): SwaggerLume\\Console\\GenerateDocsCommand->handle()
#21 C:\\Users\\DELL\\Documents\\boilerplateeeee\\microservice\\vendor\\laravel\\framework\\src\\Illuminate\\Container\\Util.php(41): Illuminate\\Container\\BoundMethod::Illuminate\\Container\\{closure}()
#22 C:\\Users\\DELL\\Documents\\boilerplateeeee\\microservice\\vendor\\laravel\\framework\\src\\Illuminate\\Container\\BoundMethod.php(93): Illuminate\\Container\\Util::unwrapIfClosure(Object(Closure))
#23 C:\\Users\\DELL\\Documents\\boilerplateeeee\\microservice\\vendor\\laravel\\framework\\src\\Illuminate\\Container\\BoundMethod.php(37): Illuminate\\Container\\BoundMethod::callBoundMethod(Object(Laravel\\Lumen\\Application), Array, Object(Closure))
#24 C:\\Users\\DELL\\Documents\\boilerplateeeee\\microservice\\vendor\\laravel\\framework\\src\\Illuminate\\Container\\Container.php(661): Illuminate\\Container\\BoundMethod::call(Object(Laravel\\Lumen\\Application), Array, Array, NULL)
#25 C:\\Users\\DELL\\Documents\\boilerplateeeee\\microservice\\vendor\\laravel\\framework\\src\\Illuminate\\Console\\Command.php(183): Illuminate\\Container\\Container->call(Array)
#26 C:\\Users\\DELL\\Documents\\boilerplateeeee\\microservice\\vendor\\symfony\\console\\Command\\Command.php(291): Illuminate\\Console\\Command->execute(Object(Symfony\\Component\\Console\\Input\\ArgvInput), Object(Illuminate\\Console\\OutputStyle))
#27 C:\\Users\\DELL\\Documents\\boilerplateeeee\\microservice\\vendor\\laravel\\framework\\src\\Illuminate\\Console\\Command.php(153): Symfony\\Component\\Console\\Command\\Command->run(Object(Symfony\\Component\\Console\\Input\\ArgvInput), Object(Illuminate\\Console\\OutputStyle))
#28 C:\\Users\\DELL\\Documents\\boilerplateeeee\\microservice\\vendor\\symfony\\console\\Application.php(1014): Illuminate\\Console\\Command->run(Object(Symfony\\Component\\Console\\Input\\ArgvInput), Object(Symfony\\Component\\Console\\Output\\ConsoleOutput))
#29 C:\\Users\\DELL\\Documents\\boilerplateeeee\\microservice\\vendor\\symfony\\console\\Application.php(301): Symfony\\Component\\Console\\Application->doRunCommand(Object(SwaggerLume\\Console\\GenerateDocsCommand), Object(Symfony\\Component\\Console\\Input\\ArgvInput), Object(Symfony\\Component\\Console\\Output\\ConsoleOutput))
#30 C:\\Users\\DELL\\Documents\\boilerplateeeee\\microservice\\vendor\\symfony\\console\\Application.php(171): Symfony\\Component\\Console\\Application->doRun(Object(Symfony\\Component\\Console\\Input\\ArgvInput), Object(Symfony\\Component\\Console\\Output\\ConsoleOutput))
#31 C:\\Users\\DELL\\Documents\\boilerplateeeee\\microservice\\vendor\\laravel\\framework\\src\\Illuminate\\Console\\Application.php(102): Symfony\\Component\\Console\\Application->run(Object(Symfony\\Component\\Console\\Input\\ArgvInput), Object(Symfony\\Component\\Console\\Output\\ConsoleOutput))
#32 C:\\Users\\DELL\\Documents\\boilerplateeeee\\microservice\\vendor\\laravel\\lumen-framework\\src\\Console\\Kernel.php(116): Illuminate\\Console\\Application->run(Object(Symfony\\Component\\Console\\Input\\ArgvInput), Object(Symfony\\Component\\Console\\Output\\ConsoleOutput))
#33 C:\\Users\\DELL\\Documents\\boilerplateeeee\\microservice\\artisan(35): Laravel\\Lumen\\Console\\Kernel->handle(Object(Symfony\\Component\\Console\\Input\\ArgvInput), Object(Symfony\\Component\\Console\\Output\\ConsoleOutput))
#34 {main}
"} 
[2024-07-07 12:57:08] local.ERROR: Missing required field "in" for @OA\Parameter(name="title") in \App\Http\Controllers\API\V1\PostController->store() in C:\Users\DELL\Documents\boilerplateeeee\microservice\app\Http\Controllers\API\V1\PostController.php on line 184 {"exception":"[object] (ErrorException(code: 0): Missing required field \"in\" for @OA\\Parameter(name=\"title\") in \\App\\Http\\Controllers\\API\\V1\\PostController->store() in C:\\Users\\DELL\\Documents\\boilerplateeeee\\microservice\\app\\Http\\Controllers\\API\\V1\\PostController.php on line 184 at C:\\Users\\DELL\\Documents\\boilerplateeeee\\microservice\\vendor\\zircote\\swagger-php\\src\\Loggers\\DefaultLogger.php:31)
[stacktrace]
#0 C:\\Users\\DELL\\Documents\\boilerplateeeee\\microservice\\vendor\\laravel\\lumen-framework\\src\\Concerns\\RegistersExceptionHandlers.php(47): Laravel\\Lumen\\Application->handleError(512, 'Missing require...', 'C:\\\\Users\\\\DELL\\\\D...', 31)
#1 [internal function]: Laravel\\Lumen\\Application->Laravel\\Lumen\\Concerns\\{closure}(512, 'Missing require...', 'C:\\\\Users\\\\DELL\\\\D...', 31)
#2 C:\\Users\\DELL\\Documents\\boilerplateeeee\\microservice\\vendor\\zircote\\swagger-php\\src\\Loggers\\DefaultLogger.php(31): trigger_error('Missing require...', 512)
#3 C:\\Users\\DELL\\Documents\\boilerplateeeee\\microservice\\vendor\\psr\\log\\src\\LoggerTrait.php(86): OpenApi\\Loggers\\DefaultLogger->log('warning', 'Missing require...', Array)
#4 C:\\Users\\DELL\\Documents\\boilerplateeeee\\microservice\\vendor\\zircote\\swagger-php\\src\\Annotations\\AbstractAnnotation.php(532): Psr\\Log\\AbstractLogger->warning('Missing require...')
#5 C:\\Users\\DELL\\Documents\\boilerplateeeee\\microservice\\vendor\\zircote\\swagger-php\\src\\Annotations\\Parameter.php(278): OpenApi\\Annotations\\AbstractAnnotation->validate(Array, Array, '#/paths/0/post/...', Object(stdClass))
#6 C:\\Users\\DELL\\Documents\\boilerplateeeee\\microservice\\vendor\\zircote\\swagger-php\\src\\Annotations\\AbstractAnnotation.php(592): OpenApi\\Annotations\\Parameter->validate(Array, Array, '#/paths/0/post/...', Object(stdClass))
#7 C:\\Users\\DELL\\Documents\\boilerplateeeee\\microservice\\vendor\\zircote\\swagger-php\\src\\Annotations\\AbstractAnnotation.php(598): OpenApi\\Annotations\\AbstractAnnotation::_validate(Array, Array, Array, '#/paths/0/post/...', Object(stdClass))
#8 C:\\Users\\DELL\\Documents\\boilerplateeeee\\microservice\\vendor\\zircote\\swagger-php\\src\\Annotations\\AbstractAnnotation.php(565): OpenApi\\Annotations\\AbstractAnnotation::_validate(Object(OpenApi\\Annotations\\Post), Array, Array, '#/paths/0/post', Object(stdClass))
#9 C:\\Users\\DELL\\Documents\\boilerplateeeee\\microservice\\vendor\\zircote\\swagger-php\\src\\Annotations\\Operation.php(223): OpenApi\\Annotations\\AbstractAnnotation->validate(Array, Array, '#/paths/0/post', Object(stdClass))
#10 C:\\Users\\DELL\\Documents\\boilerplateeeee\\microservice\\vendor\\zircote\\swagger-php\\src\\Annotations\\AbstractAnnotation.php(592): OpenApi\\Annotations\\Operation->validate(Array, Array, '#/paths/0/post', Object(stdClass))
#11 C:\\Users\\DELL\\Documents\\boilerplateeeee\\microservice\\vendor\\zircote\\swagger-php\\src\\Annotations\\AbstractAnnotation.php(565): OpenApi\\Annotations\\AbstractAnnotation::_validate(Object(OpenApi\\Annotations\\PathItem), Array, Array, '#/paths/0', Object(stdClass))
#12 C:\\Users\\DELL\\Documents\\boilerplateeeee\\microservice\\vendor\\zircote\\swagger-php\\src\\Annotations\\AbstractAnnotation.php(592): OpenApi\\Annotations\\AbstractAnnotation->validate(Array, Array, '#/paths/0', Object(stdClass))
#13 C:\\Users\\DELL\\Documents\\boilerplateeeee\\microservice\\vendor\\zircote\\swagger-php\\src\\Annotations\\AbstractAnnotation.php(598): OpenApi\\Annotations\\AbstractAnnotation::_validate(Array, Array, Array, '#/paths', Object(stdClass))
#14 C:\\Users\\DELL\\Documents\\boilerplateeeee\\microservice\\vendor\\zircote\\swagger-php\\src\\Annotations\\AbstractAnnotation.php(565): OpenApi\\Annotations\\AbstractAnnotation::_validate(Object(OpenApi\\Annotations\\OpenApi), Array, Array, '#', Object(stdClass))
#15 C:\\Users\\DELL\\Documents\\boilerplateeeee\\microservice\\vendor\\zircote\\swagger-php\\src\\Annotations\\OpenApi.php(170): OpenApi\\Annotations\\AbstractAnnotation->validate(Array, Array, '#', Object(stdClass))
#16 C:\\Users\\DELL\\Documents\\boilerplateeeee\\microservice\\vendor\\zircote\\swagger-php\\src\\Analysis.php(440): OpenApi\\Annotations\\OpenApi->validate()
#17 C:\\Users\\DELL\\Documents\\boilerplateeeee\\microservice\\vendor\\zircote\\swagger-php\\src\\Generator.php(503): OpenApi\\Analysis->validate()
#18 C:\\Users\\DELL\\Documents\\boilerplateeeee\\microservice\\vendor\\darkaonline\\swagger-lume\\src\\Generator.php(32): OpenApi\\Generator->generate(Object(Symfony\\Component\\Finder\\Finder))
#19 C:\\Users\\DELL\\Documents\\boilerplateeeee\\microservice\\vendor\\darkaonline\\swagger-lume\\src\\Console\\GenerateDocsCommand.php(32): SwaggerLume\\Generator::generateDocs()
#20 C:\\Users\\DELL\\Documents\\boilerplateeeee\\microservice\\vendor\\laravel\\framework\\src\\Illuminate\\Container\\BoundMethod.php(36): SwaggerLume\\Console\\GenerateDocsCommand->handle()
#21 C:\\Users\\DELL\\Documents\\boilerplateeeee\\microservice\\vendor\\laravel\\framework\\src\\Illuminate\\Container\\Util.php(41): Illuminate\\Container\\BoundMethod::Illuminate\\Container\\{closure}()
#22 C:\\Users\\DELL\\Documents\\boilerplateeeee\\microservice\\vendor\\laravel\\framework\\src\\Illuminate\\Container\\BoundMethod.php(93): Illuminate\\Container\\Util::unwrapIfClosure(Object(Closure))
#23 C:\\Users\\DELL\\Documents\\boilerplateeeee\\microservice\\vendor\\laravel\\framework\\src\\Illuminate\\Container\\BoundMethod.php(37): Illuminate\\Container\\BoundMethod::callBoundMethod(Object(Laravel\\Lumen\\Application), Array, Object(Closure))
#24 C:\\Users\\DELL\\Documents\\boilerplateeeee\\microservice\\vendor\\laravel\\framework\\src\\Illuminate\\Container\\Container.php(661): Illuminate\\Container\\BoundMethod::call(Object(Laravel\\Lumen\\Application), Array, Array, NULL)
#25 C:\\Users\\DELL\\Documents\\boilerplateeeee\\microservice\\vendor\\laravel\\framework\\src\\Illuminate\\Console\\Command.php(183): Illuminate\\Container\\Container->call(Array)
#26 C:\\Users\\DELL\\Documents\\boilerplateeeee\\microservice\\vendor\\symfony\\console\\Command\\Command.php(291): Illuminate\\Console\\Command->execute(Object(Symfony\\Component\\Console\\Input\\ArgvInput), Object(Illuminate\\Console\\OutputStyle))
#27 C:\\Users\\DELL\\Documents\\boilerplateeeee\\microservice\\vendor\\laravel\\framework\\src\\Illuminate\\Console\\Command.php(153): Symfony\\Component\\Console\\Command\\Command->run(Object(Symfony\\Component\\Console\\Input\\ArgvInput), Object(Illuminate\\Console\\OutputStyle))
#28 C:\\Users\\DELL\\Documents\\boilerplateeeee\\microservice\\vendor\\symfony\\console\\Application.php(1014): Illuminate\\Console\\Command->run(Object(Symfony\\Component\\Console\\Input\\ArgvInput), Object(Symfony\\Component\\Console\\Output\\ConsoleOutput))
#29 C:\\Users\\DELL\\Documents\\boilerplateeeee\\microservice\\vendor\\symfony\\console\\Application.php(301): Symfony\\Component\\Console\\Application->doRunCommand(Object(SwaggerLume\\Console\\GenerateDocsCommand), Object(Symfony\\Component\\Console\\Input\\ArgvInput), Object(Symfony\\Component\\Console\\Output\\ConsoleOutput))
#30 C:\\Users\\DELL\\Documents\\boilerplateeeee\\microservice\\vendor\\symfony\\console\\Application.php(171): Symfony\\Component\\Console\\Application->doRun(Object(Symfony\\Component\\Console\\Input\\ArgvInput), Object(Symfony\\Component\\Console\\Output\\ConsoleOutput))
#31 C:\\Users\\DELL\\Documents\\boilerplateeeee\\microservice\\vendor\\laravel\\framework\\src\\Illuminate\\Console\\Application.php(102): Symfony\\Component\\Console\\Application->run(Object(Symfony\\Component\\Console\\Input\\ArgvInput), Object(Symfony\\Component\\Console\\Output\\ConsoleOutput))
#32 C:\\Users\\DELL\\Documents\\boilerplateeeee\\microservice\\vendor\\laravel\\lumen-framework\\src\\Console\\Kernel.php(116): Illuminate\\Console\\Application->run(Object(Symfony\\Component\\Console\\Input\\ArgvInput), Object(Symfony\\Component\\Console\\Output\\ConsoleOutput))
#33 C:\\Users\\DELL\\Documents\\boilerplateeeee\\microservice\\artisan(35): Laravel\\Lumen\\Console\\Kernel->handle(Object(Symfony\\Component\\Console\\Input\\ArgvInput), Object(Symfony\\Component\\Console\\Output\\ConsoleOutput))
#34 {main}
"} 
[2024-07-07 12:58:47] local.ERROR: Undefined constant Illuminate\Http\Response::Response {"exception":"[object] (Error(code: 0): Undefined constant Illuminate\\Http\\Response::Response at C:\\Users\\DELL\\Documents\\boilerplateeeee\\microservice\\app\\Http\\Controllers\\API\\V1\\PostController.php:302)
[stacktrace]
#0 C:\\Users\\DELL\\Documents\\boilerplateeeee\\microservice\\vendor\\laravel\\framework\\src\\Illuminate\\Container\\BoundMethod.php(36): App\\Http\\Controllers\\API\\V1\\PostController->update(Object(Laravel\\Lumen\\Http\\Request), '6')
#1 C:\\Users\\DELL\\Documents\\boilerplateeeee\\microservice\\vendor\\laravel\\framework\\src\\Illuminate\\Container\\Util.php(41): Illuminate\\Container\\BoundMethod::Illuminate\\Container\\{closure}()
#2 C:\\Users\\DELL\\Documents\\boilerplateeeee\\microservice\\vendor\\laravel\\framework\\src\\Illuminate\\Container\\BoundMethod.php(93): Illuminate\\Container\\Util::unwrapIfClosure(Object(Closure))
#3 C:\\Users\\DELL\\Documents\\boilerplateeeee\\microservice\\vendor\\laravel\\framework\\src\\Illuminate\\Container\\BoundMethod.php(37): Illuminate\\Container\\BoundMethod::callBoundMethod(Object(Laravel\\Lumen\\Application), Array, Object(Closure))
#4 C:\\Users\\DELL\\Documents\\boilerplateeeee\\microservice\\vendor\\laravel\\framework\\src\\Illuminate\\Container\\Container.php(661): Illuminate\\Container\\BoundMethod::call(Object(Laravel\\Lumen\\Application), Array, Array, NULL)
#5 C:\\Users\\DELL\\Documents\\boilerplateeeee\\microservice\\vendor\\laravel\\lumen-framework\\src\\Concerns\\RoutesRequests.php(391): Illuminate\\Container\\Container->call(Array, Array)
#6 C:\\Users\\DELL\\Documents\\boilerplateeeee\\microservice\\vendor\\laravel\\lumen-framework\\src\\Concerns\\RoutesRequests.php(357): Laravel\\Lumen\\Application->callControllerCallable(Array, Array)
#7 C:\\Users\\DELL\\Documents\\boilerplateeeee\\microservice\\vendor\\laravel\\lumen-framework\\src\\Concerns\\RoutesRequests.php(331): Laravel\\Lumen\\Application->callLumenController(Object(App\\Http\\Controllers\\API\\V1\\PostController), 'update', Array)
#8 C:\\Users\\DELL\\Documents\\boilerplateeeee\\microservice\\vendor\\laravel\\lumen-framework\\src\\Concerns\\RoutesRequests.php(284): Laravel\\Lumen\\Application->callControllerAction(Array)
#9 C:\\Users\\DELL\\Documents\\boilerplateeeee\\microservice\\vendor\\laravel\\lumen-framework\\src\\Concerns\\RoutesRequests.php(269): Laravel\\Lumen\\Application->callActionOnArrayBasedRoute(Array)
#10 C:\\Users\\DELL\\Documents\\boilerplateeeee\\microservice\\vendor\\laravel\\lumen-framework\\src\\Concerns\\RoutesRequests.php(239): Laravel\\Lumen\\Application->handleFoundRoute(Array)
#11 C:\\Users\\DELL\\Documents\\boilerplateeeee\\microservice\\vendor\\laravel\\lumen-framework\\src\\Concerns\\RoutesRequests.php(175): Laravel\\Lumen\\Application->handleDispatcherResponse(Array)
#12 C:\\Users\\DELL\\Documents\\boilerplateeeee\\microservice\\vendor\\laravel\\lumen-framework\\src\\Concerns\\RoutesRequests.php(431): Laravel\\Lumen\\Application->Laravel\\Lumen\\Concerns\\{closure}(Object(Laravel\\Lumen\\Http\\Request))
#13 C:\\Users\\DELL\\Documents\\boilerplateeeee\\microservice\\vendor\\laravel\\lumen-framework\\src\\Concerns\\RoutesRequests.php(177): Laravel\\Lumen\\Application->sendThroughPipeline(Array, Object(Closure))
#14 C:\\Users\\DELL\\Documents\\boilerplateeeee\\microservice\\vendor\\laravel\\lumen-framework\\src\\Concerns\\RoutesRequests.php(112): Laravel\\Lumen\\Application->dispatch(NULL)
#15 C:\\Users\\DELL\\Documents\\boilerplateeeee\\microservice\\public\\index.php(28): Laravel\\Lumen\\Application->run()
#16 {main}
"} 
[2024-07-07 13:02:15] local.ERROR: $ref "#/components/schemas/PostRequest" not found for @OA\JsonContent() in \App\Http\Controllers\API\V1\PostController->update() in C:\Users\DELL\Documents\boilerplateeeee\microservice\app\Http\Controllers\API\V1\PostController.php on line 258 {"exception":"[object] (ErrorException(code: 0): $ref \"#/components/schemas/PostRequest\" not found for @OA\\JsonContent() in \\App\\Http\\Controllers\\API\\V1\\PostController->update() in C:\\Users\\DELL\\Documents\\boilerplateeeee\\microservice\\app\\Http\\Controllers\\API\\V1\\PostController.php on line 258 at C:\\Users\\DELL\\Documents\\boilerplateeeee\\microservice\\vendor\\zircote\\swagger-php\\src\\Loggers\\DefaultLogger.php:31)
[stacktrace]
#0 C:\\Users\\DELL\\Documents\\boilerplateeeee\\microservice\\vendor\\laravel\\lumen-framework\\src\\Concerns\\RegistersExceptionHandlers.php(47): Laravel\\Lumen\\Application->handleError(512, '$ref \"#/compone...', 'C:\\\\Users\\\\DELL\\\\D...', 31)
#1 [internal function]: Laravel\\Lumen\\Application->Laravel\\Lumen\\Concerns\\{closure}(512, '$ref \"#/compone...', 'C:\\\\Users\\\\DELL\\\\D...', 31)
#2 C:\\Users\\DELL\\Documents\\boilerplateeeee\\microservice\\vendor\\zircote\\swagger-php\\src\\Loggers\\DefaultLogger.php(31): trigger_error('$ref \"#/compone...', 512)
#3 C:\\Users\\DELL\\Documents\\boilerplateeeee\\microservice\\vendor\\psr\\log\\src\\LoggerTrait.php(86): OpenApi\\Loggers\\DefaultLogger->log('warning', '$ref \"#/compone...', Array)
#4 C:\\Users\\DELL\\Documents\\boilerplateeeee\\microservice\\vendor\\zircote\\swagger-php\\src\\Annotations\\AbstractAnnotation.php(511): Psr\\Log\\AbstractLogger->warning('$ref \"#/compone...', Array)
#5 C:\\Users\\DELL\\Documents\\boilerplateeeee\\microservice\\vendor\\zircote\\swagger-php\\src\\Annotations\\Schema.php(517): OpenApi\\Annotations\\AbstractAnnotation->validate(Array, Array, '#/paths/1/put/r...', Object(stdClass))
#6 C:\\Users\\DELL\\Documents\\boilerplateeeee\\microservice\\vendor\\zircote\\swagger-php\\src\\Annotations\\AbstractAnnotation.php(592): OpenApi\\Annotations\\Schema->validate(Array, Array, '#/paths/1/put/r...', Object(stdClass))
#7 C:\\Users\\DELL\\Documents\\boilerplateeeee\\microservice\\vendor\\zircote\\swagger-php\\src\\Annotations\\AbstractAnnotation.php(565): OpenApi\\Annotations\\AbstractAnnotation::_validate(Object(OpenApi\\Annotations\\MediaType), Array, Array, '#/paths/1/put/r...', Object(stdClass))
#8 C:\\Users\\DELL\\Documents\\boilerplateeeee\\microservice\\vendor\\zircote\\swagger-php\\src\\Annotations\\AbstractAnnotation.php(592): OpenApi\\Annotations\\AbstractAnnotation->validate(Array, Array, '#/paths/1/put/r...', Object(stdClass))
#9 C:\\Users\\DELL\\Documents\\boilerplateeeee\\microservice\\vendor\\zircote\\swagger-php\\src\\Annotations\\AbstractAnnotation.php(598): OpenApi\\Annotations\\AbstractAnnotation::_validate(Array, Array, Array, '#/paths/1/put/r...', Object(stdClass))
#10 C:\\Users\\DELL\\Documents\\boilerplateeeee\\microservice\\vendor\\zircote\\swagger-php\\src\\Annotations\\AbstractAnnotation.php(565): OpenApi\\Annotations\\AbstractAnnotation::_validate(Object(OpenApi\\Annotations\\RequestBody), Array, Array, '#/paths/1/put/r...', Object(stdClass))
#11 C:\\Users\\DELL\\Documents\\boilerplateeeee\\microservice\\vendor\\zircote\\swagger-php\\src\\Annotations\\AbstractAnnotation.php(592): OpenApi\\Annotations\\AbstractAnnotation->validate(Array, Array, '#/paths/1/put/r...', Object(stdClass))
#12 C:\\Users\\DELL\\Documents\\boilerplateeeee\\microservice\\vendor\\zircote\\swagger-php\\src\\Annotations\\AbstractAnnotation.php(565): OpenApi\\Annotations\\AbstractAnnotation::_validate(Object(OpenApi\\Annotations\\Put), Array, Array, '#/paths/1/put', Object(stdClass))
#13 C:\\Users\\DELL\\Documents\\boilerplateeeee\\microservice\\vendor\\zircote\\swagger-php\\src\\Annotations\\Operation.php(223): OpenApi\\Annotations\\AbstractAnnotation->validate(Array, Array, '#/paths/1/put', Object(stdClass))
#14 C:\\Users\\DELL\\Documents\\boilerplateeeee\\microservice\\vendor\\zircote\\swagger-php\\src\\Annotations\\AbstractAnnotation.php(592): OpenApi\\Annotations\\Operation->validate(Array, Array, '#/paths/1/put', Object(stdClass))
#15 C:\\Users\\DELL\\Documents\\boilerplateeeee\\microservice\\vendor\\zircote\\swagger-php\\src\\Annotations\\AbstractAnnotation.php(565): OpenApi\\Annotations\\AbstractAnnotation::_validate(Object(OpenApi\\Annotations\\PathItem), Array, Array, '#/paths/1', Object(stdClass))
#16 C:\\Users\\DELL\\Documents\\boilerplateeeee\\microservice\\vendor\\zircote\\swagger-php\\src\\Annotations\\AbstractAnnotation.php(592): OpenApi\\Annotations\\AbstractAnnotation->validate(Array, Array, '#/paths/1', Object(stdClass))
#17 C:\\Users\\DELL\\Documents\\boilerplateeeee\\microservice\\vendor\\zircote\\swagger-php\\src\\Annotations\\AbstractAnnotation.php(598): OpenApi\\Annotations\\AbstractAnnotation::_validate(Array, Array, Array, '#/paths', Object(stdClass))
#18 C:\\Users\\DELL\\Documents\\boilerplateeeee\\microservice\\vendor\\zircote\\swagger-php\\src\\Annotations\\AbstractAnnotation.php(565): OpenApi\\Annotations\\AbstractAnnotation::_validate(Object(OpenApi\\Annotations\\OpenApi), Array, Array, '#', Object(stdClass))
#19 C:\\Users\\DELL\\Documents\\boilerplateeeee\\microservice\\vendor\\zircote\\swagger-php\\src\\Annotations\\OpenApi.php(170): OpenApi\\Annotations\\AbstractAnnotation->validate(Array, Array, '#', Object(stdClass))
#20 C:\\Users\\DELL\\Documents\\boilerplateeeee\\microservice\\vendor\\zircote\\swagger-php\\src\\Analysis.php(440): OpenApi\\Annotations\\OpenApi->validate()
#21 C:\\Users\\DELL\\Documents\\boilerplateeeee\\microservice\\vendor\\zircote\\swagger-php\\src\\Generator.php(503): OpenApi\\Analysis->validate()
#22 C:\\Users\\DELL\\Documents\\boilerplateeeee\\microservice\\vendor\\darkaonline\\swagger-lume\\src\\Generator.php(32): OpenApi\\Generator->generate(Object(Symfony\\Component\\Finder\\Finder))
#23 C:\\Users\\DELL\\Documents\\boilerplateeeee\\microservice\\vendor\\darkaonline\\swagger-lume\\src\\Console\\GenerateDocsCommand.php(32): SwaggerLume\\Generator::generateDocs()
#24 C:\\Users\\DELL\\Documents\\boilerplateeeee\\microservice\\vendor\\laravel\\framework\\src\\Illuminate\\Container\\BoundMethod.php(36): SwaggerLume\\Console\\GenerateDocsCommand->handle()
#25 C:\\Users\\DELL\\Documents\\boilerplateeeee\\microservice\\vendor\\laravel\\framework\\src\\Illuminate\\Container\\Util.php(41): Illuminate\\Container\\BoundMethod::Illuminate\\Container\\{closure}()
#26 C:\\Users\\DELL\\Documents\\boilerplateeeee\\microservice\\vendor\\laravel\\framework\\src\\Illuminate\\Container\\BoundMethod.php(93): Illuminate\\Container\\Util::unwrapIfClosure(Object(Closure))
#27 C:\\Users\\DELL\\Documents\\boilerplateeeee\\microservice\\vendor\\laravel\\framework\\src\\Illuminate\\Container\\BoundMethod.php(37): Illuminate\\Container\\BoundMethod::callBoundMethod(Object(Laravel\\Lumen\\Application), Array, Object(Closure))
#28 C:\\Users\\DELL\\Documents\\boilerplateeeee\\microservice\\vendor\\laravel\\framework\\src\\Illuminate\\Container\\Container.php(661): Illuminate\\Container\\BoundMethod::call(Object(Laravel\\Lumen\\Application), Array, Array, NULL)
#29 C:\\Users\\DELL\\Documents\\boilerplateeeee\\microservice\\vendor\\laravel\\framework\\src\\Illuminate\\Console\\Command.php(183): Illuminate\\Container\\Container->call(Array)
#30 C:\\Users\\DELL\\Documents\\boilerplateeeee\\microservice\\vendor\\symfony\\console\\Command\\Command.php(291): Illuminate\\Console\\Command->execute(Object(Symfony\\Component\\Console\\Input\\ArgvInput), Object(Illuminate\\Console\\OutputStyle))
#31 C:\\Users\\DELL\\Documents\\boilerplateeeee\\microservice\\vendor\\laravel\\framework\\src\\Illuminate\\Console\\Command.php(153): Symfony\\Component\\Console\\Command\\Command->run(Object(Symfony\\Component\\Console\\Input\\ArgvInput), Object(Illuminate\\Console\\OutputStyle))
#32 C:\\Users\\DELL\\Documents\\boilerplateeeee\\microservice\\vendor\\symfony\\console\\Application.php(1014): Illuminate\\Console\\Command->run(Object(Symfony\\Component\\Console\\Input\\ArgvInput), Object(Symfony\\Component\\Console\\Output\\ConsoleOutput))
#33 C:\\Users\\DELL\\Documents\\boilerplateeeee\\microservice\\vendor\\symfony\\console\\Application.php(301): Symfony\\Component\\Console\\Application->doRunCommand(Object(SwaggerLume\\Console\\GenerateDocsCommand), Object(Symfony\\Component\\Console\\Input\\ArgvInput), Object(Symfony\\Component\\Console\\Output\\ConsoleOutput))
#34 C:\\Users\\DELL\\Documents\\boilerplateeeee\\microservice\\vendor\\symfony\\console\\Application.php(171): Symfony\\Component\\Console\\Application->doRun(Object(Symfony\\Component\\Console\\Input\\ArgvInput), Object(Symfony\\Component\\Console\\Output\\ConsoleOutput))
#35 C:\\Users\\DELL\\Documents\\boilerplateeeee\\microservice\\vendor\\laravel\\framework\\src\\Illuminate\\Console\\Application.php(102): Symfony\\Component\\Console\\Application->run(Object(Symfony\\Component\\Console\\Input\\ArgvInput), Object(Symfony\\Component\\Console\\Output\\ConsoleOutput))
#36 C:\\Users\\DELL\\Documents\\boilerplateeeee\\microservice\\vendor\\laravel\\lumen-framework\\src\\Console\\Kernel.php(116): Illuminate\\Console\\Application->run(Object(Symfony\\Component\\Console\\Input\\ArgvInput), Object(Symfony\\Component\\Console\\Output\\ConsoleOutput))
#37 C:\\Users\\DELL\\Documents\\boilerplateeeee\\microservice\\artisan(35): Laravel\\Lumen\\Console\\Kernel->handle(Object(Symfony\\Component\\Console\\Input\\ArgvInput), Object(Symfony\\Component\\Console\\Output\\ConsoleOutput))
#38 {main}
"} 
[2024-07-07 13:05:18] local.ERROR: $ref "#/components/schemas/Post" not found for @OA\JsonContent() in \App\Http\Controllers\API\V1\PostController->update() in C:\Users\DELL\Documents\boilerplateeeee\microservice\app\Http\Controllers\API\V1\PostController.php on line 264 {"exception":"[object] (ErrorException(code: 0): $ref \"#/components/schemas/Post\" not found for @OA\\JsonContent() in \\App\\Http\\Controllers\\API\\V1\\PostController->update() in C:\\Users\\DELL\\Documents\\boilerplateeeee\\microservice\\app\\Http\\Controllers\\API\\V1\\PostController.php on line 264 at C:\\Users\\DELL\\Documents\\boilerplateeeee\\microservice\\vendor\\zircote\\swagger-php\\src\\Loggers\\DefaultLogger.php:31)
[stacktrace]
#0 C:\\Users\\DELL\\Documents\\boilerplateeeee\\microservice\\vendor\\laravel\\lumen-framework\\src\\Concerns\\RegistersExceptionHandlers.php(47): Laravel\\Lumen\\Application->handleError(512, '$ref \"#/compone...', 'C:\\\\Users\\\\DELL\\\\D...', 31)
#1 [internal function]: Laravel\\Lumen\\Application->Laravel\\Lumen\\Concerns\\{closure}(512, '$ref \"#/compone...', 'C:\\\\Users\\\\DELL\\\\D...', 31)
#2 C:\\Users\\DELL\\Documents\\boilerplateeeee\\microservice\\vendor\\zircote\\swagger-php\\src\\Loggers\\DefaultLogger.php(31): trigger_error('$ref \"#/compone...', 512)
#3 C:\\Users\\DELL\\Documents\\boilerplateeeee\\microservice\\vendor\\psr\\log\\src\\LoggerTrait.php(86): OpenApi\\Loggers\\DefaultLogger->log('warning', '$ref \"#/compone...', Array)
#4 C:\\Users\\DELL\\Documents\\boilerplateeeee\\microservice\\vendor\\zircote\\swagger-php\\src\\Annotations\\AbstractAnnotation.php(511): Psr\\Log\\AbstractLogger->warning('$ref \"#/compone...', Array)
#5 C:\\Users\\DELL\\Documents\\boilerplateeeee\\microservice\\vendor\\zircote\\swagger-php\\src\\Annotations\\Schema.php(517): OpenApi\\Annotations\\AbstractAnnotation->validate(Array, Array, '#/paths/1/put/r...', Object(stdClass))
#6 C:\\Users\\DELL\\Documents\\boilerplateeeee\\microservice\\vendor\\zircote\\swagger-php\\src\\Annotations\\AbstractAnnotation.php(592): OpenApi\\Annotations\\Schema->validate(Array, Array, '#/paths/1/put/r...', Object(stdClass))
#7 C:\\Users\\DELL\\Documents\\boilerplateeeee\\microservice\\vendor\\zircote\\swagger-php\\src\\Annotations\\AbstractAnnotation.php(565): OpenApi\\Annotations\\AbstractAnnotation::_validate(Object(OpenApi\\Annotations\\MediaType), Array, Array, '#/paths/1/put/r...', Object(stdClass))
#8 C:\\Users\\DELL\\Documents\\boilerplateeeee\\microservice\\vendor\\zircote\\swagger-php\\src\\Annotations\\AbstractAnnotation.php(592): OpenApi\\Annotations\\AbstractAnnotation->validate(Array, Array, '#/paths/1/put/r...', Object(stdClass))
#9 C:\\Users\\DELL\\Documents\\boilerplateeeee\\microservice\\vendor\\zircote\\swagger-php\\src\\Annotations\\AbstractAnnotation.php(598): OpenApi\\Annotations\\AbstractAnnotation::_validate(Array, Array, Array, '#/paths/1/put/r...', Object(stdClass))
#10 C:\\Users\\DELL\\Documents\\boilerplateeeee\\microservice\\vendor\\zircote\\swagger-php\\src\\Annotations\\AbstractAnnotation.php(565): OpenApi\\Annotations\\AbstractAnnotation::_validate(Object(OpenApi\\Annotations\\Response), Array, Array, '#/paths/1/put/r...', Object(stdClass))
#11 C:\\Users\\DELL\\Documents\\boilerplateeeee\\microservice\\vendor\\zircote\\swagger-php\\src\\Annotations\\Response.php(121): OpenApi\\Annotations\\AbstractAnnotation->validate(Array, Array, '#/paths/1/put/r...', Object(stdClass))
#12 C:\\Users\\DELL\\Documents\\boilerplateeeee\\microservice\\vendor\\zircote\\swagger-php\\src\\Annotations\\AbstractAnnotation.php(592): OpenApi\\Annotations\\Response->validate(Array, Array, '#/paths/1/put/r...', Object(stdClass))
#13 C:\\Users\\DELL\\Documents\\boilerplateeeee\\microservice\\vendor\\zircote\\swagger-php\\src\\Annotations\\AbstractAnnotation.php(598): OpenApi\\Annotations\\AbstractAnnotation::_validate(Array, Array, Array, '#/paths/1/put/r...', Object(stdClass))
#14 C:\\Users\\DELL\\Documents\\boilerplateeeee\\microservice\\vendor\\zircote\\swagger-php\\src\\Annotations\\AbstractAnnotation.php(565): OpenApi\\Annotations\\AbstractAnnotation::_validate(Object(OpenApi\\Annotations\\Put), Array, Array, '#/paths/1/put', Object(stdClass))
#15 C:\\Users\\DELL\\Documents\\boilerplateeeee\\microservice\\vendor\\zircote\\swagger-php\\src\\Annotations\\Operation.php(223): OpenApi\\Annotations\\AbstractAnnotation->validate(Array, Array, '#/paths/1/put', Object(stdClass))
#16 C:\\Users\\DELL\\Documents\\boilerplateeeee\\microservice\\vendor\\zircote\\swagger-php\\src\\Annotations\\AbstractAnnotation.php(592): OpenApi\\Annotations\\Operation->validate(Array, Array, '#/paths/1/put', Object(stdClass))
#17 C:\\Users\\DELL\\Documents\\boilerplateeeee\\microservice\\vendor\\zircote\\swagger-php\\src\\Annotations\\AbstractAnnotation.php(565): OpenApi\\Annotations\\AbstractAnnotation::_validate(Object(OpenApi\\Annotations\\PathItem), Array, Array, '#/paths/1', Object(stdClass))
#18 C:\\Users\\DELL\\Documents\\boilerplateeeee\\microservice\\vendor\\zircote\\swagger-php\\src\\Annotations\\AbstractAnnotation.php(592): OpenApi\\Annotations\\AbstractAnnotation->validate(Array, Array, '#/paths/1', Object(stdClass))
#19 C:\\Users\\DELL\\Documents\\boilerplateeeee\\microservice\\vendor\\zircote\\swagger-php\\src\\Annotations\\AbstractAnnotation.php(598): OpenApi\\Annotations\\AbstractAnnotation::_validate(Array, Array, Array, '#/paths', Object(stdClass))
#20 C:\\Users\\DELL\\Documents\\boilerplateeeee\\microservice\\vendor\\zircote\\swagger-php\\src\\Annotations\\AbstractAnnotation.php(565): OpenApi\\Annotations\\AbstractAnnotation::_validate(Object(OpenApi\\Annotations\\OpenApi), Array, Array, '#', Object(stdClass))
#21 C:\\Users\\DELL\\Documents\\boilerplateeeee\\microservice\\vendor\\zircote\\swagger-php\\src\\Annotations\\OpenApi.php(170): OpenApi\\Annotations\\AbstractAnnotation->validate(Array, Array, '#', Object(stdClass))
#22 C:\\Users\\DELL\\Documents\\boilerplateeeee\\microservice\\vendor\\zircote\\swagger-php\\src\\Analysis.php(440): OpenApi\\Annotations\\OpenApi->validate()
#23 C:\\Users\\DELL\\Documents\\boilerplateeeee\\microservice\\vendor\\zircote\\swagger-php\\src\\Generator.php(503): OpenApi\\Analysis->validate()
#24 C:\\Users\\DELL\\Documents\\boilerplateeeee\\microservice\\vendor\\darkaonline\\swagger-lume\\src\\Generator.php(32): OpenApi\\Generator->generate(Object(Symfony\\Component\\Finder\\Finder))
#25 C:\\Users\\DELL\\Documents\\boilerplateeeee\\microservice\\vendor\\darkaonline\\swagger-lume\\src\\Console\\GenerateDocsCommand.php(32): SwaggerLume\\Generator::generateDocs()
#26 C:\\Users\\DELL\\Documents\\boilerplateeeee\\microservice\\vendor\\laravel\\framework\\src\\Illuminate\\Container\\BoundMethod.php(36): SwaggerLume\\Console\\GenerateDocsCommand->handle()
#27 C:\\Users\\DELL\\Documents\\boilerplateeeee\\microservice\\vendor\\laravel\\framework\\src\\Illuminate\\Container\\Util.php(41): Illuminate\\Container\\BoundMethod::Illuminate\\Container\\{closure}()
#28 C:\\Users\\DELL\\Documents\\boilerplateeeee\\microservice\\vendor\\laravel\\framework\\src\\Illuminate\\Container\\BoundMethod.php(93): Illuminate\\Container\\Util::unwrapIfClosure(Object(Closure))
#29 C:\\Users\\DELL\\Documents\\boilerplateeeee\\microservice\\vendor\\laravel\\framework\\src\\Illuminate\\Container\\BoundMethod.php(37): Illuminate\\Container\\BoundMethod::callBoundMethod(Object(Laravel\\Lumen\\Application), Array, Object(Closure))
#30 C:\\Users\\DELL\\Documents\\boilerplateeeee\\microservice\\vendor\\laravel\\framework\\src\\Illuminate\\Container\\Container.php(661): Illuminate\\Container\\BoundMethod::call(Object(Laravel\\Lumen\\Application), Array, Array, NULL)
#31 C:\\Users\\DELL\\Documents\\boilerplateeeee\\microservice\\vendor\\laravel\\framework\\src\\Illuminate\\Console\\Command.php(183): Illuminate\\Container\\Container->call(Array)
#32 C:\\Users\\DELL\\Documents\\boilerplateeeee\\microservice\\vendor\\symfony\\console\\Command\\Command.php(291): Illuminate\\Console\\Command->execute(Object(Symfony\\Component\\Console\\Input\\ArgvInput), Object(Illuminate\\Console\\OutputStyle))
#33 C:\\Users\\DELL\\Documents\\boilerplateeeee\\microservice\\vendor\\laravel\\framework\\src\\Illuminate\\Console\\Command.php(153): Symfony\\Component\\Console\\Command\\Command->run(Object(Symfony\\Component\\Console\\Input\\ArgvInput), Object(Illuminate\\Console\\OutputStyle))
#34 C:\\Users\\DELL\\Documents\\boilerplateeeee\\microservice\\vendor\\symfony\\console\\Application.php(1014): Illuminate\\Console\\Command->run(Object(Symfony\\Component\\Console\\Input\\ArgvInput), Object(Symfony\\Component\\Console\\Output\\ConsoleOutput))
#35 C:\\Users\\DELL\\Documents\\boilerplateeeee\\microservice\\vendor\\symfony\\console\\Application.php(301): Symfony\\Component\\Console\\Application->doRunCommand(Object(SwaggerLume\\Console\\GenerateDocsCommand), Object(Symfony\\Component\\Console\\Input\\ArgvInput), Object(Symfony\\Component\\Console\\Output\\ConsoleOutput))
#36 C:\\Users\\DELL\\Documents\\boilerplateeeee\\microservice\\vendor\\symfony\\console\\Application.php(171): Symfony\\Component\\Console\\Application->doRun(Object(Symfony\\Component\\Console\\Input\\ArgvInput), Object(Symfony\\Component\\Console\\Output\\ConsoleOutput))
#37 C:\\Users\\DELL\\Documents\\boilerplateeeee\\microservice\\vendor\\laravel\\framework\\src\\Illuminate\\Console\\Application.php(102): Symfony\\Component\\Console\\Application->run(Object(Symfony\\Component\\Console\\Input\\ArgvInput), Object(Symfony\\Component\\Console\\Output\\ConsoleOutput))
#38 C:\\Users\\DELL\\Documents\\boilerplateeeee\\microservice\\vendor\\laravel\\lumen-framework\\src\\Console\\Kernel.php(116): Illuminate\\Console\\Application->run(Object(Symfony\\Component\\Console\\Input\\ArgvInput), Object(Symfony\\Component\\Console\\Output\\ConsoleOutput))
#39 C:\\Users\\DELL\\Documents\\boilerplateeeee\\microservice\\artisan(35): Laravel\\Lumen\\Console\\Kernel->handle(Object(Symfony\\Component\\Console\\Input\\ArgvInput), Object(Symfony\\Component\\Console\\Output\\ConsoleOutput))
#40 {main}
"} 
[2024-07-07 13:16:38] local.ERROR: Unable to merge @OA\Delete() in \App\Http\Controllers\API\V1\PostController->forceDelete() in C:\Users\DELL\Documents\boilerplateeeee\microservice\app\Http\Controllers\API\V1\PostController.php on line 414 {"exception":"[object] (ErrorException(code: 0): Unable to merge @OA\\Delete() in \\App\\Http\\Controllers\\API\\V1\\PostController->forceDelete() in C:\\Users\\DELL\\Documents\\boilerplateeeee\\microservice\\app\\Http\\Controllers\\API\\V1\\PostController.php on line 414 at C:\\Users\\DELL\\Documents\\boilerplateeeee\\microservice\\vendor\\zircote\\swagger-php\\src\\Loggers\\DefaultLogger.php:31)
[stacktrace]
#0 C:\\Users\\DELL\\Documents\\boilerplateeeee\\microservice\\vendor\\laravel\\lumen-framework\\src\\Concerns\\RegistersExceptionHandlers.php(47): Laravel\\Lumen\\Application->handleError(512, 'Unable to merge...', 'C:\\\\Users\\\\DELL\\\\D...', 31)
#1 [internal function]: Laravel\\Lumen\\Application->Laravel\\Lumen\\Concerns\\{closure}(512, 'Unable to merge...', 'C:\\\\Users\\\\DELL\\\\D...', 31)
#2 C:\\Users\\DELL\\Documents\\boilerplateeeee\\microservice\\vendor\\zircote\\swagger-php\\src\\Loggers\\DefaultLogger.php(31): trigger_error('Unable to merge...', 512)
#3 C:\\Users\\DELL\\Documents\\boilerplateeeee\\microservice\\vendor\\psr\\log\\src\\LoggerTrait.php(86): OpenApi\\Loggers\\DefaultLogger->log('warning', 'Unable to merge...', Array)
#4 C:\\Users\\DELL\\Documents\\boilerplateeeee\\microservice\\vendor\\zircote\\swagger-php\\src\\Processors\\BuildPaths.php(52): Psr\\Log\\AbstractLogger->warning('Unable to merge...')
#5 C:\\Users\\DELL\\Documents\\boilerplateeeee\\microservice\\vendor\\zircote\\swagger-php\\src\\Pipeline.php(108): OpenApi\\Processors\\BuildPaths->__invoke(Object(OpenApi\\Analysis))
#6 C:\\Users\\DELL\\Documents\\boilerplateeeee\\microservice\\vendor\\zircote\\swagger-php\\src\\Generator.php(492): OpenApi\\Pipeline->process(Object(OpenApi\\Analysis))
#7 C:\\Users\\DELL\\Documents\\boilerplateeeee\\microservice\\vendor\\darkaonline\\swagger-lume\\src\\Generator.php(32): OpenApi\\Generator->generate(Object(Symfony\\Component\\Finder\\Finder))
#8 C:\\Users\\DELL\\Documents\\boilerplateeeee\\microservice\\vendor\\darkaonline\\swagger-lume\\src\\Console\\GenerateDocsCommand.php(32): SwaggerLume\\Generator::generateDocs()
#9 C:\\Users\\DELL\\Documents\\boilerplateeeee\\microservice\\vendor\\laravel\\framework\\src\\Illuminate\\Container\\BoundMethod.php(36): SwaggerLume\\Console\\GenerateDocsCommand->handle()
#10 C:\\Users\\DELL\\Documents\\boilerplateeeee\\microservice\\vendor\\laravel\\framework\\src\\Illuminate\\Container\\Util.php(41): Illuminate\\Container\\BoundMethod::Illuminate\\Container\\{closure}()
#11 C:\\Users\\DELL\\Documents\\boilerplateeeee\\microservice\\vendor\\laravel\\framework\\src\\Illuminate\\Container\\BoundMethod.php(93): Illuminate\\Container\\Util::unwrapIfClosure(Object(Closure))
#12 C:\\Users\\DELL\\Documents\\boilerplateeeee\\microservice\\vendor\\laravel\\framework\\src\\Illuminate\\Container\\BoundMethod.php(37): Illuminate\\Container\\BoundMethod::callBoundMethod(Object(Laravel\\Lumen\\Application), Array, Object(Closure))
#13 C:\\Users\\DELL\\Documents\\boilerplateeeee\\microservice\\vendor\\laravel\\framework\\src\\Illuminate\\Container\\Container.php(661): Illuminate\\Container\\BoundMethod::call(Object(Laravel\\Lumen\\Application), Array, Array, NULL)
#14 C:\\Users\\DELL\\Documents\\boilerplateeeee\\microservice\\vendor\\laravel\\framework\\src\\Illuminate\\Console\\Command.php(183): Illuminate\\Container\\Container->call(Array)
#15 C:\\Users\\DELL\\Documents\\boilerplateeeee\\microservice\\vendor\\symfony\\console\\Command\\Command.php(291): Illuminate\\Console\\Command->execute(Object(Symfony\\Component\\Console\\Input\\ArgvInput), Object(Illuminate\\Console\\OutputStyle))
#16 C:\\Users\\DELL\\Documents\\boilerplateeeee\\microservice\\vendor\\laravel\\framework\\src\\Illuminate\\Console\\Command.php(153): Symfony\\Component\\Console\\Command\\Command->run(Object(Symfony\\Component\\Console\\Input\\ArgvInput), Object(Illuminate\\Console\\OutputStyle))
#17 C:\\Users\\DELL\\Documents\\boilerplateeeee\\microservice\\vendor\\symfony\\console\\Application.php(1014): Illuminate\\Console\\Command->run(Object(Symfony\\Component\\Console\\Input\\ArgvInput), Object(Symfony\\Component\\Console\\Output\\ConsoleOutput))
#18 C:\\Users\\DELL\\Documents\\boilerplateeeee\\microservice\\vendor\\symfony\\console\\Application.php(301): Symfony\\Component\\Console\\Application->doRunCommand(Object(SwaggerLume\\Console\\GenerateDocsCommand), Object(Symfony\\Component\\Console\\Input\\ArgvInput), Object(Symfony\\Component\\Console\\Output\\ConsoleOutput))
#19 C:\\Users\\DELL\\Documents\\boilerplateeeee\\microservice\\vendor\\symfony\\console\\Application.php(171): Symfony\\Component\\Console\\Application->doRun(Object(Symfony\\Component\\Console\\Input\\ArgvInput), Object(Symfony\\Component\\Console\\Output\\ConsoleOutput))
#20 C:\\Users\\DELL\\Documents\\boilerplateeeee\\microservice\\vendor\\laravel\\framework\\src\\Illuminate\\Console\\Application.php(102): Symfony\\Component\\Console\\Application->run(Object(Symfony\\Component\\Console\\Input\\ArgvInput), Object(Symfony\\Component\\Console\\Output\\ConsoleOutput))
#21 C:\\Users\\DELL\\Documents\\boilerplateeeee\\microservice\\vendor\\laravel\\lumen-framework\\src\\Console\\Kernel.php(116): Illuminate\\Console\\Application->run(Object(Symfony\\Component\\Console\\Input\\ArgvInput), Object(Symfony\\Component\\Console\\Output\\ConsoleOutput))
#22 C:\\Users\\DELL\\Documents\\boilerplateeeee\\microservice\\artisan(35): Laravel\\Lumen\\Console\\Kernel->handle(Object(Symfony\\Component\\Console\\Input\\ArgvInput), Object(Symfony\\Component\\Console\\Output\\ConsoleOutput))
#23 {main}
"} 
[2024-07-07 13:17:18] local.ERROR: Unable to merge @OA\Delete() in \App\Http\Controllers\API\V1\PostController->forceDelete() in C:\Users\DELL\Documents\boilerplateeeee\microservice\app\Http\Controllers\API\V1\PostController.php on line 414 {"exception":"[object] (ErrorException(code: 0): Unable to merge @OA\\Delete() in \\App\\Http\\Controllers\\API\\V1\\PostController->forceDelete() in C:\\Users\\DELL\\Documents\\boilerplateeeee\\microservice\\app\\Http\\Controllers\\API\\V1\\PostController.php on line 414 at C:\\Users\\DELL\\Documents\\boilerplateeeee\\microservice\\vendor\\zircote\\swagger-php\\src\\Loggers\\DefaultLogger.php:31)
[stacktrace]
#0 C:\\Users\\DELL\\Documents\\boilerplateeeee\\microservice\\vendor\\laravel\\lumen-framework\\src\\Concerns\\RegistersExceptionHandlers.php(47): Laravel\\Lumen\\Application->handleError(512, 'Unable to merge...', 'C:\\\\Users\\\\DELL\\\\D...', 31)
#1 [internal function]: Laravel\\Lumen\\Application->Laravel\\Lumen\\Concerns\\{closure}(512, 'Unable to merge...', 'C:\\\\Users\\\\DELL\\\\D...', 31)
#2 C:\\Users\\DELL\\Documents\\boilerplateeeee\\microservice\\vendor\\zircote\\swagger-php\\src\\Loggers\\DefaultLogger.php(31): trigger_error('Unable to merge...', 512)
#3 C:\\Users\\DELL\\Documents\\boilerplateeeee\\microservice\\vendor\\psr\\log\\src\\LoggerTrait.php(86): OpenApi\\Loggers\\DefaultLogger->log('warning', 'Unable to merge...', Array)
#4 C:\\Users\\DELL\\Documents\\boilerplateeeee\\microservice\\vendor\\zircote\\swagger-php\\src\\Processors\\BuildPaths.php(52): Psr\\Log\\AbstractLogger->warning('Unable to merge...')
#5 C:\\Users\\DELL\\Documents\\boilerplateeeee\\microservice\\vendor\\zircote\\swagger-php\\src\\Pipeline.php(108): OpenApi\\Processors\\BuildPaths->__invoke(Object(OpenApi\\Analysis))
#6 C:\\Users\\DELL\\Documents\\boilerplateeeee\\microservice\\vendor\\zircote\\swagger-php\\src\\Generator.php(492): OpenApi\\Pipeline->process(Object(OpenApi\\Analysis))
#7 C:\\Users\\DELL\\Documents\\boilerplateeeee\\microservice\\vendor\\darkaonline\\swagger-lume\\src\\Generator.php(32): OpenApi\\Generator->generate(Object(Symfony\\Component\\Finder\\Finder))
#8 C:\\Users\\DELL\\Documents\\boilerplateeeee\\microservice\\vendor\\darkaonline\\swagger-lume\\src\\Console\\GenerateDocsCommand.php(32): SwaggerLume\\Generator::generateDocs()
#9 C:\\Users\\DELL\\Documents\\boilerplateeeee\\microservice\\vendor\\laravel\\framework\\src\\Illuminate\\Container\\BoundMethod.php(36): SwaggerLume\\Console\\GenerateDocsCommand->handle()
#10 C:\\Users\\DELL\\Documents\\boilerplateeeee\\microservice\\vendor\\laravel\\framework\\src\\Illuminate\\Container\\Util.php(41): Illuminate\\Container\\BoundMethod::Illuminate\\Container\\{closure}()
#11 C:\\Users\\DELL\\Documents\\boilerplateeeee\\microservice\\vendor\\laravel\\framework\\src\\Illuminate\\Container\\BoundMethod.php(93): Illuminate\\Container\\Util::unwrapIfClosure(Object(Closure))
#12 C:\\Users\\DELL\\Documents\\boilerplateeeee\\microservice\\vendor\\laravel\\framework\\src\\Illuminate\\Container\\BoundMethod.php(37): Illuminate\\Container\\BoundMethod::callBoundMethod(Object(Laravel\\Lumen\\Application), Array, Object(Closure))
#13 C:\\Users\\DELL\\Documents\\boilerplateeeee\\microservice\\vendor\\laravel\\framework\\src\\Illuminate\\Container\\Container.php(661): Illuminate\\Container\\BoundMethod::call(Object(Laravel\\Lumen\\Application), Array, Array, NULL)
#14 C:\\Users\\DELL\\Documents\\boilerplateeeee\\microservice\\vendor\\laravel\\framework\\src\\Illuminate\\Console\\Command.php(183): Illuminate\\Container\\Container->call(Array)
#15 C:\\Users\\DELL\\Documents\\boilerplateeeee\\microservice\\vendor\\symfony\\console\\Command\\Command.php(291): Illuminate\\Console\\Command->execute(Object(Symfony\\Component\\Console\\Input\\ArgvInput), Object(Illuminate\\Console\\OutputStyle))
#16 C:\\Users\\DELL\\Documents\\boilerplateeeee\\microservice\\vendor\\laravel\\framework\\src\\Illuminate\\Console\\Command.php(153): Symfony\\Component\\Console\\Command\\Command->run(Object(Symfony\\Component\\Console\\Input\\ArgvInput), Object(Illuminate\\Console\\OutputStyle))
#17 C:\\Users\\DELL\\Documents\\boilerplateeeee\\microservice\\vendor\\symfony\\console\\Application.php(1014): Illuminate\\Console\\Command->run(Object(Symfony\\Component\\Console\\Input\\ArgvInput), Object(Symfony\\Component\\Console\\Output\\ConsoleOutput))
#18 C:\\Users\\DELL\\Documents\\boilerplateeeee\\microservice\\vendor\\symfony\\console\\Application.php(301): Symfony\\Component\\Console\\Application->doRunCommand(Object(SwaggerLume\\Console\\GenerateDocsCommand), Object(Symfony\\Component\\Console\\Input\\ArgvInput), Object(Symfony\\Component\\Console\\Output\\ConsoleOutput))
#19 C:\\Users\\DELL\\Documents\\boilerplateeeee\\microservice\\vendor\\symfony\\console\\Application.php(171): Symfony\\Component\\Console\\Application->doRun(Object(Symfony\\Component\\Console\\Input\\ArgvInput), Object(Symfony\\Component\\Console\\Output\\ConsoleOutput))
#20 C:\\Users\\DELL\\Documents\\boilerplateeeee\\microservice\\vendor\\laravel\\framework\\src\\Illuminate\\Console\\Application.php(102): Symfony\\Component\\Console\\Application->run(Object(Symfony\\Component\\Console\\Input\\ArgvInput), Object(Symfony\\Component\\Console\\Output\\ConsoleOutput))
#21 C:\\Users\\DELL\\Documents\\boilerplateeeee\\microservice\\vendor\\laravel\\lumen-framework\\src\\Console\\Kernel.php(116): Illuminate\\Console\\Application->run(Object(Symfony\\Component\\Console\\Input\\ArgvInput), Object(Symfony\\Component\\Console\\Output\\ConsoleOutput))
#22 C:\\Users\\DELL\\Documents\\boilerplateeeee\\microservice\\artisan(35): Laravel\\Lumen\\Console\\Kernel->handle(Object(Symfony\\Component\\Console\\Input\\ArgvInput), Object(Symfony\\Component\\Console\\Output\\ConsoleOutput))
#23 {main}
"} 
[2024-07-07 13:18:37] local.ERROR: Unable to merge @OA\Delete() in \App\Http\Controllers\API\V1\PostController->forceDelete() in C:\Users\DELL\Documents\boilerplateeeee\microservice\app\Http\Controllers\API\V1\PostController.php on line 414 {"exception":"[object] (ErrorException(code: 0): Unable to merge @OA\\Delete() in \\App\\Http\\Controllers\\API\\V1\\PostController->forceDelete() in C:\\Users\\DELL\\Documents\\boilerplateeeee\\microservice\\app\\Http\\Controllers\\API\\V1\\PostController.php on line 414 at C:\\Users\\DELL\\Documents\\boilerplateeeee\\microservice\\vendor\\zircote\\swagger-php\\src\\Loggers\\DefaultLogger.php:31)
[stacktrace]
#0 C:\\Users\\DELL\\Documents\\boilerplateeeee\\microservice\\vendor\\laravel\\lumen-framework\\src\\Concerns\\RegistersExceptionHandlers.php(47): Laravel\\Lumen\\Application->handleError(512, 'Unable to merge...', 'C:\\\\Users\\\\DELL\\\\D...', 31)
#1 [internal function]: Laravel\\Lumen\\Application->Laravel\\Lumen\\Concerns\\{closure}(512, 'Unable to merge...', 'C:\\\\Users\\\\DELL\\\\D...', 31)
#2 C:\\Users\\DELL\\Documents\\boilerplateeeee\\microservice\\vendor\\zircote\\swagger-php\\src\\Loggers\\DefaultLogger.php(31): trigger_error('Unable to merge...', 512)
#3 C:\\Users\\DELL\\Documents\\boilerplateeeee\\microservice\\vendor\\psr\\log\\src\\LoggerTrait.php(86): OpenApi\\Loggers\\DefaultLogger->log('warning', 'Unable to merge...', Array)
#4 C:\\Users\\DELL\\Documents\\boilerplateeeee\\microservice\\vendor\\zircote\\swagger-php\\src\\Processors\\BuildPaths.php(52): Psr\\Log\\AbstractLogger->warning('Unable to merge...')
#5 C:\\Users\\DELL\\Documents\\boilerplateeeee\\microservice\\vendor\\zircote\\swagger-php\\src\\Pipeline.php(108): OpenApi\\Processors\\BuildPaths->__invoke(Object(OpenApi\\Analysis))
#6 C:\\Users\\DELL\\Documents\\boilerplateeeee\\microservice\\vendor\\zircote\\swagger-php\\src\\Generator.php(492): OpenApi\\Pipeline->process(Object(OpenApi\\Analysis))
#7 C:\\Users\\DELL\\Documents\\boilerplateeeee\\microservice\\vendor\\darkaonline\\swagger-lume\\src\\Generator.php(32): OpenApi\\Generator->generate(Object(Symfony\\Component\\Finder\\Finder))
#8 C:\\Users\\DELL\\Documents\\boilerplateeeee\\microservice\\vendor\\darkaonline\\swagger-lume\\src\\Console\\GenerateDocsCommand.php(32): SwaggerLume\\Generator::generateDocs()
#9 C:\\Users\\DELL\\Documents\\boilerplateeeee\\microservice\\vendor\\laravel\\framework\\src\\Illuminate\\Container\\BoundMethod.php(36): SwaggerLume\\Console\\GenerateDocsCommand->handle()
#10 C:\\Users\\DELL\\Documents\\boilerplateeeee\\microservice\\vendor\\laravel\\framework\\src\\Illuminate\\Container\\Util.php(41): Illuminate\\Container\\BoundMethod::Illuminate\\Container\\{closure}()
#11 C:\\Users\\DELL\\Documents\\boilerplateeeee\\microservice\\vendor\\laravel\\framework\\src\\Illuminate\\Container\\BoundMethod.php(93): Illuminate\\Container\\Util::unwrapIfClosure(Object(Closure))
#12 C:\\Users\\DELL\\Documents\\boilerplateeeee\\microservice\\vendor\\laravel\\framework\\src\\Illuminate\\Container\\BoundMethod.php(37): Illuminate\\Container\\BoundMethod::callBoundMethod(Object(Laravel\\Lumen\\Application), Array, Object(Closure))
#13 C:\\Users\\DELL\\Documents\\boilerplateeeee\\microservice\\vendor\\laravel\\framework\\src\\Illuminate\\Container\\Container.php(661): Illuminate\\Container\\BoundMethod::call(Object(Laravel\\Lumen\\Application), Array, Array, NULL)
#14 C:\\Users\\DELL\\Documents\\boilerplateeeee\\microservice\\vendor\\laravel\\framework\\src\\Illuminate\\Console\\Command.php(183): Illuminate\\Container\\Container->call(Array)
#15 C:\\Users\\DELL\\Documents\\boilerplateeeee\\microservice\\vendor\\symfony\\console\\Command\\Command.php(291): Illuminate\\Console\\Command->execute(Object(Symfony\\Component\\Console\\Input\\ArgvInput), Object(Illuminate\\Console\\OutputStyle))
#16 C:\\Users\\DELL\\Documents\\boilerplateeeee\\microservice\\vendor\\laravel\\framework\\src\\Illuminate\\Console\\Command.php(153): Symfony\\Component\\Console\\Command\\Command->run(Object(Symfony\\Component\\Console\\Input\\ArgvInput), Object(Illuminate\\Console\\OutputStyle))
#17 C:\\Users\\DELL\\Documents\\boilerplateeeee\\microservice\\vendor\\symfony\\console\\Application.php(1014): Illuminate\\Console\\Command->run(Object(Symfony\\Component\\Console\\Input\\ArgvInput), Object(Symfony\\Component\\Console\\Output\\ConsoleOutput))
#18 C:\\Users\\DELL\\Documents\\boilerplateeeee\\microservice\\vendor\\symfony\\console\\Application.php(301): Symfony\\Component\\Console\\Application->doRunCommand(Object(SwaggerLume\\Console\\GenerateDocsCommand), Object(Symfony\\Component\\Console\\Input\\ArgvInput), Object(Symfony\\Component\\Console\\Output\\ConsoleOutput))
#19 C:\\Users\\DELL\\Documents\\boilerplateeeee\\microservice\\vendor\\symfony\\console\\Application.php(171): Symfony\\Component\\Console\\Application->doRun(Object(Symfony\\Component\\Console\\Input\\ArgvInput), Object(Symfony\\Component\\Console\\Output\\ConsoleOutput))
#20 C:\\Users\\DELL\\Documents\\boilerplateeeee\\microservice\\vendor\\laravel\\framework\\src\\Illuminate\\Console\\Application.php(102): Symfony\\Component\\Console\\Application->run(Object(Symfony\\Component\\Console\\Input\\ArgvInput), Object(Symfony\\Component\\Console\\Output\\ConsoleOutput))
#21 C:\\Users\\DELL\\Documents\\boilerplateeeee\\microservice\\vendor\\laravel\\lumen-framework\\src\\Console\\Kernel.php(116): Illuminate\\Console\\Application->run(Object(Symfony\\Component\\Console\\Input\\ArgvInput), Object(Symfony\\Component\\Console\\Output\\ConsoleOutput))
#22 C:\\Users\\DELL\\Documents\\boilerplateeeee\\microservice\\artisan(35): Laravel\\Lumen\\Console\\Kernel->handle(Object(Symfony\\Component\\Console\\Input\\ArgvInput), Object(Symfony\\Component\\Console\\Output\\ConsoleOutput))
#23 {main}
"} 
