[2024-07-06 21:00:03] local.ERROR: Required @OA\Info() not found {"exception":"[object] (ErrorException(code: 0): Required @OA\\Info() not found at C:\\Users\\DELL\\Documents\\boilerplateeeee\\microservice\\vendor\\zircote\\swagger-php\\src\\Loggers\\DefaultLogger.php:31)
[stacktrace]
#0 C:\\Users\\DELL\\Documents\\boilerplateeeee\\microservice\\vendor\\laravel\\lumen-framework\\src\\Concerns\\RegistersExceptionHandlers.php(47): Laravel\\Lumen\\Application->handleError(512, 'Required @OA\\\\In...', 'C:\\\\Users\\\\DELL\\\\D...', 31)
#1 [internal function]: Laravel\\Lumen\\Application->Laravel\\Lumen\\Concerns\\{closure}(512, 'Required @OA\\\\In...', 'C:\\\\Users\\\\DELL\\\\D...', 31)
#2 C:\\Users\\DELL\\Documents\\boilerplateeeee\\microservice\\vendor\\zircote\\swagger-php\\src\\Loggers\\DefaultLogger.php(31): trigger_error('Required @OA\\\\In...', 512)
#3 C:\\Users\\DELL\\Documents\\boilerplateeeee\\microservice\\vendor\\psr\\log\\src\\LoggerTrait.php(86): OpenApi\\Loggers\\DefaultLogger->log('warning', 'Required @OA\\\\In...', Array)
#4 C:\\Users\\DELL\\Documents\\boilerplateeeee\\microservice\\vendor\\zircote\\swagger-php\\src\\Annotations\\AbstractAnnotation.php(532): Psr\\Log\\AbstractLogger->warning('Required @OA\\\\In...')
#5 C:\\Users\\DELL\\Documents\\boilerplateeeee\\microservice\\vendor\\zircote\\swagger-php\\src\\Annotations\\OpenApi.php(170): OpenApi\\Annotations\\AbstractAnnotation->validate(Array, Array, '#', Object(stdClass))
#6 C:\\Users\\DELL\\Documents\\boilerplateeeee\\microservice\\vendor\\zircote\\swagger-php\\src\\Analysis.php(440): OpenApi\\Annotations\\OpenApi->validate()
#7 C:\\Users\\DELL\\Documents\\boilerplateeeee\\microservice\\vendor\\zircote\\swagger-php\\src\\Generator.php(503): OpenApi\\Analysis->validate()
#8 C:\\Users\\DELL\\Documents\\boilerplateeeee\\microservice\\vendor\\darkaonline\\swagger-lume\\src\\Generator.php(32): OpenApi\\Generator->generate(Object(Symfony\\Component\\Finder\\Finder))
#9 C:\\Users\\DELL\\Documents\\boilerplateeeee\\microservice\\vendor\\darkaonline\\swagger-lume\\src\\Console\\GenerateDocsCommand.php(32): SwaggerLume\\Generator::generateDocs()
#10 C:\\Users\\DELL\\Documents\\boilerplateeeee\\microservice\\vendor\\laravel\\framework\\src\\Illuminate\\Container\\BoundMethod.php(36): SwaggerLume\\Console\\GenerateDocsCommand->handle()
#11 C:\\Users\\DELL\\Documents\\boilerplateeeee\\microservice\\vendor\\laravel\\framework\\src\\Illuminate\\Container\\Util.php(41): Illuminate\\Container\\BoundMethod::Illuminate\\Container\\{closure}()
#12 C:\\Users\\DELL\\Documents\\boilerplateeeee\\microservice\\vendor\\laravel\\framework\\src\\Illuminate\\Container\\BoundMethod.php(93): Illuminate\\Container\\Util::unwrapIfClosure(Object(Closure))
#13 C:\\Users\\DELL\\Documents\\boilerplateeeee\\microservice\\vendor\\laravel\\framework\\src\\Illuminate\\Container\\BoundMethod.php(37): Illuminate\\Container\\BoundMethod::callBoundMethod(Object(Laravel\\Lumen\\Application), Array, Object(Closure))
#14 C:\\Users\\DELL\\Documents\\boilerplateeeee\\microservice\\vendor\\laravel\\framework\\src\\Illuminate\\Container\\Container.php(661): Illuminate\\Container\\BoundMethod::call(Object(Laravel\\Lumen\\Application), Array, Array, NULL)
#15 C:\\Users\\DELL\\Documents\\boilerplateeeee\\microservice\\vendor\\laravel\\framework\\src\\Illuminate\\Console\\Command.php(183): Illuminate\\Container\\Container->call(Array)
#16 C:\\Users\\DELL\\Documents\\boilerplateeeee\\microservice\\vendor\\symfony\\console\\Command\\Command.php(291): Illuminate\\Console\\Command->execute(Object(Symfony\\Component\\Console\\Input\\ArgvInput), Object(Illuminate\\Console\\OutputStyle))
#17 C:\\Users\\DELL\\Documents\\boilerplateeeee\\microservice\\vendor\\laravel\\framework\\src\\Illuminate\\Console\\Command.php(153): Symfony\\Component\\Console\\Command\\Command->run(Object(Symfony\\Component\\Console\\Input\\ArgvInput), Object(Illuminate\\Console\\OutputStyle))
#18 C:\\Users\\DELL\\Documents\\boilerplateeeee\\microservice\\vendor\\symfony\\console\\Application.php(1014): Illuminate\\Console\\Command->run(Object(Symfony\\Component\\Console\\Input\\ArgvInput), Object(Symfony\\Component\\Console\\Output\\ConsoleOutput))
#19 C:\\Users\\DELL\\Documents\\boilerplateeeee\\microservice\\vendor\\symfony\\console\\Application.php(301): Symfony\\Component\\Console\\Application->doRunCommand(Object(SwaggerLume\\Console\\GenerateDocsCommand), Object(Symfony\\Component\\Console\\Input\\ArgvInput), Object(Symfony\\Component\\Console\\Output\\ConsoleOutput))
#20 C:\\Users\\DELL\\Documents\\boilerplateeeee\\microservice\\vendor\\symfony\\console\\Application.php(171): Symfony\\Component\\Console\\Application->doRun(Object(Symfony\\Component\\Console\\Input\\ArgvInput), Object(Symfony\\Component\\Console\\Output\\ConsoleOutput))
#21 C:\\Users\\DELL\\Documents\\boilerplateeeee\\microservice\\vendor\\laravel\\framework\\src\\Illuminate\\Console\\Application.php(102): Symfony\\Component\\Console\\Application->run(Object(Symfony\\Component\\Console\\Input\\ArgvInput), Object(Symfony\\Component\\Console\\Output\\ConsoleOutput))
#22 C:\\Users\\DELL\\Documents\\boilerplateeeee\\microservice\\vendor\\laravel\\lumen-framework\\src\\Console\\Kernel.php(116): Illuminate\\Console\\Application->run(Object(Symfony\\Component\\Console\\Input\\ArgvInput), Object(Symfony\\Component\\Console\\Output\\ConsoleOutput))
#23 C:\\Users\\DELL\\Documents\\boilerplateeeee\\microservice\\artisan(35): Laravel\\Lumen\\Console\\Kernel->handle(Object(Symfony\\Component\\Console\\Input\\ArgvInput), Object(Symfony\\Component\\Console\\Output\\ConsoleOutput))
#24 {main}
"} 
[2024-07-06 21:02:12] local.ERROR: $ref "#/components/schemas/Post" not found for @OA\Items() in \App\Http\Controllers\PostController->index() in C:\Users\DELL\Documents\boilerplateeeee\microservice\app\Http\Controllers\PostController.php on line 32 {"exception":"[object] (ErrorException(code: 0): $ref \"#/components/schemas/Post\" not found for @OA\\Items() in \\App\\Http\\Controllers\\PostController->index() in C:\\Users\\DELL\\Documents\\boilerplateeeee\\microservice\\app\\Http\\Controllers\\PostController.php on line 32 at C:\\Users\\DELL\\Documents\\boilerplateeeee\\microservice\\vendor\\zircote\\swagger-php\\src\\Loggers\\DefaultLogger.php:31)
[stacktrace]
#0 C:\\Users\\DELL\\Documents\\boilerplateeeee\\microservice\\vendor\\laravel\\lumen-framework\\src\\Concerns\\RegistersExceptionHandlers.php(47): Laravel\\Lumen\\Application->handleError(512, '$ref \"#/compone...', 'C:\\\\Users\\\\DELL\\\\D...', 31)
#1 [internal function]: Laravel\\Lumen\\Application->Laravel\\Lumen\\Concerns\\{closure}(512, '$ref \"#/compone...', 'C:\\\\Users\\\\DELL\\\\D...', 31)
#2 C:\\Users\\DELL\\Documents\\boilerplateeeee\\microservice\\vendor\\zircote\\swagger-php\\src\\Loggers\\DefaultLogger.php(31): trigger_error('$ref \"#/compone...', 512)
#3 C:\\Users\\DELL\\Documents\\boilerplateeeee\\microservice\\vendor\\psr\\log\\src\\LoggerTrait.php(86): OpenApi\\Loggers\\DefaultLogger->log('warning', '$ref \"#/compone...', Array)
#4 C:\\Users\\DELL\\Documents\\boilerplateeeee\\microservice\\vendor\\zircote\\swagger-php\\src\\Annotations\\AbstractAnnotation.php(511): Psr\\Log\\AbstractLogger->warning('$ref \"#/compone...', Array)
#5 C:\\Users\\DELL\\Documents\\boilerplateeeee\\microservice\\vendor\\zircote\\swagger-php\\src\\Annotations\\Schema.php(517): OpenApi\\Annotations\\AbstractAnnotation->validate(Array, Array, '#/paths/0/get/r...', Object(stdClass))
#6 C:\\Users\\DELL\\Documents\\boilerplateeeee\\microservice\\vendor\\zircote\\swagger-php\\src\\Annotations\\Items.php(50): OpenApi\\Annotations\\Schema->validate(Array, Array, '#/paths/0/get/r...', Object(stdClass))
#7 C:\\Users\\DELL\\Documents\\boilerplateeeee\\microservice\\vendor\\zircote\\swagger-php\\src\\Annotations\\AbstractAnnotation.php(592): OpenApi\\Annotations\\Items->validate(Array, Array, '#/paths/0/get/r...', Object(stdClass))
#8 C:\\Users\\DELL\\Documents\\boilerplateeeee\\microservice\\vendor\\zircote\\swagger-php\\src\\Annotations\\AbstractAnnotation.php(565): OpenApi\\Annotations\\AbstractAnnotation::_validate(Object(OpenApi\\Annotations\\JsonContent), Array, Array, '#/paths/0/get/r...', Object(stdClass))
#9 C:\\Users\\DELL\\Documents\\boilerplateeeee\\microservice\\vendor\\zircote\\swagger-php\\src\\Annotations\\Schema.php(517): OpenApi\\Annotations\\AbstractAnnotation->validate(Array, Array, '#/paths/0/get/r...', Object(stdClass))
#10 C:\\Users\\DELL\\Documents\\boilerplateeeee\\microservice\\vendor\\zircote\\swagger-php\\src\\Annotations\\AbstractAnnotation.php(592): OpenApi\\Annotations\\Schema->validate(Array, Array, '#/paths/0/get/r...', Object(stdClass))
#11 C:\\Users\\DELL\\Documents\\boilerplateeeee\\microservice\\vendor\\zircote\\swagger-php\\src\\Annotations\\AbstractAnnotation.php(565): OpenApi\\Annotations\\AbstractAnnotation::_validate(Object(OpenApi\\Annotations\\MediaType), Array, Array, '#/paths/0/get/r...', Object(stdClass))
#12 C:\\Users\\DELL\\Documents\\boilerplateeeee\\microservice\\vendor\\zircote\\swagger-php\\src\\Annotations\\AbstractAnnotation.php(592): OpenApi\\Annotations\\AbstractAnnotation->validate(Array, Array, '#/paths/0/get/r...', Object(stdClass))
#13 C:\\Users\\DELL\\Documents\\boilerplateeeee\\microservice\\vendor\\zircote\\swagger-php\\src\\Annotations\\AbstractAnnotation.php(598): OpenApi\\Annotations\\AbstractAnnotation::_validate(Array, Array, Array, '#/paths/0/get/r...', Object(stdClass))
#14 C:\\Users\\DELL\\Documents\\boilerplateeeee\\microservice\\vendor\\zircote\\swagger-php\\src\\Annotations\\AbstractAnnotation.php(565): OpenApi\\Annotations\\AbstractAnnotation::_validate(Object(OpenApi\\Annotations\\Response), Array, Array, '#/paths/0/get/r...', Object(stdClass))
#15 C:\\Users\\DELL\\Documents\\boilerplateeeee\\microservice\\vendor\\zircote\\swagger-php\\src\\Annotations\\Response.php(121): OpenApi\\Annotations\\AbstractAnnotation->validate(Array, Array, '#/paths/0/get/r...', Object(stdClass))
#16 C:\\Users\\DELL\\Documents\\boilerplateeeee\\microservice\\vendor\\zircote\\swagger-php\\src\\Annotations\\AbstractAnnotation.php(592): OpenApi\\Annotations\\Response->validate(Array, Array, '#/paths/0/get/r...', Object(stdClass))
#17 C:\\Users\\DELL\\Documents\\boilerplateeeee\\microservice\\vendor\\zircote\\swagger-php\\src\\Annotations\\AbstractAnnotation.php(598): OpenApi\\Annotations\\AbstractAnnotation::_validate(Array, Array, Array, '#/paths/0/get/r...', Object(stdClass))
#18 C:\\Users\\DELL\\Documents\\boilerplateeeee\\microservice\\vendor\\zircote\\swagger-php\\src\\Annotations\\AbstractAnnotation.php(565): OpenApi\\Annotations\\AbstractAnnotation::_validate(Object(OpenApi\\Annotations\\Get), Array, Array, '#/paths/0/get', Object(stdClass))
#19 C:\\Users\\DELL\\Documents\\boilerplateeeee\\microservice\\vendor\\zircote\\swagger-php\\src\\Annotations\\Operation.php(223): OpenApi\\Annotations\\AbstractAnnotation->validate(Array, Array, '#/paths/0/get', Object(stdClass))
#20 C:\\Users\\DELL\\Documents\\boilerplateeeee\\microservice\\vendor\\zircote\\swagger-php\\src\\Annotations\\AbstractAnnotation.php(592): OpenApi\\Annotations\\Operation->validate(Array, Array, '#/paths/0/get', Object(stdClass))
#21 C:\\Users\\DELL\\Documents\\boilerplateeeee\\microservice\\vendor\\zircote\\swagger-php\\src\\Annotations\\AbstractAnnotation.php(565): OpenApi\\Annotations\\AbstractAnnotation::_validate(Object(OpenApi\\Annotations\\PathItem), Array, Array, '#/paths/0', Object(stdClass))
#22 C:\\Users\\DELL\\Documents\\boilerplateeeee\\microservice\\vendor\\zircote\\swagger-php\\src\\Annotations\\AbstractAnnotation.php(592): OpenApi\\Annotations\\AbstractAnnotation->validate(Array, Array, '#/paths/0', Object(stdClass))
#23 C:\\Users\\DELL\\Documents\\boilerplateeeee\\microservice\\vendor\\zircote\\swagger-php\\src\\Annotations\\AbstractAnnotation.php(598): OpenApi\\Annotations\\AbstractAnnotation::_validate(Array, Array, Array, '#/paths', Object(stdClass))
#24 C:\\Users\\DELL\\Documents\\boilerplateeeee\\microservice\\vendor\\zircote\\swagger-php\\src\\Annotations\\AbstractAnnotation.php(565): OpenApi\\Annotations\\AbstractAnnotation::_validate(Object(OpenApi\\Annotations\\OpenApi), Array, Array, '#', Object(stdClass))
#25 C:\\Users\\DELL\\Documents\\boilerplateeeee\\microservice\\vendor\\zircote\\swagger-php\\src\\Annotations\\OpenApi.php(170): OpenApi\\Annotations\\AbstractAnnotation->validate(Array, Array, '#', Object(stdClass))
#26 C:\\Users\\DELL\\Documents\\boilerplateeeee\\microservice\\vendor\\zircote\\swagger-php\\src\\Analysis.php(440): OpenApi\\Annotations\\OpenApi->validate()
#27 C:\\Users\\DELL\\Documents\\boilerplateeeee\\microservice\\vendor\\zircote\\swagger-php\\src\\Generator.php(503): OpenApi\\Analysis->validate()
#28 C:\\Users\\DELL\\Documents\\boilerplateeeee\\microservice\\vendor\\darkaonline\\swagger-lume\\src\\Generator.php(32): OpenApi\\Generator->generate(Object(Symfony\\Component\\Finder\\Finder))
#29 C:\\Users\\DELL\\Documents\\boilerplateeeee\\microservice\\vendor\\darkaonline\\swagger-lume\\src\\Console\\GenerateDocsCommand.php(32): SwaggerLume\\Generator::generateDocs()
#30 C:\\Users\\DELL\\Documents\\boilerplateeeee\\microservice\\vendor\\laravel\\framework\\src\\Illuminate\\Container\\BoundMethod.php(36): SwaggerLume\\Console\\GenerateDocsCommand->handle()
#31 C:\\Users\\DELL\\Documents\\boilerplateeeee\\microservice\\vendor\\laravel\\framework\\src\\Illuminate\\Container\\Util.php(41): Illuminate\\Container\\BoundMethod::Illuminate\\Container\\{closure}()
#32 C:\\Users\\DELL\\Documents\\boilerplateeeee\\microservice\\vendor\\laravel\\framework\\src\\Illuminate\\Container\\BoundMethod.php(93): Illuminate\\Container\\Util::unwrapIfClosure(Object(Closure))
#33 C:\\Users\\DELL\\Documents\\boilerplateeeee\\microservice\\vendor\\laravel\\framework\\src\\Illuminate\\Container\\BoundMethod.php(37): Illuminate\\Container\\BoundMethod::callBoundMethod(Object(Laravel\\Lumen\\Application), Array, Object(Closure))
#34 C:\\Users\\DELL\\Documents\\boilerplateeeee\\microservice\\vendor\\laravel\\framework\\src\\Illuminate\\Container\\Container.php(661): Illuminate\\Container\\BoundMethod::call(Object(Laravel\\Lumen\\Application), Array, Array, NULL)
#35 C:\\Users\\DELL\\Documents\\boilerplateeeee\\microservice\\vendor\\laravel\\framework\\src\\Illuminate\\Console\\Command.php(183): Illuminate\\Container\\Container->call(Array)
#36 C:\\Users\\DELL\\Documents\\boilerplateeeee\\microservice\\vendor\\symfony\\console\\Command\\Command.php(291): Illuminate\\Console\\Command->execute(Object(Symfony\\Component\\Console\\Input\\ArgvInput), Object(Illuminate\\Console\\OutputStyle))
#37 C:\\Users\\DELL\\Documents\\boilerplateeeee\\microservice\\vendor\\laravel\\framework\\src\\Illuminate\\Console\\Command.php(153): Symfony\\Component\\Console\\Command\\Command->run(Object(Symfony\\Component\\Console\\Input\\ArgvInput), Object(Illuminate\\Console\\OutputStyle))
#38 C:\\Users\\DELL\\Documents\\boilerplateeeee\\microservice\\vendor\\symfony\\console\\Application.php(1014): Illuminate\\Console\\Command->run(Object(Symfony\\Component\\Console\\Input\\ArgvInput), Object(Symfony\\Component\\Console\\Output\\ConsoleOutput))
#39 C:\\Users\\DELL\\Documents\\boilerplateeeee\\microservice\\vendor\\symfony\\console\\Application.php(301): Symfony\\Component\\Console\\Application->doRunCommand(Object(SwaggerLume\\Console\\GenerateDocsCommand), Object(Symfony\\Component\\Console\\Input\\ArgvInput), Object(Symfony\\Component\\Console\\Output\\ConsoleOutput))
#40 C:\\Users\\DELL\\Documents\\boilerplateeeee\\microservice\\vendor\\symfony\\console\\Application.php(171): Symfony\\Component\\Console\\Application->doRun(Object(Symfony\\Component\\Console\\Input\\ArgvInput), Object(Symfony\\Component\\Console\\Output\\ConsoleOutput))
#41 C:\\Users\\DELL\\Documents\\boilerplateeeee\\microservice\\vendor\\laravel\\framework\\src\\Illuminate\\Console\\Application.php(102): Symfony\\Component\\Console\\Application->run(Object(Symfony\\Component\\Console\\Input\\ArgvInput), Object(Symfony\\Component\\Console\\Output\\ConsoleOutput))
#42 C:\\Users\\DELL\\Documents\\boilerplateeeee\\microservice\\vendor\\laravel\\lumen-framework\\src\\Console\\Kernel.php(116): Illuminate\\Console\\Application->run(Object(Symfony\\Component\\Console\\Input\\ArgvInput), Object(Symfony\\Component\\Console\\Output\\ConsoleOutput))
#43 C:\\Users\\DELL\\Documents\\boilerplateeeee\\microservice\\artisan(35): Laravel\\Lumen\\Console\\Kernel->handle(Object(Symfony\\Component\\Console\\Input\\ArgvInput), Object(Symfony\\Component\\Console\\Output\\ConsoleOutput))
#44 {main}
"} 
[2024-07-06 21:03:34] local.ERROR: $ref "#/components/schemas/Tag" not found for @OA\Items() in \App\Http\Controllers\TagController->index() in C:\Users\DELL\Documents\boilerplateeeee\microservice\app\Http\Controllers\TagController.php on line 23 {"exception":"[object] (ErrorException(code: 0): $ref \"#/components/schemas/Tag\" not found for @OA\\Items() in \\App\\Http\\Controllers\\TagController->index() in C:\\Users\\DELL\\Documents\\boilerplateeeee\\microservice\\app\\Http\\Controllers\\TagController.php on line 23 at C:\\Users\\DELL\\Documents\\boilerplateeeee\\microservice\\vendor\\zircote\\swagger-php\\src\\Loggers\\DefaultLogger.php:31)
[stacktrace]
#0 C:\\Users\\DELL\\Documents\\boilerplateeeee\\microservice\\vendor\\laravel\\lumen-framework\\src\\Concerns\\RegistersExceptionHandlers.php(47): Laravel\\Lumen\\Application->handleError(512, '$ref \"#/compone...', 'C:\\\\Users\\\\DELL\\\\D...', 31)
#1 [internal function]: Laravel\\Lumen\\Application->Laravel\\Lumen\\Concerns\\{closure}(512, '$ref \"#/compone...', 'C:\\\\Users\\\\DELL\\\\D...', 31)
#2 C:\\Users\\DELL\\Documents\\boilerplateeeee\\microservice\\vendor\\zircote\\swagger-php\\src\\Loggers\\DefaultLogger.php(31): trigger_error('$ref \"#/compone...', 512)
#3 C:\\Users\\DELL\\Documents\\boilerplateeeee\\microservice\\vendor\\psr\\log\\src\\LoggerTrait.php(86): OpenApi\\Loggers\\DefaultLogger->log('warning', '$ref \"#/compone...', Array)
#4 C:\\Users\\DELL\\Documents\\boilerplateeeee\\microservice\\vendor\\zircote\\swagger-php\\src\\Annotations\\AbstractAnnotation.php(511): Psr\\Log\\AbstractLogger->warning('$ref \"#/compone...', Array)
#5 C:\\Users\\DELL\\Documents\\boilerplateeeee\\microservice\\vendor\\zircote\\swagger-php\\src\\Annotations\\Schema.php(517): OpenApi\\Annotations\\AbstractAnnotation->validate(Array, Array, '#/paths/6/get/r...', Object(stdClass))
#6 C:\\Users\\DELL\\Documents\\boilerplateeeee\\microservice\\vendor\\zircote\\swagger-php\\src\\Annotations\\Items.php(50): OpenApi\\Annotations\\Schema->validate(Array, Array, '#/paths/6/get/r...', Object(stdClass))
#7 C:\\Users\\DELL\\Documents\\boilerplateeeee\\microservice\\vendor\\zircote\\swagger-php\\src\\Annotations\\AbstractAnnotation.php(592): OpenApi\\Annotations\\Items->validate(Array, Array, '#/paths/6/get/r...', Object(stdClass))
#8 C:\\Users\\DELL\\Documents\\boilerplateeeee\\microservice\\vendor\\zircote\\swagger-php\\src\\Annotations\\AbstractAnnotation.php(565): OpenApi\\Annotations\\AbstractAnnotation::_validate(Object(OpenApi\\Annotations\\JsonContent), Array, Array, '#/paths/6/get/r...', Object(stdClass))
#9 C:\\Users\\DELL\\Documents\\boilerplateeeee\\microservice\\vendor\\zircote\\swagger-php\\src\\Annotations\\Schema.php(517): OpenApi\\Annotations\\AbstractAnnotation->validate(Array, Array, '#/paths/6/get/r...', Object(stdClass))
#10 C:\\Users\\DELL\\Documents\\boilerplateeeee\\microservice\\vendor\\zircote\\swagger-php\\src\\Annotations\\AbstractAnnotation.php(592): OpenApi\\Annotations\\Schema->validate(Array, Array, '#/paths/6/get/r...', Object(stdClass))
#11 C:\\Users\\DELL\\Documents\\boilerplateeeee\\microservice\\vendor\\zircote\\swagger-php\\src\\Annotations\\AbstractAnnotation.php(565): OpenApi\\Annotations\\AbstractAnnotation::_validate(Object(OpenApi\\Annotations\\MediaType), Array, Array, '#/paths/6/get/r...', Object(stdClass))
#12 C:\\Users\\DELL\\Documents\\boilerplateeeee\\microservice\\vendor\\zircote\\swagger-php\\src\\Annotations\\AbstractAnnotation.php(592): OpenApi\\Annotations\\AbstractAnnotation->validate(Array, Array, '#/paths/6/get/r...', Object(stdClass))
#13 C:\\Users\\DELL\\Documents\\boilerplateeeee\\microservice\\vendor\\zircote\\swagger-php\\src\\Annotations\\AbstractAnnotation.php(598): OpenApi\\Annotations\\AbstractAnnotation::_validate(Array, Array, Array, '#/paths/6/get/r...', Object(stdClass))
#14 C:\\Users\\DELL\\Documents\\boilerplateeeee\\microservice\\vendor\\zircote\\swagger-php\\src\\Annotations\\AbstractAnnotation.php(565): OpenApi\\Annotations\\AbstractAnnotation::_validate(Object(OpenApi\\Annotations\\Response), Array, Array, '#/paths/6/get/r...', Object(stdClass))
#15 C:\\Users\\DELL\\Documents\\boilerplateeeee\\microservice\\vendor\\zircote\\swagger-php\\src\\Annotations\\Response.php(121): OpenApi\\Annotations\\AbstractAnnotation->validate(Array, Array, '#/paths/6/get/r...', Object(stdClass))
#16 C:\\Users\\DELL\\Documents\\boilerplateeeee\\microservice\\vendor\\zircote\\swagger-php\\src\\Annotations\\AbstractAnnotation.php(592): OpenApi\\Annotations\\Response->validate(Array, Array, '#/paths/6/get/r...', Object(stdClass))
#17 C:\\Users\\DELL\\Documents\\boilerplateeeee\\microservice\\vendor\\zircote\\swagger-php\\src\\Annotations\\AbstractAnnotation.php(598): OpenApi\\Annotations\\AbstractAnnotation::_validate(Array, Array, Array, '#/paths/6/get/r...', Object(stdClass))
#18 C:\\Users\\DELL\\Documents\\boilerplateeeee\\microservice\\vendor\\zircote\\swagger-php\\src\\Annotations\\AbstractAnnotation.php(565): OpenApi\\Annotations\\AbstractAnnotation::_validate(Object(OpenApi\\Annotations\\Get), Array, Array, '#/paths/6/get', Object(stdClass))
#19 C:\\Users\\DELL\\Documents\\boilerplateeeee\\microservice\\vendor\\zircote\\swagger-php\\src\\Annotations\\Operation.php(223): OpenApi\\Annotations\\AbstractAnnotation->validate(Array, Array, '#/paths/6/get', Object(stdClass))
#20 C:\\Users\\DELL\\Documents\\boilerplateeeee\\microservice\\vendor\\zircote\\swagger-php\\src\\Annotations\\AbstractAnnotation.php(592): OpenApi\\Annotations\\Operation->validate(Array, Array, '#/paths/6/get', Object(stdClass))
#21 C:\\Users\\DELL\\Documents\\boilerplateeeee\\microservice\\vendor\\zircote\\swagger-php\\src\\Annotations\\AbstractAnnotation.php(565): OpenApi\\Annotations\\AbstractAnnotation::_validate(Object(OpenApi\\Annotations\\PathItem), Array, Array, '#/paths/6', Object(stdClass))
#22 C:\\Users\\DELL\\Documents\\boilerplateeeee\\microservice\\vendor\\zircote\\swagger-php\\src\\Annotations\\AbstractAnnotation.php(592): OpenApi\\Annotations\\AbstractAnnotation->validate(Array, Array, '#/paths/6', Object(stdClass))
#23 C:\\Users\\DELL\\Documents\\boilerplateeeee\\microservice\\vendor\\zircote\\swagger-php\\src\\Annotations\\AbstractAnnotation.php(598): OpenApi\\Annotations\\AbstractAnnotation::_validate(Array, Array, Array, '#/paths', Object(stdClass))
#24 C:\\Users\\DELL\\Documents\\boilerplateeeee\\microservice\\vendor\\zircote\\swagger-php\\src\\Annotations\\AbstractAnnotation.php(565): OpenApi\\Annotations\\AbstractAnnotation::_validate(Object(OpenApi\\Annotations\\OpenApi), Array, Array, '#', Object(stdClass))
#25 C:\\Users\\DELL\\Documents\\boilerplateeeee\\microservice\\vendor\\zircote\\swagger-php\\src\\Annotations\\OpenApi.php(170): OpenApi\\Annotations\\AbstractAnnotation->validate(Array, Array, '#', Object(stdClass))
#26 C:\\Users\\DELL\\Documents\\boilerplateeeee\\microservice\\vendor\\zircote\\swagger-php\\src\\Analysis.php(440): OpenApi\\Annotations\\OpenApi->validate()
#27 C:\\Users\\DELL\\Documents\\boilerplateeeee\\microservice\\vendor\\zircote\\swagger-php\\src\\Generator.php(503): OpenApi\\Analysis->validate()
#28 C:\\Users\\DELL\\Documents\\boilerplateeeee\\microservice\\vendor\\darkaonline\\swagger-lume\\src\\Generator.php(32): OpenApi\\Generator->generate(Object(Symfony\\Component\\Finder\\Finder))
#29 C:\\Users\\DELL\\Documents\\boilerplateeeee\\microservice\\vendor\\darkaonline\\swagger-lume\\src\\Console\\GenerateDocsCommand.php(32): SwaggerLume\\Generator::generateDocs()
#30 C:\\Users\\DELL\\Documents\\boilerplateeeee\\microservice\\vendor\\laravel\\framework\\src\\Illuminate\\Container\\BoundMethod.php(36): SwaggerLume\\Console\\GenerateDocsCommand->handle()
#31 C:\\Users\\DELL\\Documents\\boilerplateeeee\\microservice\\vendor\\laravel\\framework\\src\\Illuminate\\Container\\Util.php(41): Illuminate\\Container\\BoundMethod::Illuminate\\Container\\{closure}()
#32 C:\\Users\\DELL\\Documents\\boilerplateeeee\\microservice\\vendor\\laravel\\framework\\src\\Illuminate\\Container\\BoundMethod.php(93): Illuminate\\Container\\Util::unwrapIfClosure(Object(Closure))
#33 C:\\Users\\DELL\\Documents\\boilerplateeeee\\microservice\\vendor\\laravel\\framework\\src\\Illuminate\\Container\\BoundMethod.php(37): Illuminate\\Container\\BoundMethod::callBoundMethod(Object(Laravel\\Lumen\\Application), Array, Object(Closure))
#34 C:\\Users\\DELL\\Documents\\boilerplateeeee\\microservice\\vendor\\laravel\\framework\\src\\Illuminate\\Container\\Container.php(661): Illuminate\\Container\\BoundMethod::call(Object(Laravel\\Lumen\\Application), Array, Array, NULL)
#35 C:\\Users\\DELL\\Documents\\boilerplateeeee\\microservice\\vendor\\laravel\\framework\\src\\Illuminate\\Console\\Command.php(183): Illuminate\\Container\\Container->call(Array)
#36 C:\\Users\\DELL\\Documents\\boilerplateeeee\\microservice\\vendor\\symfony\\console\\Command\\Command.php(291): Illuminate\\Console\\Command->execute(Object(Symfony\\Component\\Console\\Input\\ArgvInput), Object(Illuminate\\Console\\OutputStyle))
#37 C:\\Users\\DELL\\Documents\\boilerplateeeee\\microservice\\vendor\\laravel\\framework\\src\\Illuminate\\Console\\Command.php(153): Symfony\\Component\\Console\\Command\\Command->run(Object(Symfony\\Component\\Console\\Input\\ArgvInput), Object(Illuminate\\Console\\OutputStyle))
#38 C:\\Users\\DELL\\Documents\\boilerplateeeee\\microservice\\vendor\\symfony\\console\\Application.php(1014): Illuminate\\Console\\Command->run(Object(Symfony\\Component\\Console\\Input\\ArgvInput), Object(Symfony\\Component\\Console\\Output\\ConsoleOutput))
#39 C:\\Users\\DELL\\Documents\\boilerplateeeee\\microservice\\vendor\\symfony\\console\\Application.php(301): Symfony\\Component\\Console\\Application->doRunCommand(Object(SwaggerLume\\Console\\GenerateDocsCommand), Object(Symfony\\Component\\Console\\Input\\ArgvInput), Object(Symfony\\Component\\Console\\Output\\ConsoleOutput))
#40 C:\\Users\\DELL\\Documents\\boilerplateeeee\\microservice\\vendor\\symfony\\console\\Application.php(171): Symfony\\Component\\Console\\Application->doRun(Object(Symfony\\Component\\Console\\Input\\ArgvInput), Object(Symfony\\Component\\Console\\Output\\ConsoleOutput))
#41 C:\\Users\\DELL\\Documents\\boilerplateeeee\\microservice\\vendor\\laravel\\framework\\src\\Illuminate\\Console\\Application.php(102): Symfony\\Component\\Console\\Application->run(Object(Symfony\\Component\\Console\\Input\\ArgvInput), Object(Symfony\\Component\\Console\\Output\\ConsoleOutput))
#42 C:\\Users\\DELL\\Documents\\boilerplateeeee\\microservice\\vendor\\laravel\\lumen-framework\\src\\Console\\Kernel.php(116): Illuminate\\Console\\Application->run(Object(Symfony\\Component\\Console\\Input\\ArgvInput), Object(Symfony\\Component\\Console\\Output\\ConsoleOutput))
#43 C:\\Users\\DELL\\Documents\\boilerplateeeee\\microservice\\artisan(35): Laravel\\Lumen\\Console\\Kernel->handle(Object(Symfony\\Component\\Console\\Input\\ArgvInput), Object(Symfony\\Component\\Console\\Output\\ConsoleOutput))
#44 {main}
"} 
[2024-07-06 21:13:10] local.ERROR: $ref "#/components/schemas/Tag" not found for @OA\Items() in \App\Http\Controllers\TagController->index() in C:\Users\DELL\Documents\boilerplateeeee\microservice\app\Http\Controllers\TagController.php on line 23 {"exception":"[object] (ErrorException(code: 0): $ref \"#/components/schemas/Tag\" not found for @OA\\Items() in \\App\\Http\\Controllers\\TagController->index() in C:\\Users\\DELL\\Documents\\boilerplateeeee\\microservice\\app\\Http\\Controllers\\TagController.php on line 23 at C:\\Users\\DELL\\Documents\\boilerplateeeee\\microservice\\vendor\\zircote\\swagger-php\\src\\Loggers\\DefaultLogger.php:31)
[stacktrace]
#0 C:\\Users\\DELL\\Documents\\boilerplateeeee\\microservice\\vendor\\laravel\\lumen-framework\\src\\Concerns\\RegistersExceptionHandlers.php(47): Laravel\\Lumen\\Application->handleError(512, '$ref \"#/compone...', 'C:\\\\Users\\\\DELL\\\\D...', 31)
#1 [internal function]: Laravel\\Lumen\\Application->Laravel\\Lumen\\Concerns\\{closure}(512, '$ref \"#/compone...', 'C:\\\\Users\\\\DELL\\\\D...', 31)
#2 C:\\Users\\DELL\\Documents\\boilerplateeeee\\microservice\\vendor\\zircote\\swagger-php\\src\\Loggers\\DefaultLogger.php(31): trigger_error('$ref \"#/compone...', 512)
#3 C:\\Users\\DELL\\Documents\\boilerplateeeee\\microservice\\vendor\\psr\\log\\src\\LoggerTrait.php(86): OpenApi\\Loggers\\DefaultLogger->log('warning', '$ref \"#/compone...', Array)
#4 C:\\Users\\DELL\\Documents\\boilerplateeeee\\microservice\\vendor\\zircote\\swagger-php\\src\\Annotations\\AbstractAnnotation.php(511): Psr\\Log\\AbstractLogger->warning('$ref \"#/compone...', Array)
#5 C:\\Users\\DELL\\Documents\\boilerplateeeee\\microservice\\vendor\\zircote\\swagger-php\\src\\Annotations\\Schema.php(517): OpenApi\\Annotations\\AbstractAnnotation->validate(Array, Array, '#/paths/6/get/r...', Object(stdClass))
#6 C:\\Users\\DELL\\Documents\\boilerplateeeee\\microservice\\vendor\\zircote\\swagger-php\\src\\Annotations\\Items.php(50): OpenApi\\Annotations\\Schema->validate(Array, Array, '#/paths/6/get/r...', Object(stdClass))
#7 C:\\Users\\DELL\\Documents\\boilerplateeeee\\microservice\\vendor\\zircote\\swagger-php\\src\\Annotations\\AbstractAnnotation.php(592): OpenApi\\Annotations\\Items->validate(Array, Array, '#/paths/6/get/r...', Object(stdClass))
#8 C:\\Users\\DELL\\Documents\\boilerplateeeee\\microservice\\vendor\\zircote\\swagger-php\\src\\Annotations\\AbstractAnnotation.php(565): OpenApi\\Annotations\\AbstractAnnotation::_validate(Object(OpenApi\\Annotations\\JsonContent), Array, Array, '#/paths/6/get/r...', Object(stdClass))
#9 C:\\Users\\DELL\\Documents\\boilerplateeeee\\microservice\\vendor\\zircote\\swagger-php\\src\\Annotations\\Schema.php(517): OpenApi\\Annotations\\AbstractAnnotation->validate(Array, Array, '#/paths/6/get/r...', Object(stdClass))
#10 C:\\Users\\DELL\\Documents\\boilerplateeeee\\microservice\\vendor\\zircote\\swagger-php\\src\\Annotations\\AbstractAnnotation.php(592): OpenApi\\Annotations\\Schema->validate(Array, Array, '#/paths/6/get/r...', Object(stdClass))
#11 C:\\Users\\DELL\\Documents\\boilerplateeeee\\microservice\\vendor\\zircote\\swagger-php\\src\\Annotations\\AbstractAnnotation.php(565): OpenApi\\Annotations\\AbstractAnnotation::_validate(Object(OpenApi\\Annotations\\MediaType), Array, Array, '#/paths/6/get/r...', Object(stdClass))
#12 C:\\Users\\DELL\\Documents\\boilerplateeeee\\microservice\\vendor\\zircote\\swagger-php\\src\\Annotations\\AbstractAnnotation.php(592): OpenApi\\Annotations\\AbstractAnnotation->validate(Array, Array, '#/paths/6/get/r...', Object(stdClass))
#13 C:\\Users\\DELL\\Documents\\boilerplateeeee\\microservice\\vendor\\zircote\\swagger-php\\src\\Annotations\\AbstractAnnotation.php(598): OpenApi\\Annotations\\AbstractAnnotation::_validate(Array, Array, Array, '#/paths/6/get/r...', Object(stdClass))
#14 C:\\Users\\DELL\\Documents\\boilerplateeeee\\microservice\\vendor\\zircote\\swagger-php\\src\\Annotations\\AbstractAnnotation.php(565): OpenApi\\Annotations\\AbstractAnnotation::_validate(Object(OpenApi\\Annotations\\Response), Array, Array, '#/paths/6/get/r...', Object(stdClass))
#15 C:\\Users\\DELL\\Documents\\boilerplateeeee\\microservice\\vendor\\zircote\\swagger-php\\src\\Annotations\\Response.php(121): OpenApi\\Annotations\\AbstractAnnotation->validate(Array, Array, '#/paths/6/get/r...', Object(stdClass))
#16 C:\\Users\\DELL\\Documents\\boilerplateeeee\\microservice\\vendor\\zircote\\swagger-php\\src\\Annotations\\AbstractAnnotation.php(592): OpenApi\\Annotations\\Response->validate(Array, Array, '#/paths/6/get/r...', Object(stdClass))
#17 C:\\Users\\DELL\\Documents\\boilerplateeeee\\microservice\\vendor\\zircote\\swagger-php\\src\\Annotations\\AbstractAnnotation.php(598): OpenApi\\Annotations\\AbstractAnnotation::_validate(Array, Array, Array, '#/paths/6/get/r...', Object(stdClass))
#18 C:\\Users\\DELL\\Documents\\boilerplateeeee\\microservice\\vendor\\zircote\\swagger-php\\src\\Annotations\\AbstractAnnotation.php(565): OpenApi\\Annotations\\AbstractAnnotation::_validate(Object(OpenApi\\Annotations\\Get), Array, Array, '#/paths/6/get', Object(stdClass))
#19 C:\\Users\\DELL\\Documents\\boilerplateeeee\\microservice\\vendor\\zircote\\swagger-php\\src\\Annotations\\Operation.php(223): OpenApi\\Annotations\\AbstractAnnotation->validate(Array, Array, '#/paths/6/get', Object(stdClass))
#20 C:\\Users\\DELL\\Documents\\boilerplateeeee\\microservice\\vendor\\zircote\\swagger-php\\src\\Annotations\\AbstractAnnotation.php(592): OpenApi\\Annotations\\Operation->validate(Array, Array, '#/paths/6/get', Object(stdClass))
#21 C:\\Users\\DELL\\Documents\\boilerplateeeee\\microservice\\vendor\\zircote\\swagger-php\\src\\Annotations\\AbstractAnnotation.php(565): OpenApi\\Annotations\\AbstractAnnotation::_validate(Object(OpenApi\\Annotations\\PathItem), Array, Array, '#/paths/6', Object(stdClass))
#22 C:\\Users\\DELL\\Documents\\boilerplateeeee\\microservice\\vendor\\zircote\\swagger-php\\src\\Annotations\\AbstractAnnotation.php(592): OpenApi\\Annotations\\AbstractAnnotation->validate(Array, Array, '#/paths/6', Object(stdClass))
#23 C:\\Users\\DELL\\Documents\\boilerplateeeee\\microservice\\vendor\\zircote\\swagger-php\\src\\Annotations\\AbstractAnnotation.php(598): OpenApi\\Annotations\\AbstractAnnotation::_validate(Array, Array, Array, '#/paths', Object(stdClass))
#24 C:\\Users\\DELL\\Documents\\boilerplateeeee\\microservice\\vendor\\zircote\\swagger-php\\src\\Annotations\\AbstractAnnotation.php(565): OpenApi\\Annotations\\AbstractAnnotation::_validate(Object(OpenApi\\Annotations\\OpenApi), Array, Array, '#', Object(stdClass))
#25 C:\\Users\\DELL\\Documents\\boilerplateeeee\\microservice\\vendor\\zircote\\swagger-php\\src\\Annotations\\OpenApi.php(170): OpenApi\\Annotations\\AbstractAnnotation->validate(Array, Array, '#', Object(stdClass))
#26 C:\\Users\\DELL\\Documents\\boilerplateeeee\\microservice\\vendor\\zircote\\swagger-php\\src\\Analysis.php(440): OpenApi\\Annotations\\OpenApi->validate()
#27 C:\\Users\\DELL\\Documents\\boilerplateeeee\\microservice\\vendor\\zircote\\swagger-php\\src\\Generator.php(503): OpenApi\\Analysis->validate()
#28 C:\\Users\\DELL\\Documents\\boilerplateeeee\\microservice\\vendor\\darkaonline\\swagger-lume\\src\\Generator.php(32): OpenApi\\Generator->generate(Object(Symfony\\Component\\Finder\\Finder))
#29 C:\\Users\\DELL\\Documents\\boilerplateeeee\\microservice\\vendor\\darkaonline\\swagger-lume\\src\\Console\\GenerateDocsCommand.php(32): SwaggerLume\\Generator::generateDocs()
#30 C:\\Users\\DELL\\Documents\\boilerplateeeee\\microservice\\vendor\\laravel\\framework\\src\\Illuminate\\Container\\BoundMethod.php(36): SwaggerLume\\Console\\GenerateDocsCommand->handle()
#31 C:\\Users\\DELL\\Documents\\boilerplateeeee\\microservice\\vendor\\laravel\\framework\\src\\Illuminate\\Container\\Util.php(41): Illuminate\\Container\\BoundMethod::Illuminate\\Container\\{closure}()
#32 C:\\Users\\DELL\\Documents\\boilerplateeeee\\microservice\\vendor\\laravel\\framework\\src\\Illuminate\\Container\\BoundMethod.php(93): Illuminate\\Container\\Util::unwrapIfClosure(Object(Closure))
#33 C:\\Users\\DELL\\Documents\\boilerplateeeee\\microservice\\vendor\\laravel\\framework\\src\\Illuminate\\Container\\BoundMethod.php(37): Illuminate\\Container\\BoundMethod::callBoundMethod(Object(Laravel\\Lumen\\Application), Array, Object(Closure))
#34 C:\\Users\\DELL\\Documents\\boilerplateeeee\\microservice\\vendor\\laravel\\framework\\src\\Illuminate\\Container\\Container.php(661): Illuminate\\Container\\BoundMethod::call(Object(Laravel\\Lumen\\Application), Array, Array, NULL)
#35 C:\\Users\\DELL\\Documents\\boilerplateeeee\\microservice\\vendor\\laravel\\framework\\src\\Illuminate\\Console\\Command.php(183): Illuminate\\Container\\Container->call(Array)
#36 C:\\Users\\DELL\\Documents\\boilerplateeeee\\microservice\\vendor\\symfony\\console\\Command\\Command.php(291): Illuminate\\Console\\Command->execute(Object(Symfony\\Component\\Console\\Input\\ArgvInput), Object(Illuminate\\Console\\OutputStyle))
#37 C:\\Users\\DELL\\Documents\\boilerplateeeee\\microservice\\vendor\\laravel\\framework\\src\\Illuminate\\Console\\Command.php(153): Symfony\\Component\\Console\\Command\\Command->run(Object(Symfony\\Component\\Console\\Input\\ArgvInput), Object(Illuminate\\Console\\OutputStyle))
#38 C:\\Users\\DELL\\Documents\\boilerplateeeee\\microservice\\vendor\\symfony\\console\\Application.php(1014): Illuminate\\Console\\Command->run(Object(Symfony\\Component\\Console\\Input\\ArgvInput), Object(Symfony\\Component\\Console\\Output\\ConsoleOutput))
#39 C:\\Users\\DELL\\Documents\\boilerplateeeee\\microservice\\vendor\\symfony\\console\\Application.php(301): Symfony\\Component\\Console\\Application->doRunCommand(Object(SwaggerLume\\Console\\GenerateDocsCommand), Object(Symfony\\Component\\Console\\Input\\ArgvInput), Object(Symfony\\Component\\Console\\Output\\ConsoleOutput))
#40 C:\\Users\\DELL\\Documents\\boilerplateeeee\\microservice\\vendor\\symfony\\console\\Application.php(171): Symfony\\Component\\Console\\Application->doRun(Object(Symfony\\Component\\Console\\Input\\ArgvInput), Object(Symfony\\Component\\Console\\Output\\ConsoleOutput))
#41 C:\\Users\\DELL\\Documents\\boilerplateeeee\\microservice\\vendor\\laravel\\framework\\src\\Illuminate\\Console\\Application.php(102): Symfony\\Component\\Console\\Application->run(Object(Symfony\\Component\\Console\\Input\\ArgvInput), Object(Symfony\\Component\\Console\\Output\\ConsoleOutput))
#42 C:\\Users\\DELL\\Documents\\boilerplateeeee\\microservice\\vendor\\laravel\\lumen-framework\\src\\Console\\Kernel.php(116): Illuminate\\Console\\Application->run(Object(Symfony\\Component\\Console\\Input\\ArgvInput), Object(Symfony\\Component\\Console\\Output\\ConsoleOutput))
#43 C:\\Users\\DELL\\Documents\\boilerplateeeee\\microservice\\artisan(35): Laravel\\Lumen\\Console\\Kernel->handle(Object(Symfony\\Component\\Console\\Input\\ArgvInput), Object(Symfony\\Component\\Console\\Output\\ConsoleOutput))
#44 {main}
"} 
[2024-07-06 21:29:37] local.ERROR: Class "App\Http\Controllers\API\V1\ApiHelpers" not found {"exception":"[object] (Error(code: 0): Class \"App\\Http\\Controllers\\API\\V1\\ApiHelpers\" not found at C:\\Users\\DELL\\Documents\\boilerplateeeee\\microservice\\app\\Http\\Controllers\\API\\V1\\PostController.php:78)
[stacktrace]
#0 C:\\Users\\DELL\\Documents\\boilerplateeeee\\microservice\\vendor\\laravel\\framework\\src\\Illuminate\\Container\\BoundMethod.php(36): App\\Http\\Controllers\\API\\V1\\PostController->index()
#1 C:\\Users\\DELL\\Documents\\boilerplateeeee\\microservice\\vendor\\laravel\\framework\\src\\Illuminate\\Container\\Util.php(41): Illuminate\\Container\\BoundMethod::Illuminate\\Container\\{closure}()
#2 C:\\Users\\DELL\\Documents\\boilerplateeeee\\microservice\\vendor\\laravel\\framework\\src\\Illuminate\\Container\\BoundMethod.php(93): Illuminate\\Container\\Util::unwrapIfClosure(Object(Closure))
#3 C:\\Users\\DELL\\Documents\\boilerplateeeee\\microservice\\vendor\\laravel\\framework\\src\\Illuminate\\Container\\BoundMethod.php(37): Illuminate\\Container\\BoundMethod::callBoundMethod(Object(Laravel\\Lumen\\Application), Array, Object(Closure))
#4 C:\\Users\\DELL\\Documents\\boilerplateeeee\\microservice\\vendor\\laravel\\framework\\src\\Illuminate\\Container\\Container.php(661): Illuminate\\Container\\BoundMethod::call(Object(Laravel\\Lumen\\Application), Array, Array, NULL)
#5 C:\\Users\\DELL\\Documents\\boilerplateeeee\\microservice\\vendor\\laravel\\lumen-framework\\src\\Concerns\\RoutesRequests.php(391): Illuminate\\Container\\Container->call(Array, Array)
#6 C:\\Users\\DELL\\Documents\\boilerplateeeee\\microservice\\vendor\\laravel\\lumen-framework\\src\\Concerns\\RoutesRequests.php(357): Laravel\\Lumen\\Application->callControllerCallable(Array, Array)
#7 C:\\Users\\DELL\\Documents\\boilerplateeeee\\microservice\\vendor\\laravel\\lumen-framework\\src\\Concerns\\RoutesRequests.php(331): Laravel\\Lumen\\Application->callLumenController(Object(App\\Http\\Controllers\\API\\V1\\PostController), 'index', Array)
#8 C:\\Users\\DELL\\Documents\\boilerplateeeee\\microservice\\vendor\\laravel\\lumen-framework\\src\\Concerns\\RoutesRequests.php(284): Laravel\\Lumen\\Application->callControllerAction(Array)
#9 C:\\Users\\DELL\\Documents\\boilerplateeeee\\microservice\\vendor\\laravel\\lumen-framework\\src\\Concerns\\RoutesRequests.php(269): Laravel\\Lumen\\Application->callActionOnArrayBasedRoute(Array)
#10 C:\\Users\\DELL\\Documents\\boilerplateeeee\\microservice\\vendor\\laravel\\lumen-framework\\src\\Concerns\\RoutesRequests.php(171): Laravel\\Lumen\\Application->handleFoundRoute(Array)
#11 C:\\Users\\DELL\\Documents\\boilerplateeeee\\microservice\\vendor\\laravel\\lumen-framework\\src\\Concerns\\RoutesRequests.php(431): Laravel\\Lumen\\Application->Laravel\\Lumen\\Concerns\\{closure}(Object(Laravel\\Lumen\\Http\\Request))
#12 C:\\Users\\DELL\\Documents\\boilerplateeeee\\microservice\\vendor\\laravel\\lumen-framework\\src\\Concerns\\RoutesRequests.php(177): Laravel\\Lumen\\Application->sendThroughPipeline(Array, Object(Closure))
#13 C:\\Users\\DELL\\Documents\\boilerplateeeee\\microservice\\vendor\\laravel\\lumen-framework\\src\\Concerns\\RoutesRequests.php(112): Laravel\\Lumen\\Application->dispatch(NULL)
#14 C:\\Users\\DELL\\Documents\\boilerplateeeee\\microservice\\public\\index.php(28): Laravel\\Lumen\\Application->run()
#15 {main}

[previous exception] [object] (Error(code: 0): Class \"App\\Http\\Controllers\\API\\V1\\Validator\" not found at C:\\Users\\DELL\\Documents\\boilerplateeeee\\microservice\\app\\Http\\Controllers\\API\\V1\\PostController.php:61)
[stacktrace]
#0 C:\\Users\\DELL\\Documents\\boilerplateeeee\\microservice\\vendor\\laravel\\framework\\src\\Illuminate\\Container\\BoundMethod.php(36): App\\Http\\Controllers\\API\\V1\\PostController->index()
#1 C:\\Users\\DELL\\Documents\\boilerplateeeee\\microservice\\vendor\\laravel\\framework\\src\\Illuminate\\Container\\Util.php(41): Illuminate\\Container\\BoundMethod::Illuminate\\Container\\{closure}()
#2 C:\\Users\\DELL\\Documents\\boilerplateeeee\\microservice\\vendor\\laravel\\framework\\src\\Illuminate\\Container\\BoundMethod.php(93): Illuminate\\Container\\Util::unwrapIfClosure(Object(Closure))
#3 C:\\Users\\DELL\\Documents\\boilerplateeeee\\microservice\\vendor\\laravel\\framework\\src\\Illuminate\\Container\\BoundMethod.php(37): Illuminate\\Container\\BoundMethod::callBoundMethod(Object(Laravel\\Lumen\\Application), Array, Object(Closure))
#4 C:\\Users\\DELL\\Documents\\boilerplateeeee\\microservice\\vendor\\laravel\\framework\\src\\Illuminate\\Container\\Container.php(661): Illuminate\\Container\\BoundMethod::call(Object(Laravel\\Lumen\\Application), Array, Array, NULL)
#5 C:\\Users\\DELL\\Documents\\boilerplateeeee\\microservice\\vendor\\laravel\\lumen-framework\\src\\Concerns\\RoutesRequests.php(391): Illuminate\\Container\\Container->call(Array, Array)
#6 C:\\Users\\DELL\\Documents\\boilerplateeeee\\microservice\\vendor\\laravel\\lumen-framework\\src\\Concerns\\RoutesRequests.php(357): Laravel\\Lumen\\Application->callControllerCallable(Array, Array)
#7 C:\\Users\\DELL\\Documents\\boilerplateeeee\\microservice\\vendor\\laravel\\lumen-framework\\src\\Concerns\\RoutesRequests.php(331): Laravel\\Lumen\\Application->callLumenController(Object(App\\Http\\Controllers\\API\\V1\\PostController), 'index', Array)
#8 C:\\Users\\DELL\\Documents\\boilerplateeeee\\microservice\\vendor\\laravel\\lumen-framework\\src\\Concerns\\RoutesRequests.php(284): Laravel\\Lumen\\Application->callControllerAction(Array)
#9 C:\\Users\\DELL\\Documents\\boilerplateeeee\\microservice\\vendor\\laravel\\lumen-framework\\src\\Concerns\\RoutesRequests.php(269): Laravel\\Lumen\\Application->callActionOnArrayBasedRoute(Array)
#10 C:\\Users\\DELL\\Documents\\boilerplateeeee\\microservice\\vendor\\laravel\\lumen-framework\\src\\Concerns\\RoutesRequests.php(171): Laravel\\Lumen\\Application->handleFoundRoute(Array)
#11 C:\\Users\\DELL\\Documents\\boilerplateeeee\\microservice\\vendor\\laravel\\lumen-framework\\src\\Concerns\\RoutesRequests.php(431): Laravel\\Lumen\\Application->Laravel\\Lumen\\Concerns\\{closure}(Object(Laravel\\Lumen\\Http\\Request))
#12 C:\\Users\\DELL\\Documents\\boilerplateeeee\\microservice\\vendor\\laravel\\lumen-framework\\src\\Concerns\\RoutesRequests.php(177): Laravel\\Lumen\\Application->sendThroughPipeline(Array, Object(Closure))
#13 C:\\Users\\DELL\\Documents\\boilerplateeeee\\microservice\\vendor\\laravel\\lumen-framework\\src\\Concerns\\RoutesRequests.php(112): Laravel\\Lumen\\Application->dispatch(NULL)
#14 C:\\Users\\DELL\\Documents\\boilerplateeeee\\microservice\\public\\index.php(28): Laravel\\Lumen\\Application->run()
#15 {main}
"} 
[2024-07-06 21:29:51] local.ERROR: Class "App\Http\Controllers\API\V1\ApiHelpers" not found {"exception":"[object] (Error(code: 0): Class \"App\\Http\\Controllers\\API\\V1\\ApiHelpers\" not found at C:\\Users\\DELL\\Documents\\boilerplateeeee\\microservice\\app\\Http\\Controllers\\API\\V1\\PostController.php:78)
[stacktrace]
#0 C:\\Users\\DELL\\Documents\\boilerplateeeee\\microservice\\vendor\\laravel\\framework\\src\\Illuminate\\Container\\BoundMethod.php(36): App\\Http\\Controllers\\API\\V1\\PostController->index()
#1 C:\\Users\\DELL\\Documents\\boilerplateeeee\\microservice\\vendor\\laravel\\framework\\src\\Illuminate\\Container\\Util.php(41): Illuminate\\Container\\BoundMethod::Illuminate\\Container\\{closure}()
#2 C:\\Users\\DELL\\Documents\\boilerplateeeee\\microservice\\vendor\\laravel\\framework\\src\\Illuminate\\Container\\BoundMethod.php(93): Illuminate\\Container\\Util::unwrapIfClosure(Object(Closure))
#3 C:\\Users\\DELL\\Documents\\boilerplateeeee\\microservice\\vendor\\laravel\\framework\\src\\Illuminate\\Container\\BoundMethod.php(37): Illuminate\\Container\\BoundMethod::callBoundMethod(Object(Laravel\\Lumen\\Application), Array, Object(Closure))
#4 C:\\Users\\DELL\\Documents\\boilerplateeeee\\microservice\\vendor\\laravel\\framework\\src\\Illuminate\\Container\\Container.php(661): Illuminate\\Container\\BoundMethod::call(Object(Laravel\\Lumen\\Application), Array, Array, NULL)
#5 C:\\Users\\DELL\\Documents\\boilerplateeeee\\microservice\\vendor\\laravel\\lumen-framework\\src\\Concerns\\RoutesRequests.php(391): Illuminate\\Container\\Container->call(Array, Array)
#6 C:\\Users\\DELL\\Documents\\boilerplateeeee\\microservice\\vendor\\laravel\\lumen-framework\\src\\Concerns\\RoutesRequests.php(357): Laravel\\Lumen\\Application->callControllerCallable(Array, Array)
#7 C:\\Users\\DELL\\Documents\\boilerplateeeee\\microservice\\vendor\\laravel\\lumen-framework\\src\\Concerns\\RoutesRequests.php(331): Laravel\\Lumen\\Application->callLumenController(Object(App\\Http\\Controllers\\API\\V1\\PostController), 'index', Array)
#8 C:\\Users\\DELL\\Documents\\boilerplateeeee\\microservice\\vendor\\laravel\\lumen-framework\\src\\Concerns\\RoutesRequests.php(284): Laravel\\Lumen\\Application->callControllerAction(Array)
#9 C:\\Users\\DELL\\Documents\\boilerplateeeee\\microservice\\vendor\\laravel\\lumen-framework\\src\\Concerns\\RoutesRequests.php(269): Laravel\\Lumen\\Application->callActionOnArrayBasedRoute(Array)
#10 C:\\Users\\DELL\\Documents\\boilerplateeeee\\microservice\\vendor\\laravel\\lumen-framework\\src\\Concerns\\RoutesRequests.php(171): Laravel\\Lumen\\Application->handleFoundRoute(Array)
#11 C:\\Users\\DELL\\Documents\\boilerplateeeee\\microservice\\vendor\\laravel\\lumen-framework\\src\\Concerns\\RoutesRequests.php(431): Laravel\\Lumen\\Application->Laravel\\Lumen\\Concerns\\{closure}(Object(Laravel\\Lumen\\Http\\Request))
#12 C:\\Users\\DELL\\Documents\\boilerplateeeee\\microservice\\vendor\\laravel\\lumen-framework\\src\\Concerns\\RoutesRequests.php(177): Laravel\\Lumen\\Application->sendThroughPipeline(Array, Object(Closure))
#13 C:\\Users\\DELL\\Documents\\boilerplateeeee\\microservice\\vendor\\laravel\\lumen-framework\\src\\Concerns\\RoutesRequests.php(112): Laravel\\Lumen\\Application->dispatch(NULL)
#14 C:\\Users\\DELL\\Documents\\boilerplateeeee\\microservice\\public\\index.php(28): Laravel\\Lumen\\Application->run()
#15 {main}

[previous exception] [object] (Error(code: 0): Class \"App\\Http\\Controllers\\API\\V1\\Validator\" not found at C:\\Users\\DELL\\Documents\\boilerplateeeee\\microservice\\app\\Http\\Controllers\\API\\V1\\PostController.php:61)
[stacktrace]
#0 C:\\Users\\DELL\\Documents\\boilerplateeeee\\microservice\\vendor\\laravel\\framework\\src\\Illuminate\\Container\\BoundMethod.php(36): App\\Http\\Controllers\\API\\V1\\PostController->index()
#1 C:\\Users\\DELL\\Documents\\boilerplateeeee\\microservice\\vendor\\laravel\\framework\\src\\Illuminate\\Container\\Util.php(41): Illuminate\\Container\\BoundMethod::Illuminate\\Container\\{closure}()
#2 C:\\Users\\DELL\\Documents\\boilerplateeeee\\microservice\\vendor\\laravel\\framework\\src\\Illuminate\\Container\\BoundMethod.php(93): Illuminate\\Container\\Util::unwrapIfClosure(Object(Closure))
#3 C:\\Users\\DELL\\Documents\\boilerplateeeee\\microservice\\vendor\\laravel\\framework\\src\\Illuminate\\Container\\BoundMethod.php(37): Illuminate\\Container\\BoundMethod::callBoundMethod(Object(Laravel\\Lumen\\Application), Array, Object(Closure))
#4 C:\\Users\\DELL\\Documents\\boilerplateeeee\\microservice\\vendor\\laravel\\framework\\src\\Illuminate\\Container\\Container.php(661): Illuminate\\Container\\BoundMethod::call(Object(Laravel\\Lumen\\Application), Array, Array, NULL)
#5 C:\\Users\\DELL\\Documents\\boilerplateeeee\\microservice\\vendor\\laravel\\lumen-framework\\src\\Concerns\\RoutesRequests.php(391): Illuminate\\Container\\Container->call(Array, Array)
#6 C:\\Users\\DELL\\Documents\\boilerplateeeee\\microservice\\vendor\\laravel\\lumen-framework\\src\\Concerns\\RoutesRequests.php(357): Laravel\\Lumen\\Application->callControllerCallable(Array, Array)
#7 C:\\Users\\DELL\\Documents\\boilerplateeeee\\microservice\\vendor\\laravel\\lumen-framework\\src\\Concerns\\RoutesRequests.php(331): Laravel\\Lumen\\Application->callLumenController(Object(App\\Http\\Controllers\\API\\V1\\PostController), 'index', Array)
#8 C:\\Users\\DELL\\Documents\\boilerplateeeee\\microservice\\vendor\\laravel\\lumen-framework\\src\\Concerns\\RoutesRequests.php(284): Laravel\\Lumen\\Application->callControllerAction(Array)
#9 C:\\Users\\DELL\\Documents\\boilerplateeeee\\microservice\\vendor\\laravel\\lumen-framework\\src\\Concerns\\RoutesRequests.php(269): Laravel\\Lumen\\Application->callActionOnArrayBasedRoute(Array)
#10 C:\\Users\\DELL\\Documents\\boilerplateeeee\\microservice\\vendor\\laravel\\lumen-framework\\src\\Concerns\\RoutesRequests.php(171): Laravel\\Lumen\\Application->handleFoundRoute(Array)
#11 C:\\Users\\DELL\\Documents\\boilerplateeeee\\microservice\\vendor\\laravel\\lumen-framework\\src\\Concerns\\RoutesRequests.php(431): Laravel\\Lumen\\Application->Laravel\\Lumen\\Concerns\\{closure}(Object(Laravel\\Lumen\\Http\\Request))
#12 C:\\Users\\DELL\\Documents\\boilerplateeeee\\microservice\\vendor\\laravel\\lumen-framework\\src\\Concerns\\RoutesRequests.php(177): Laravel\\Lumen\\Application->sendThroughPipeline(Array, Object(Closure))
#13 C:\\Users\\DELL\\Documents\\boilerplateeeee\\microservice\\vendor\\laravel\\lumen-framework\\src\\Concerns\\RoutesRequests.php(112): Laravel\\Lumen\\Application->dispatch(NULL)
#14 C:\\Users\\DELL\\Documents\\boilerplateeeee\\microservice\\public\\index.php(28): Laravel\\Lumen\\Application->run()
#15 {main}
"} 
[2024-07-06 21:31:40] local.ERROR: Class "App\Http\Controllers\API\V1\ApiHelpers" not found {"exception":"[object] (Error(code: 0): Class \"App\\Http\\Controllers\\API\\V1\\ApiHelpers\" not found at C:\\Users\\DELL\\Documents\\boilerplateeeee\\microservice\\app\\Http\\Controllers\\API\\V1\\PostController.php:78)
[stacktrace]
#0 C:\\Users\\DELL\\Documents\\boilerplateeeee\\microservice\\vendor\\laravel\\framework\\src\\Illuminate\\Container\\BoundMethod.php(36): App\\Http\\Controllers\\API\\V1\\PostController->index()
#1 C:\\Users\\DELL\\Documents\\boilerplateeeee\\microservice\\vendor\\laravel\\framework\\src\\Illuminate\\Container\\Util.php(41): Illuminate\\Container\\BoundMethod::Illuminate\\Container\\{closure}()
#2 C:\\Users\\DELL\\Documents\\boilerplateeeee\\microservice\\vendor\\laravel\\framework\\src\\Illuminate\\Container\\BoundMethod.php(93): Illuminate\\Container\\Util::unwrapIfClosure(Object(Closure))
#3 C:\\Users\\DELL\\Documents\\boilerplateeeee\\microservice\\vendor\\laravel\\framework\\src\\Illuminate\\Container\\BoundMethod.php(37): Illuminate\\Container\\BoundMethod::callBoundMethod(Object(Laravel\\Lumen\\Application), Array, Object(Closure))
#4 C:\\Users\\DELL\\Documents\\boilerplateeeee\\microservice\\vendor\\laravel\\framework\\src\\Illuminate\\Container\\Container.php(661): Illuminate\\Container\\BoundMethod::call(Object(Laravel\\Lumen\\Application), Array, Array, NULL)
#5 C:\\Users\\DELL\\Documents\\boilerplateeeee\\microservice\\vendor\\laravel\\lumen-framework\\src\\Concerns\\RoutesRequests.php(391): Illuminate\\Container\\Container->call(Array, Array)
#6 C:\\Users\\DELL\\Documents\\boilerplateeeee\\microservice\\vendor\\laravel\\lumen-framework\\src\\Concerns\\RoutesRequests.php(357): Laravel\\Lumen\\Application->callControllerCallable(Array, Array)
#7 C:\\Users\\DELL\\Documents\\boilerplateeeee\\microservice\\vendor\\laravel\\lumen-framework\\src\\Concerns\\RoutesRequests.php(331): Laravel\\Lumen\\Application->callLumenController(Object(App\\Http\\Controllers\\API\\V1\\PostController), 'index', Array)
#8 C:\\Users\\DELL\\Documents\\boilerplateeeee\\microservice\\vendor\\laravel\\lumen-framework\\src\\Concerns\\RoutesRequests.php(284): Laravel\\Lumen\\Application->callControllerAction(Array)
#9 C:\\Users\\DELL\\Documents\\boilerplateeeee\\microservice\\vendor\\laravel\\lumen-framework\\src\\Concerns\\RoutesRequests.php(269): Laravel\\Lumen\\Application->callActionOnArrayBasedRoute(Array)
#10 C:\\Users\\DELL\\Documents\\boilerplateeeee\\microservice\\vendor\\laravel\\lumen-framework\\src\\Concerns\\RoutesRequests.php(171): Laravel\\Lumen\\Application->handleFoundRoute(Array)
#11 C:\\Users\\DELL\\Documents\\boilerplateeeee\\microservice\\vendor\\laravel\\lumen-framework\\src\\Concerns\\RoutesRequests.php(431): Laravel\\Lumen\\Application->Laravel\\Lumen\\Concerns\\{closure}(Object(Laravel\\Lumen\\Http\\Request))
#12 C:\\Users\\DELL\\Documents\\boilerplateeeee\\microservice\\vendor\\laravel\\lumen-framework\\src\\Concerns\\RoutesRequests.php(177): Laravel\\Lumen\\Application->sendThroughPipeline(Array, Object(Closure))
#13 C:\\Users\\DELL\\Documents\\boilerplateeeee\\microservice\\vendor\\laravel\\lumen-framework\\src\\Concerns\\RoutesRequests.php(112): Laravel\\Lumen\\Application->dispatch(NULL)
#14 C:\\Users\\DELL\\Documents\\boilerplateeeee\\microservice\\public\\index.php(28): Laravel\\Lumen\\Application->run()
#15 {main}

[previous exception] [object] (Error(code: 0): Class \"App\\Http\\Controllers\\API\\V1\\Validator\" not found at C:\\Users\\DELL\\Documents\\boilerplateeeee\\microservice\\app\\Http\\Controllers\\API\\V1\\PostController.php:61)
[stacktrace]
#0 C:\\Users\\DELL\\Documents\\boilerplateeeee\\microservice\\vendor\\laravel\\framework\\src\\Illuminate\\Container\\BoundMethod.php(36): App\\Http\\Controllers\\API\\V1\\PostController->index()
#1 C:\\Users\\DELL\\Documents\\boilerplateeeee\\microservice\\vendor\\laravel\\framework\\src\\Illuminate\\Container\\Util.php(41): Illuminate\\Container\\BoundMethod::Illuminate\\Container\\{closure}()
#2 C:\\Users\\DELL\\Documents\\boilerplateeeee\\microservice\\vendor\\laravel\\framework\\src\\Illuminate\\Container\\BoundMethod.php(93): Illuminate\\Container\\Util::unwrapIfClosure(Object(Closure))
#3 C:\\Users\\DELL\\Documents\\boilerplateeeee\\microservice\\vendor\\laravel\\framework\\src\\Illuminate\\Container\\BoundMethod.php(37): Illuminate\\Container\\BoundMethod::callBoundMethod(Object(Laravel\\Lumen\\Application), Array, Object(Closure))
#4 C:\\Users\\DELL\\Documents\\boilerplateeeee\\microservice\\vendor\\laravel\\framework\\src\\Illuminate\\Container\\Container.php(661): Illuminate\\Container\\BoundMethod::call(Object(Laravel\\Lumen\\Application), Array, Array, NULL)
#5 C:\\Users\\DELL\\Documents\\boilerplateeeee\\microservice\\vendor\\laravel\\lumen-framework\\src\\Concerns\\RoutesRequests.php(391): Illuminate\\Container\\Container->call(Array, Array)
#6 C:\\Users\\DELL\\Documents\\boilerplateeeee\\microservice\\vendor\\laravel\\lumen-framework\\src\\Concerns\\RoutesRequests.php(357): Laravel\\Lumen\\Application->callControllerCallable(Array, Array)
#7 C:\\Users\\DELL\\Documents\\boilerplateeeee\\microservice\\vendor\\laravel\\lumen-framework\\src\\Concerns\\RoutesRequests.php(331): Laravel\\Lumen\\Application->callLumenController(Object(App\\Http\\Controllers\\API\\V1\\PostController), 'index', Array)
#8 C:\\Users\\DELL\\Documents\\boilerplateeeee\\microservice\\vendor\\laravel\\lumen-framework\\src\\Concerns\\RoutesRequests.php(284): Laravel\\Lumen\\Application->callControllerAction(Array)
#9 C:\\Users\\DELL\\Documents\\boilerplateeeee\\microservice\\vendor\\laravel\\lumen-framework\\src\\Concerns\\RoutesRequests.php(269): Laravel\\Lumen\\Application->callActionOnArrayBasedRoute(Array)
#10 C:\\Users\\DELL\\Documents\\boilerplateeeee\\microservice\\vendor\\laravel\\lumen-framework\\src\\Concerns\\RoutesRequests.php(171): Laravel\\Lumen\\Application->handleFoundRoute(Array)
#11 C:\\Users\\DELL\\Documents\\boilerplateeeee\\microservice\\vendor\\laravel\\lumen-framework\\src\\Concerns\\RoutesRequests.php(431): Laravel\\Lumen\\Application->Laravel\\Lumen\\Concerns\\{closure}(Object(Laravel\\Lumen\\Http\\Request))
#12 C:\\Users\\DELL\\Documents\\boilerplateeeee\\microservice\\vendor\\laravel\\lumen-framework\\src\\Concerns\\RoutesRequests.php(177): Laravel\\Lumen\\Application->sendThroughPipeline(Array, Object(Closure))
#13 C:\\Users\\DELL\\Documents\\boilerplateeeee\\microservice\\vendor\\laravel\\lumen-framework\\src\\Concerns\\RoutesRequests.php(112): Laravel\\Lumen\\Application->dispatch(NULL)
#14 C:\\Users\\DELL\\Documents\\boilerplateeeee\\microservice\\public\\index.php(28): Laravel\\Lumen\\Application->run()
#15 {main}
"} 
[2024-07-06 21:44:39] local.ERROR: Skipping unknown App\Services\PaginationGenerator {"exception":"[object] (ErrorException(code: 0): Skipping unknown App\\Services\\PaginationGenerator at C:\\Users\\DELL\\Documents\\boilerplateeeee\\microservice\\vendor\\zircote\\swagger-php\\src\\Loggers\\DefaultLogger.php:31)
[stacktrace]
#0 C:\\Users\\DELL\\Documents\\boilerplateeeee\\microservice\\vendor\\laravel\\lumen-framework\\src\\Concerns\\RegistersExceptionHandlers.php(47): Laravel\\Lumen\\Application->handleError(512, 'Skipping unknow...', 'C:\\\\Users\\\\DELL\\\\D...', 31)
#1 [internal function]: Laravel\\Lumen\\Application->Laravel\\Lumen\\Concerns\\{closure}(512, 'Skipping unknow...', 'C:\\\\Users\\\\DELL\\\\D...', 31)
#2 C:\\Users\\DELL\\Documents\\boilerplateeeee\\microservice\\vendor\\zircote\\swagger-php\\src\\Loggers\\DefaultLogger.php(31): trigger_error('Skipping unknow...', 512)
#3 C:\\Users\\DELL\\Documents\\boilerplateeeee\\microservice\\vendor\\psr\\log\\src\\LoggerTrait.php(86): OpenApi\\Loggers\\DefaultLogger->log('warning', 'Skipping unknow...', Array)
#4 C:\\Users\\DELL\\Documents\\boilerplateeeee\\microservice\\vendor\\zircote\\swagger-php\\src\\Analysers\\ReflectionAnalyser.php(89): Psr\\Log\\AbstractLogger->warning('Skipping unknow...')
#5 C:\\Users\\DELL\\Documents\\boilerplateeeee\\microservice\\vendor\\zircote\\swagger-php\\src\\Analysers\\ReflectionAnalyser.php(63): OpenApi\\Analysers\\ReflectionAnalyser->analyzeFqdn('App\\\\Services\\\\Pa...', Object(OpenApi\\Analysis), Array)
#6 C:\\Users\\DELL\\Documents\\boilerplateeeee\\microservice\\vendor\\zircote\\swagger-php\\src\\Generator.php(529): OpenApi\\Analysers\\ReflectionAnalyser->fromFile('C:\\\\Users\\\\DELL\\\\D...', Object(OpenApi\\Context))
#7 C:\\Users\\DELL\\Documents\\boilerplateeeee\\microservice\\vendor\\zircote\\swagger-php\\src\\Generator.php(489): OpenApi\\Generator->scanSources(Object(Symfony\\Component\\Finder\\Finder), Object(OpenApi\\Analysis), Object(OpenApi\\Context))
#8 C:\\Users\\DELL\\Documents\\boilerplateeeee\\microservice\\vendor\\darkaonline\\swagger-lume\\src\\Generator.php(32): OpenApi\\Generator->generate(Object(Symfony\\Component\\Finder\\Finder))
#9 C:\\Users\\DELL\\Documents\\boilerplateeeee\\microservice\\vendor\\darkaonline\\swagger-lume\\src\\Console\\GenerateDocsCommand.php(32): SwaggerLume\\Generator::generateDocs()
#10 C:\\Users\\DELL\\Documents\\boilerplateeeee\\microservice\\vendor\\laravel\\framework\\src\\Illuminate\\Container\\BoundMethod.php(36): SwaggerLume\\Console\\GenerateDocsCommand->handle()
#11 C:\\Users\\DELL\\Documents\\boilerplateeeee\\microservice\\vendor\\laravel\\framework\\src\\Illuminate\\Container\\Util.php(41): Illuminate\\Container\\BoundMethod::Illuminate\\Container\\{closure}()
#12 C:\\Users\\DELL\\Documents\\boilerplateeeee\\microservice\\vendor\\laravel\\framework\\src\\Illuminate\\Container\\BoundMethod.php(93): Illuminate\\Container\\Util::unwrapIfClosure(Object(Closure))
#13 C:\\Users\\DELL\\Documents\\boilerplateeeee\\microservice\\vendor\\laravel\\framework\\src\\Illuminate\\Container\\BoundMethod.php(37): Illuminate\\Container\\BoundMethod::callBoundMethod(Object(Laravel\\Lumen\\Application), Array, Object(Closure))
#14 C:\\Users\\DELL\\Documents\\boilerplateeeee\\microservice\\vendor\\laravel\\framework\\src\\Illuminate\\Container\\Container.php(661): Illuminate\\Container\\BoundMethod::call(Object(Laravel\\Lumen\\Application), Array, Array, NULL)
#15 C:\\Users\\DELL\\Documents\\boilerplateeeee\\microservice\\vendor\\laravel\\framework\\src\\Illuminate\\Console\\Command.php(183): Illuminate\\Container\\Container->call(Array)
#16 C:\\Users\\DELL\\Documents\\boilerplateeeee\\microservice\\vendor\\symfony\\console\\Command\\Command.php(291): Illuminate\\Console\\Command->execute(Object(Symfony\\Component\\Console\\Input\\ArgvInput), Object(Illuminate\\Console\\OutputStyle))
#17 C:\\Users\\DELL\\Documents\\boilerplateeeee\\microservice\\vendor\\laravel\\framework\\src\\Illuminate\\Console\\Command.php(153): Symfony\\Component\\Console\\Command\\Command->run(Object(Symfony\\Component\\Console\\Input\\ArgvInput), Object(Illuminate\\Console\\OutputStyle))
#18 C:\\Users\\DELL\\Documents\\boilerplateeeee\\microservice\\vendor\\symfony\\console\\Application.php(1014): Illuminate\\Console\\Command->run(Object(Symfony\\Component\\Console\\Input\\ArgvInput), Object(Symfony\\Component\\Console\\Output\\ConsoleOutput))
#19 C:\\Users\\DELL\\Documents\\boilerplateeeee\\microservice\\vendor\\symfony\\console\\Application.php(301): Symfony\\Component\\Console\\Application->doRunCommand(Object(SwaggerLume\\Console\\GenerateDocsCommand), Object(Symfony\\Component\\Console\\Input\\ArgvInput), Object(Symfony\\Component\\Console\\Output\\ConsoleOutput))
#20 C:\\Users\\DELL\\Documents\\boilerplateeeee\\microservice\\vendor\\symfony\\console\\Application.php(171): Symfony\\Component\\Console\\Application->doRun(Object(Symfony\\Component\\Console\\Input\\ArgvInput), Object(Symfony\\Component\\Console\\Output\\ConsoleOutput))
#21 C:\\Users\\DELL\\Documents\\boilerplateeeee\\microservice\\vendor\\laravel\\framework\\src\\Illuminate\\Console\\Application.php(102): Symfony\\Component\\Console\\Application->run(Object(Symfony\\Component\\Console\\Input\\ArgvInput), Object(Symfony\\Component\\Console\\Output\\ConsoleOutput))
#22 C:\\Users\\DELL\\Documents\\boilerplateeeee\\microservice\\vendor\\laravel\\lumen-framework\\src\\Console\\Kernel.php(116): Illuminate\\Console\\Application->run(Object(Symfony\\Component\\Console\\Input\\ArgvInput), Object(Symfony\\Component\\Console\\Output\\ConsoleOutput))
#23 C:\\Users\\DELL\\Documents\\boilerplateeeee\\microservice\\artisan(35): Laravel\\Lumen\\Console\\Kernel->handle(Object(Symfony\\Component\\Console\\Input\\ArgvInput), Object(Symfony\\Component\\Console\\Output\\ConsoleOutput))
#24 {main}
"} 
[2024-07-06 22:23:20] local.ERROR: syntax error, unexpected token "*", expecting end of file {"exception":"[object] (ParseError(code: 0): syntax error, unexpected token \"*\", expecting end of file at C:\\Users\\DELL\\Documents\\boilerplateeeee\\microservice\\routes\\web.php:52)
[stacktrace]
#0 C:\\Users\\DELL\\Documents\\boilerplateeeee\\microservice\\vendor\\laravel\\lumen-framework\\src\\Routing\\Router.php(62): {closure}(Object(Laravel\\Lumen\\Routing\\Router))
#1 C:\\Users\\DELL\\Documents\\boilerplateeeee\\microservice\\bootstrap\\app.php(122): Laravel\\Lumen\\Routing\\Router->group(Array, Object(Closure))
#2 C:\\Users\\DELL\\Documents\\boilerplateeeee\\microservice\\public\\index.php(14): require('C:\\\\Users\\\\DELL\\\\D...')
#3 {main}
"} 
[2024-07-06 22:55:25] local.ERROR: [Syntax Error] Expected Doctrine\Common\Annotations\DocLexer::T_CLOSE_PARENTHESIS, got end of string in \App\Http\Controllers\API\V1\PostController->restore() in C:\Users\DELL\Documents\boilerplateeeee\microservice\app\Http\Controllers\API\V1\PostController.php on line 293.; file=C:\Users\DELL\Documents\boilerplateeeee\microservice\app\Http\Controllers\API\V1\PostController.php {"exception":"[object] (ErrorException(code: 0): [Syntax Error] Expected Doctrine\\Common\\Annotations\\DocLexer::T_CLOSE_PARENTHESIS, got end of string in \\App\\Http\\Controllers\\API\\V1\\PostController->restore() in C:\\Users\\DELL\\Documents\\boilerplateeeee\\microservice\\app\\Http\\Controllers\\API\\V1\\PostController.php on line 293.; file=C:\\Users\\DELL\\Documents\\boilerplateeeee\\microservice\\app\\Http\\Controllers\\API\\V1\\PostController.php at C:\\Users\\DELL\\Documents\\boilerplateeeee\\microservice\\vendor\\zircote\\swagger-php\\src\\Loggers\\DefaultLogger.php:31)
[stacktrace]
#0 C:\\Users\\DELL\\Documents\\boilerplateeeee\\microservice\\vendor\\laravel\\lumen-framework\\src\\Concerns\\RegistersExceptionHandlers.php(47): Laravel\\Lumen\\Application->handleError(512, '[Syntax Error] ...', 'C:\\\\Users\\\\DELL\\\\D...', 31)
#1 [internal function]: Laravel\\Lumen\\Application->Laravel\\Lumen\\Concerns\\{closure}(512, '[Syntax Error] ...', 'C:\\\\Users\\\\DELL\\\\D...', 31)
#2 C:\\Users\\DELL\\Documents\\boilerplateeeee\\microservice\\vendor\\zircote\\swagger-php\\src\\Loggers\\DefaultLogger.php(31): trigger_error('[Syntax Error] ...', 512)
#3 C:\\Users\\DELL\\Documents\\boilerplateeeee\\microservice\\vendor\\psr\\log\\src\\LoggerTrait.php(70): OpenApi\\Loggers\\DefaultLogger->log('error', '[Syntax Error] ...', Array)
#4 C:\\Users\\DELL\\Documents\\boilerplateeeee\\microservice\\vendor\\zircote\\swagger-php\\src\\Analysers\\DocBlockParser.php(83): Psr\\Log\\AbstractLogger->error('[Syntax Error] ...', Array)
#5 C:\\Users\\DELL\\Documents\\boilerplateeeee\\microservice\\vendor\\zircote\\swagger-php\\src\\Analysers\\DocBlockAnnotationFactory.php(60): OpenApi\\Analysers\\DocBlockParser->fromComment('/**\\r\\n     * @OA...', Object(OpenApi\\Context))
#6 C:\\Users\\DELL\\Documents\\boilerplateeeee\\microservice\\vendor\\zircote\\swagger-php\\src\\Analysers\\ReflectionAnalyser.php(139): OpenApi\\Analysers\\DocBlockAnnotationFactory->build(Object(ReflectionMethod), Object(OpenApi\\Context))
#7 C:\\Users\\DELL\\Documents\\boilerplateeeee\\microservice\\vendor\\zircote\\swagger-php\\src\\Analysers\\ReflectionAnalyser.php(63): OpenApi\\Analysers\\ReflectionAnalyser->analyzeFqdn('App\\\\Http\\\\Contro...', Object(OpenApi\\Analysis), Array)
#8 C:\\Users\\DELL\\Documents\\boilerplateeeee\\microservice\\vendor\\zircote\\swagger-php\\src\\Generator.php(529): OpenApi\\Analysers\\ReflectionAnalyser->fromFile('C:\\\\Users\\\\DELL\\\\D...', Object(OpenApi\\Context))
#9 C:\\Users\\DELL\\Documents\\boilerplateeeee\\microservice\\vendor\\zircote\\swagger-php\\src\\Generator.php(489): OpenApi\\Generator->scanSources(Object(Symfony\\Component\\Finder\\Finder), Object(OpenApi\\Analysis), Object(OpenApi\\Context))
#10 C:\\Users\\DELL\\Documents\\boilerplateeeee\\microservice\\vendor\\darkaonline\\swagger-lume\\src\\Generator.php(32): OpenApi\\Generator->generate(Object(Symfony\\Component\\Finder\\Finder))
#11 C:\\Users\\DELL\\Documents\\boilerplateeeee\\microservice\\vendor\\darkaonline\\swagger-lume\\src\\Console\\GenerateDocsCommand.php(32): SwaggerLume\\Generator::generateDocs()
#12 C:\\Users\\DELL\\Documents\\boilerplateeeee\\microservice\\vendor\\laravel\\framework\\src\\Illuminate\\Container\\BoundMethod.php(36): SwaggerLume\\Console\\GenerateDocsCommand->handle()
#13 C:\\Users\\DELL\\Documents\\boilerplateeeee\\microservice\\vendor\\laravel\\framework\\src\\Illuminate\\Container\\Util.php(41): Illuminate\\Container\\BoundMethod::Illuminate\\Container\\{closure}()
#14 C:\\Users\\DELL\\Documents\\boilerplateeeee\\microservice\\vendor\\laravel\\framework\\src\\Illuminate\\Container\\BoundMethod.php(93): Illuminate\\Container\\Util::unwrapIfClosure(Object(Closure))
#15 C:\\Users\\DELL\\Documents\\boilerplateeeee\\microservice\\vendor\\laravel\\framework\\src\\Illuminate\\Container\\BoundMethod.php(37): Illuminate\\Container\\BoundMethod::callBoundMethod(Object(Laravel\\Lumen\\Application), Array, Object(Closure))
#16 C:\\Users\\DELL\\Documents\\boilerplateeeee\\microservice\\vendor\\laravel\\framework\\src\\Illuminate\\Container\\Container.php(661): Illuminate\\Container\\BoundMethod::call(Object(Laravel\\Lumen\\Application), Array, Array, NULL)
#17 C:\\Users\\DELL\\Documents\\boilerplateeeee\\microservice\\vendor\\laravel\\framework\\src\\Illuminate\\Console\\Command.php(183): Illuminate\\Container\\Container->call(Array)
#18 C:\\Users\\DELL\\Documents\\boilerplateeeee\\microservice\\vendor\\symfony\\console\\Command\\Command.php(291): Illuminate\\Console\\Command->execute(Object(Symfony\\Component\\Console\\Input\\ArgvInput), Object(Illuminate\\Console\\OutputStyle))
#19 C:\\Users\\DELL\\Documents\\boilerplateeeee\\microservice\\vendor\\laravel\\framework\\src\\Illuminate\\Console\\Command.php(153): Symfony\\Component\\Console\\Command\\Command->run(Object(Symfony\\Component\\Console\\Input\\ArgvInput), Object(Illuminate\\Console\\OutputStyle))
#20 C:\\Users\\DELL\\Documents\\boilerplateeeee\\microservice\\vendor\\symfony\\console\\Application.php(1014): Illuminate\\Console\\Command->run(Object(Symfony\\Component\\Console\\Input\\ArgvInput), Object(Symfony\\Component\\Console\\Output\\ConsoleOutput))
#21 C:\\Users\\DELL\\Documents\\boilerplateeeee\\microservice\\vendor\\symfony\\console\\Application.php(301): Symfony\\Component\\Console\\Application->doRunCommand(Object(SwaggerLume\\Console\\GenerateDocsCommand), Object(Symfony\\Component\\Console\\Input\\ArgvInput), Object(Symfony\\Component\\Console\\Output\\ConsoleOutput))
#22 C:\\Users\\DELL\\Documents\\boilerplateeeee\\microservice\\vendor\\symfony\\console\\Application.php(171): Symfony\\Component\\Console\\Application->doRun(Object(Symfony\\Component\\Console\\Input\\ArgvInput), Object(Symfony\\Component\\Console\\Output\\ConsoleOutput))
#23 C:\\Users\\DELL\\Documents\\boilerplateeeee\\microservice\\vendor\\laravel\\framework\\src\\Illuminate\\Console\\Application.php(102): Symfony\\Component\\Console\\Application->run(Object(Symfony\\Component\\Console\\Input\\ArgvInput), Object(Symfony\\Component\\Console\\Output\\ConsoleOutput))
#24 C:\\Users\\DELL\\Documents\\boilerplateeeee\\microservice\\vendor\\laravel\\lumen-framework\\src\\Console\\Kernel.php(116): Illuminate\\Console\\Application->run(Object(Symfony\\Component\\Console\\Input\\ArgvInput), Object(Symfony\\Component\\Console\\Output\\ConsoleOutput))
#25 C:\\Users\\DELL\\Documents\\boilerplateeeee\\microservice\\artisan(35): Laravel\\Lumen\\Console\\Kernel->handle(Object(Symfony\\Component\\Console\\Input\\ArgvInput), Object(Symfony\\Component\\Console\\Output\\ConsoleOutput))
#26 {main}
"} 
[2024-07-06 23:11:06] local.ERROR: Unable to merge @OA\Put() in \App\Http\Controllers\API\V1\PostController->restore() in C:\Users\DELL\Documents\boilerplateeeee\microservice\app\Http\Controllers\API\V1\PostController.php on line 335 {"exception":"[object] (ErrorException(code: 0): Unable to merge @OA\\Put() in \\App\\Http\\Controllers\\API\\V1\\PostController->restore() in C:\\Users\\DELL\\Documents\\boilerplateeeee\\microservice\\app\\Http\\Controllers\\API\\V1\\PostController.php on line 335 at C:\\Users\\DELL\\Documents\\boilerplateeeee\\microservice\\vendor\\zircote\\swagger-php\\src\\Loggers\\DefaultLogger.php:31)
[stacktrace]
#0 C:\\Users\\DELL\\Documents\\boilerplateeeee\\microservice\\vendor\\laravel\\lumen-framework\\src\\Concerns\\RegistersExceptionHandlers.php(47): Laravel\\Lumen\\Application->handleError(512, 'Unable to merge...', 'C:\\\\Users\\\\DELL\\\\D...', 31)
#1 [internal function]: Laravel\\Lumen\\Application->Laravel\\Lumen\\Concerns\\{closure}(512, 'Unable to merge...', 'C:\\\\Users\\\\DELL\\\\D...', 31)
#2 C:\\Users\\DELL\\Documents\\boilerplateeeee\\microservice\\vendor\\zircote\\swagger-php\\src\\Loggers\\DefaultLogger.php(31): trigger_error('Unable to merge...', 512)
#3 C:\\Users\\DELL\\Documents\\boilerplateeeee\\microservice\\vendor\\psr\\log\\src\\LoggerTrait.php(86): OpenApi\\Loggers\\DefaultLogger->log('warning', 'Unable to merge...', Array)
#4 C:\\Users\\DELL\\Documents\\boilerplateeeee\\microservice\\vendor\\zircote\\swagger-php\\src\\Processors\\BuildPaths.php(52): Psr\\Log\\AbstractLogger->warning('Unable to merge...')
#5 C:\\Users\\DELL\\Documents\\boilerplateeeee\\microservice\\vendor\\zircote\\swagger-php\\src\\Pipeline.php(108): OpenApi\\Processors\\BuildPaths->__invoke(Object(OpenApi\\Analysis))
#6 C:\\Users\\DELL\\Documents\\boilerplateeeee\\microservice\\vendor\\zircote\\swagger-php\\src\\Generator.php(492): OpenApi\\Pipeline->process(Object(OpenApi\\Analysis))
#7 C:\\Users\\DELL\\Documents\\boilerplateeeee\\microservice\\vendor\\darkaonline\\swagger-lume\\src\\Generator.php(32): OpenApi\\Generator->generate(Object(Symfony\\Component\\Finder\\Finder))
#8 C:\\Users\\DELL\\Documents\\boilerplateeeee\\microservice\\vendor\\darkaonline\\swagger-lume\\src\\Console\\GenerateDocsCommand.php(32): SwaggerLume\\Generator::generateDocs()
#9 C:\\Users\\DELL\\Documents\\boilerplateeeee\\microservice\\vendor\\laravel\\framework\\src\\Illuminate\\Container\\BoundMethod.php(36): SwaggerLume\\Console\\GenerateDocsCommand->handle()
#10 C:\\Users\\DELL\\Documents\\boilerplateeeee\\microservice\\vendor\\laravel\\framework\\src\\Illuminate\\Container\\Util.php(41): Illuminate\\Container\\BoundMethod::Illuminate\\Container\\{closure}()
#11 C:\\Users\\DELL\\Documents\\boilerplateeeee\\microservice\\vendor\\laravel\\framework\\src\\Illuminate\\Container\\BoundMethod.php(93): Illuminate\\Container\\Util::unwrapIfClosure(Object(Closure))
#12 C:\\Users\\DELL\\Documents\\boilerplateeeee\\microservice\\vendor\\laravel\\framework\\src\\Illuminate\\Container\\BoundMethod.php(37): Illuminate\\Container\\BoundMethod::callBoundMethod(Object(Laravel\\Lumen\\Application), Array, Object(Closure))
#13 C:\\Users\\DELL\\Documents\\boilerplateeeee\\microservice\\vendor\\laravel\\framework\\src\\Illuminate\\Container\\Container.php(661): Illuminate\\Container\\BoundMethod::call(Object(Laravel\\Lumen\\Application), Array, Array, NULL)
#14 C:\\Users\\DELL\\Documents\\boilerplateeeee\\microservice\\vendor\\laravel\\framework\\src\\Illuminate\\Console\\Command.php(183): Illuminate\\Container\\Container->call(Array)
#15 C:\\Users\\DELL\\Documents\\boilerplateeeee\\microservice\\vendor\\symfony\\console\\Command\\Command.php(291): Illuminate\\Console\\Command->execute(Object(Symfony\\Component\\Console\\Input\\ArgvInput), Object(Illuminate\\Console\\OutputStyle))
#16 C:\\Users\\DELL\\Documents\\boilerplateeeee\\microservice\\vendor\\laravel\\framework\\src\\Illuminate\\Console\\Command.php(153): Symfony\\Component\\Console\\Command\\Command->run(Object(Symfony\\Component\\Console\\Input\\ArgvInput), Object(Illuminate\\Console\\OutputStyle))
#17 C:\\Users\\DELL\\Documents\\boilerplateeeee\\microservice\\vendor\\symfony\\console\\Application.php(1014): Illuminate\\Console\\Command->run(Object(Symfony\\Component\\Console\\Input\\ArgvInput), Object(Symfony\\Component\\Console\\Output\\ConsoleOutput))
#18 C:\\Users\\DELL\\Documents\\boilerplateeeee\\microservice\\vendor\\symfony\\console\\Application.php(301): Symfony\\Component\\Console\\Application->doRunCommand(Object(SwaggerLume\\Console\\GenerateDocsCommand), Object(Symfony\\Component\\Console\\Input\\ArgvInput), Object(Symfony\\Component\\Console\\Output\\ConsoleOutput))
#19 C:\\Users\\DELL\\Documents\\boilerplateeeee\\microservice\\vendor\\symfony\\console\\Application.php(171): Symfony\\Component\\Console\\Application->doRun(Object(Symfony\\Component\\Console\\Input\\ArgvInput), Object(Symfony\\Component\\Console\\Output\\ConsoleOutput))
#20 C:\\Users\\DELL\\Documents\\boilerplateeeee\\microservice\\vendor\\laravel\\framework\\src\\Illuminate\\Console\\Application.php(102): Symfony\\Component\\Console\\Application->run(Object(Symfony\\Component\\Console\\Input\\ArgvInput), Object(Symfony\\Component\\Console\\Output\\ConsoleOutput))
#21 C:\\Users\\DELL\\Documents\\boilerplateeeee\\microservice\\vendor\\laravel\\lumen-framework\\src\\Console\\Kernel.php(116): Illuminate\\Console\\Application->run(Object(Symfony\\Component\\Console\\Input\\ArgvInput), Object(Symfony\\Component\\Console\\Output\\ConsoleOutput))
#22 C:\\Users\\DELL\\Documents\\boilerplateeeee\\microservice\\artisan(35): Laravel\\Lumen\\Console\\Kernel->handle(Object(Symfony\\Component\\Console\\Input\\ArgvInput), Object(Symfony\\Component\\Console\\Output\\ConsoleOutput))
#23 {main}
"} 
[2024-07-06 23:55:37] local.ERROR: Class "App\Http\Controllers\API\V1\Response" not found {"exception":"[object] (Error(code: 0): Class \"App\\Http\\Controllers\\API\\V1\\Response\" not found at C:\\Users\\DELL\\Documents\\boilerplateeeee\\microservice\\app\\Http\\Controllers\\API\\V1\\TagController.php:52)
[stacktrace]
#0 C:\\Users\\DELL\\Documents\\boilerplateeeee\\microservice\\vendor\\laravel\\framework\\src\\Illuminate\\Container\\BoundMethod.php(36): App\\Http\\Controllers\\API\\V1\\TagController->index()
#1 C:\\Users\\DELL\\Documents\\boilerplateeeee\\microservice\\vendor\\laravel\\framework\\src\\Illuminate\\Container\\Util.php(41): Illuminate\\Container\\BoundMethod::Illuminate\\Container\\{closure}()
#2 C:\\Users\\DELL\\Documents\\boilerplateeeee\\microservice\\vendor\\laravel\\framework\\src\\Illuminate\\Container\\BoundMethod.php(93): Illuminate\\Container\\Util::unwrapIfClosure(Object(Closure))
#3 C:\\Users\\DELL\\Documents\\boilerplateeeee\\microservice\\vendor\\laravel\\framework\\src\\Illuminate\\Container\\BoundMethod.php(37): Illuminate\\Container\\BoundMethod::callBoundMethod(Object(Laravel\\Lumen\\Application), Array, Object(Closure))
#4 C:\\Users\\DELL\\Documents\\boilerplateeeee\\microservice\\vendor\\laravel\\framework\\src\\Illuminate\\Container\\Container.php(661): Illuminate\\Container\\BoundMethod::call(Object(Laravel\\Lumen\\Application), Array, Array, NULL)
#5 C:\\Users\\DELL\\Documents\\boilerplateeeee\\microservice\\vendor\\laravel\\lumen-framework\\src\\Concerns\\RoutesRequests.php(391): Illuminate\\Container\\Container->call(Array, Array)
#6 C:\\Users\\DELL\\Documents\\boilerplateeeee\\microservice\\vendor\\laravel\\lumen-framework\\src\\Concerns\\RoutesRequests.php(357): Laravel\\Lumen\\Application->callControllerCallable(Array, Array)
#7 C:\\Users\\DELL\\Documents\\boilerplateeeee\\microservice\\vendor\\laravel\\lumen-framework\\src\\Concerns\\RoutesRequests.php(331): Laravel\\Lumen\\Application->callLumenController(Object(App\\Http\\Controllers\\API\\V1\\TagController), 'index', Array)
#8 C:\\Users\\DELL\\Documents\\boilerplateeeee\\microservice\\vendor\\laravel\\lumen-framework\\src\\Concerns\\RoutesRequests.php(284): Laravel\\Lumen\\Application->callControllerAction(Array)
#9 C:\\Users\\DELL\\Documents\\boilerplateeeee\\microservice\\vendor\\laravel\\lumen-framework\\src\\Concerns\\RoutesRequests.php(269): Laravel\\Lumen\\Application->callActionOnArrayBasedRoute(Array)
#10 C:\\Users\\DELL\\Documents\\boilerplateeeee\\microservice\\vendor\\laravel\\lumen-framework\\src\\Concerns\\RoutesRequests.php(171): Laravel\\Lumen\\Application->handleFoundRoute(Array)
#11 C:\\Users\\DELL\\Documents\\boilerplateeeee\\microservice\\vendor\\laravel\\lumen-framework\\src\\Concerns\\RoutesRequests.php(431): Laravel\\Lumen\\Application->Laravel\\Lumen\\Concerns\\{closure}(Object(Laravel\\Lumen\\Http\\Request))
#12 C:\\Users\\DELL\\Documents\\boilerplateeeee\\microservice\\vendor\\laravel\\lumen-framework\\src\\Concerns\\RoutesRequests.php(177): Laravel\\Lumen\\Application->sendThroughPipeline(Array, Object(Closure))
#13 C:\\Users\\DELL\\Documents\\boilerplateeeee\\microservice\\vendor\\laravel\\lumen-framework\\src\\Concerns\\RoutesRequests.php(112): Laravel\\Lumen\\Application->dispatch(NULL)
#14 C:\\Users\\DELL\\Documents\\boilerplateeeee\\microservice\\public\\index.php(28): Laravel\\Lumen\\Application->run()
#15 {main}
"} 
[2024-07-06 23:56:25] local.ERROR: Class "App\Http\Controllers\API\V1\Response" not found {"exception":"[object] (Error(code: 0): Class \"App\\Http\\Controllers\\API\\V1\\Response\" not found at C:\\Users\\DELL\\Documents\\boilerplateeeee\\microservice\\app\\Http\\Controllers\\API\\V1\\TagController.php:52)
[stacktrace]
#0 C:\\Users\\DELL\\Documents\\boilerplateeeee\\microservice\\vendor\\laravel\\framework\\src\\Illuminate\\Container\\BoundMethod.php(36): App\\Http\\Controllers\\API\\V1\\TagController->index()
#1 C:\\Users\\DELL\\Documents\\boilerplateeeee\\microservice\\vendor\\laravel\\framework\\src\\Illuminate\\Container\\Util.php(41): Illuminate\\Container\\BoundMethod::Illuminate\\Container\\{closure}()
#2 C:\\Users\\DELL\\Documents\\boilerplateeeee\\microservice\\vendor\\laravel\\framework\\src\\Illuminate\\Container\\BoundMethod.php(93): Illuminate\\Container\\Util::unwrapIfClosure(Object(Closure))
#3 C:\\Users\\DELL\\Documents\\boilerplateeeee\\microservice\\vendor\\laravel\\framework\\src\\Illuminate\\Container\\BoundMethod.php(37): Illuminate\\Container\\BoundMethod::callBoundMethod(Object(Laravel\\Lumen\\Application), Array, Object(Closure))
#4 C:\\Users\\DELL\\Documents\\boilerplateeeee\\microservice\\vendor\\laravel\\framework\\src\\Illuminate\\Container\\Container.php(661): Illuminate\\Container\\BoundMethod::call(Object(Laravel\\Lumen\\Application), Array, Array, NULL)
#5 C:\\Users\\DELL\\Documents\\boilerplateeeee\\microservice\\vendor\\laravel\\lumen-framework\\src\\Concerns\\RoutesRequests.php(391): Illuminate\\Container\\Container->call(Array, Array)
#6 C:\\Users\\DELL\\Documents\\boilerplateeeee\\microservice\\vendor\\laravel\\lumen-framework\\src\\Concerns\\RoutesRequests.php(357): Laravel\\Lumen\\Application->callControllerCallable(Array, Array)
#7 C:\\Users\\DELL\\Documents\\boilerplateeeee\\microservice\\vendor\\laravel\\lumen-framework\\src\\Concerns\\RoutesRequests.php(331): Laravel\\Lumen\\Application->callLumenController(Object(App\\Http\\Controllers\\API\\V1\\TagController), 'index', Array)
#8 C:\\Users\\DELL\\Documents\\boilerplateeeee\\microservice\\vendor\\laravel\\lumen-framework\\src\\Concerns\\RoutesRequests.php(284): Laravel\\Lumen\\Application->callControllerAction(Array)
#9 C:\\Users\\DELL\\Documents\\boilerplateeeee\\microservice\\vendor\\laravel\\lumen-framework\\src\\Concerns\\RoutesRequests.php(269): Laravel\\Lumen\\Application->callActionOnArrayBasedRoute(Array)
#10 C:\\Users\\DELL\\Documents\\boilerplateeeee\\microservice\\vendor\\laravel\\lumen-framework\\src\\Concerns\\RoutesRequests.php(171): Laravel\\Lumen\\Application->handleFoundRoute(Array)
#11 C:\\Users\\DELL\\Documents\\boilerplateeeee\\microservice\\vendor\\laravel\\lumen-framework\\src\\Concerns\\RoutesRequests.php(431): Laravel\\Lumen\\Application->Laravel\\Lumen\\Concerns\\{closure}(Object(Laravel\\Lumen\\Http\\Request))
#12 C:\\Users\\DELL\\Documents\\boilerplateeeee\\microservice\\vendor\\laravel\\lumen-framework\\src\\Concerns\\RoutesRequests.php(177): Laravel\\Lumen\\Application->sendThroughPipeline(Array, Object(Closure))
#13 C:\\Users\\DELL\\Documents\\boilerplateeeee\\microservice\\vendor\\laravel\\lumen-framework\\src\\Concerns\\RoutesRequests.php(112): Laravel\\Lumen\\Application->dispatch(NULL)
#14 C:\\Users\\DELL\\Documents\\boilerplateeeee\\microservice\\public\\index.php(28): Laravel\\Lumen\\Application->run()
#15 {main}
"} 
